Process is:[object process]
argv:/usr/local/bin/node,/mnt/d/programs/NetBeansProjects/Orb/src/missionfinder/main.js,-49,2021-10-18,2033-04-02
Horizon command is:java -jar ../../../HorizonsQuery/dist/HorizonsQuery.jar -49 2021-10-18 2033-04-02
Looking at pname, time:Earth 200000000
Looking at pname, time:Venus 200000000
Looking at pname, time:Mercury 200000000
Preliminary analysis gives following periods:
0 coast 0 181
1 encounter 181 183
   Radius is:0.9896014394989643
   Encounter with: Earth
Horizon command is:java -jar ../../../HorizonsQuery/dist/HorizonsQuery.jar 399 JD2459867.5 JD2459871.5 0
Horizon command is:java -jar ../../../HorizonsQuery/dist/HorizonsQuery.jar -49 JD2459867.5 JD2459871.5 399
Earth sucessful encounter
2 coast 183 421
3 manuever 421 422
4 coast 422 575
5 encounter 575 577
   Radius is:0.9816590598236532
   Encounter with: Earth
Horizon command is:java -jar ../../../HorizonsQuery/dist/HorizonsQuery.jar 399 JD2460655.5 JD2460659.5 0
Horizon command is:java -jar ../../../HorizonsQuery/dist/HorizonsQuery.jar -49 JD2460655.5 JD2460659.5 399
Earth sucessful encounter
6 coast 577 998
7 manuever 998 999
8 coast 999 1678
9 manuever 1678 1679
10 coast 1679 2092
 "TBD": {
 "color": 16776960 ,
 "horizonsID": -49 ,
 "orbits":[
   {
    "start": 687830400 ,
    "stop": 695692800 ,
    "interp": 695520000 ,
    "sat":{
      "e": 0.168760410258585,
      "a": 149266721160.4385,
      "per": 31432386.75101547,
      "t0": 680890858.9280463,
      "rot":[ -0.9098015320154068,0.41504077714812637,-0.41504357884735266,-0.9097953905151446,0.003674330098789555,1.4203117629445912 ],
    }
   },
   {
    "start": 695692800 ,
    "stop": 699494400 ,
    "interp": 699321600 ,
    "sat":{
      "e": 0.15682342162213922,
      "a": 150950213534.31732,
      "per": 31965644.664031386,
      "t0": 680657850.8954376,
      "rot":[ -0.9267099586516134,0.3757749411818526,-0.3757773975852259,-0.9267039008804886,0.0036157534015668204,1.4700191469344464 ],
    }
   },
   {
    "start": 699494400 ,
    "stop": 703468800 ,
    "interp": 703296000 ,
    "sat":{
      "e": 0.1554931905169933,
      "a": 151750417632.0921,
      "per": 32220161.455037095,
      "t0": 680160358.5128573,
      "rot":[ -0.9377877082763798,0.34720686187014765,-0.34720917932240153,-0.9377814489999331,0.003653625852506126,1.448018934193952 ],
    }
   },
   {
    "start": 703468800 ,
    "stop": 707270400 ,
    "interp": 707097600 ,
    "sat":{
      "e": 0.1649921598656137,
      "a": 152121441836.67142,
      "per": 32338399.322592687,
      "t0": 679834772.9682705,
      "rot":[ -0.9439436487758688,0.3301043150163847,-0.3301066311598409,-0.9439370257374359,0.00374601782253295,1.4418849203298716 ],
    }
   },
   {
    "start": 707270400 ,
    "stop": 711244800 ,
    "interp": 711072000 ,
    "sat":{
      "e": 0.17033132235806703,
      "a": 150770365723.1463,
      "per": 31908534.060762614,
      "t0": 680478669.4382987,
      "rot":[ -0.9409314949372193,0.3385943856569986,-0.33859699029260387,-0.9409242568821151,0.003922347817211645,1.5074252646659496 ],
    }
   },
   {
    "start": 711244800 ,
    "stop": 715219200 ,
    "interp": 715046400 ,
    "sat":{
      "e": 0.1509100072902621,
      "a": 146941534808.8986,
      "per": 30700802.478283007,
      "t0": 712455812.7781264,
      "rot":[ -0.9221075436821995,0.3869305599067832,-0.3869336866756119,-0.9221000922319289,0.00402016368962934,1.4726833431765018 ],
    }
   },
   {
    "start": 715219200 ,
    "stop": 719193600 ,
    "interp": 719020800 ,
    "sat":{
      "e": 0.1568530775845309,
      "a": 146056186886.0555,
      "per": 30423754.45218153,
      "t0": 712076063.5425864,
      "rot":[ -0.9030261057110569,0.4295824023640173,-0.4295856752783118,-0.9030192257631914,0.0039035216415612343,1.3083422476048712 ],
    }
   },
   {
    "start": 719193600 ,
    "stop": 719539200 ,
    "interp": 719366400 ,
    "planet":"Earth",
    "sat":{
      "e": 1.4771465117843998,
      "a": -14018115.90646634,
      "per": 16517.54329196611,
      "t0": 719235618.0377065,
      "rot":[ -0.34253309273059435,-0.9392919315431472,0.9395057638910014,-0.3424551318938955,0.02133424424436509,3.865967266521653 ],
    },
    "planetOrb":{
      "e": 0.013909836010075463,
      "a": 146848141919.2128,
      "per": 30671675.9693748,
      "t0": 698900949.8084087,
      "rot":[ 0.11195565345051883,0.9937131864128441,-0.993713203927807,0.11195565147721395,0.00018775394747198504,4.0015820540548335 ],
    }
   },
   {
    "start": 719539200 ,
    "stop": 724550400 ,
    "interp": 724377600 ,
    "sat":{
      "e": 0.384278663561231,
      "a": 239869435828.9276,
      "per": 64031730.69403628,
      "t0": 718978945.9750026,
      "rot":[ 0.9618741486614829,0.2734924464059574,-0.2734924535279676,0.961874123613342,0.0002282147010956129,0.616631015187366 ],
    }
   },
   {
    "start": 724550400 ,
    "stop": 729734400 ,
    "interp": 729561600 ,
    "sat":{
      "e": 0.3937527849517355,
      "a": 244617669043.5493,
      "per": 65942378.08580293,
      "t0": 719077840.5069069,
      "rot":[ 0.9659163373067632,-0.2588544481400957,0.2588544558702578,0.9659163084616356,0.0002443888968729581,0.09899092393014795 ],
    }
   },
   {
    "start": 729734400 ,
    "stop": 740102400 ,
    "interp": 739929600 ,
    "sat":{
      "e": 0.38997508505818773,
      "a": 245599633645.1329,
      "per": 66339843.3762325,
      "t0": 719069489.7016978,
      "rot":[ 0.750074840295134,-0.6613529404599577,0.6613529571690363,0.7500748213444977,0.0002247887620035965,5.9353895422257645 ],
    }
   },
   {
    "start": 740102400 ,
    "stop": 760752000 ,
    "interp": 760579200 ,
    "sat":{
      "e": 0.3860286575029753,
      "a": 245441831668.5906,
      "per": 66275916.91684166,
      "t0": 718853217.9712571,
      "rot":[ 0.2770483847075754,-0.9608559546376941,0.9608559686711237,0.2770483806612468,0.00017091011211952984,5.3597557211578355 ],
    }
   },
   {
    "start": 760752000 ,
    "stop": 773971200 ,
    "interp": 773798400 ,
    "sat":{
      "e": 0.44994697300740844,
      "a": 232832571275.43878,
      "per": 61234823.63064467,
      "t0": 722665954.2202135,
      "rot":[ -0.9933162793790883,0.11542429910667637,-0.11542430038984455,-0.9933162683364236,0.00014911047808719544,3.4704596431467634 ],
    }
   },
   {
    "start": 773971200 ,
    "stop": 780537600 ,
    "interp": 780364800 ,
    "sat":{
      "e": 0.4536972530423325,
      "a": 231512238545.36008,
      "per": 60714692.71063892,
      "t0": 723162033.4450939,
      "rot":[ -0.6843110855752238,0.7291901765545232,-0.7291901934055742,-0.6843110697612961,0.0002149849616572648,2.7833643745190644 ],
    }
   },
   {
    "start": 780537600 ,
    "stop": 783820800 ,
    "interp": 783648000 ,
    "sat":{
      "e": 0.4402103400544024,
      "a": 225446854103.0149,
      "per": 58344394.77902819,
      "t0": 725595617.0889429,
      "rot":[ -0.10060332619400532,0.9949265862493459,-0.9949266157655561,-0.10060332320943452,0.00024358456620225555,2.144825340310197 ],
    }
   },
   {
    "start": 783820800 ,
    "stop": 787276800 ,
    "interp": 787104000 ,
    "sat":{
      "e": 0.43600498919656083,
      "a": 223791988507.6479,
      "per": 57703170.05034271,
      "t0": 783823165.4626857,
      "rot":[ 0.5205407380989173,0.8538368148791939,-0.8538368345178335,0.5205407261262411,0.00021447824720230815,1.458917341822729 ],
    }
   },
   {
    "start": 787276800 ,
    "stop": 787622400 ,
    "interp": 787449600 ,
    "planet":"Earth",
    "sat":{
      "e": 2.9140775944497714,
      "a": -3509830.884263851,
      "per": 2069.3801107387167,
      "t0": 787375476.95809,
      "rot":[ 0.17070011611660404,0.887605798475178,-0.9853230284316803,0.15377131001053176,0.4341777639756401,1.921186452986163 ],
    },
    "planetOrb":{
      "e": 0.006861722535292847,
      "a": 147413893155.9166,
      "per": 30849096.407453183,
      "t0": 757470892.7546332,
      "rot":[ 0.9114940335115453,0.4113132917105394,-0.41131329527849425,0.9114940256047512,0.00013171592905780825,2.0424477145090876 ],
    }
   },
   {
    "start": 787622400 ,
    "stop": 805766400 ,
    "interp": 805593600 ,
    "sat":{
      "e": 0.7150297809751783,
      "a": 502040144029.0337,
      "per": 193883360.30592296,
      "t0": 786104258.774488,
      "rot":[ -0.1487375146291827,0.9859552597036111,-0.98887671210416,-0.14829809729449747,0.076810807843796,2.7930717152709184 ],
    }
   },
   {
    "start": 805766400 ,
    "stop": 823910400 ,
    "interp": 823737600 ,
    "sat":{
      "e": 0.7137287370965251,
      "a": 502158554020.6964,
      "per": 193951957.65113303,
      "t0": 786079224.0745711,
      "rot":[ -0.1510351149429788,0.9856060718894182,-0.9885283982031883,-0.150588619028948,0.07683579161865572,2.7986212249422233 ],
    }
   },
   {
    "start": 823910400 ,
    "stop": 860457600 ,
    "interp": 860284800 ,
    "sat":{
      "e": 0.7132210376233373,
      "a": 501974449324.7285,
      "per": 193845305.50048387,
      "t0": 786048881.1398733,
      "rot":[ -0.15172335654523056,0.9854977315073278,-0.9884229980522756,-0.15127432686880302,0.07687847048622469,2.799339424944482 ],
    }
   },
   {
    "start": 860457600 ,
    "stop": 875059200 ,
    "interp": 874886400 ,
    "sat":{
      "e": 0.7262580303058964,
      "a": 494750327245.7281,
      "per": 189675835.20667824,
      "t0": 785703096.8777659,
      "rot":[ -0.2169658169955958,0.9724699327445034,-0.9761792019170628,-0.2161413939645576,0.0870926387415091,2.843447498237585 ],
    }
   },
   {
    "start": 875059200 ,
    "stop": 889747200 ,
    "interp": 889574400 ,
    "sat":{
      "e": 0.7304561792028234,
      "a": 493814982996.42126,
      "per": 189138205.47396755,
      "t0": 786620190.7702672,
      "rot":[ -0.18502791006946487,0.9796046224359017,-0.982733266199596,-0.18443885255319,0.0797313825985535,2.8155709256465737 ],
    }
   },
   {
    "start": 889747200 ,
    "stop": 897004800 ,
    "interp": 896832000 ,
    "sat":{
      "e": 0.7304790641486644,
      "a": 493807258442.9105,
      "per": 189133767.56951162,
      "t0": 786624508.6303179,
      "rot":[ -0.18507121148289013,0.9795955185618634,-0.98272511247055,-0.18448183228744655,0.07974379956698929,2.8156330187698306 ],
    }
   },
   {
    "start": 897004800 ,
    "stop": 900633600 ,
    "interp": 900460800 ,
    "sat":{
      "e": 0.7304966752903179,
      "a": 493799870996.2466,
      "per": 189129523.3718899,
      "t0": 786628920.1230904,
      "rot":[ -0.18508991780030437,0.9795914548126141,-0.9827215894283978,-0.1845003750804011,0.07975081976567612,2.815672813429444 ],
    }
   },
   {
    "start": 900633600 ,
    "stop": 904435200 ,
    "interp": 904262400 ,
    "sat":{
      "e": 0.7256417451603158,
      "a": 496144006696.0171,
      "per": 190477856.06697556,
      "t0": 785248434.7669432,
      "rot":[ 0.08484349347012875,0.9958950490357277,-0.9963942902364427,0.0848009828215151,0.03165192914548336,2.5382509959319632 ],
    }
   },
   {
    "start": 904435200 ,
    "stop": 919123200 ,
    "interp": 918950400 ,
    "sat":{
      "e": 0.7256860113725946,
      "a": 496116255436.4161,
      "per": 190461875.04198092,
      "t0": 785265172.9884019,
      "rot":[ 0.08471595249095415,0.9959055864750955,-0.9964051421954577,0.0846734794678026,0.03166172298709763,2.5384598897738067 ],
    }
   },
   {
    "start": 919123200 ,
    "stop": 948499200 ,
    "interp": 948326400 ,
    "sat":{
      "e": 0.7257938668337556,
      "a": 495944044038.3445,
      "per": 190362714.23368546,
      "t0": 785368993.0394285,
      "rot":[ 0.08433110631388781,0.9959368124996807,-0.9964377875752584,0.0842887074979397,0.03170613972565126,2.5392877047327267 ],
    }
   },
   {
    "start": 948499200 ,
    "stop": 963187200 ,
    "interp": 963014400 ,
    "sat":{
      "e": 0.7255483518475462,
      "a": 495208882120.51056,
      "per": 189939595.302539,
      "t0": 785807699.2441015,
      "rot":[ 0.08439066136942165,0.9959307112404208,-0.9964327454844264,0.08434814269259802,0.03173971065493209,2.5402838701880035 ],
    }
   },
   {
    "start": 963187200 ,
    "stop": 977961600 ,
    "interp": 977788800 ,
    "sat":{
      "e": 0.7236359330822554,
      "a": 492552328821.31024,
      "per": 188413247.4580842,
      "t0": 787351428.0280175,
      "rot":[ 0.08528149860554965,0.9958540126082811,-0.9963568968976888,0.08523845506767741,0.031767772185993574,2.5391901993537727 ],
    }
   },
   {
    "start": 977961600 ,
    "stop": 1000000000000 ,
    "sat":{
      "e": 0.7119387226018684,
      "a": 492263574184.33984,
      "per": 188247588.23389316,
      "t0": 976337140.5782332,
      "rot":[ 0.08341718133035425,0.9790672383664063,-0.9965147133178209,0.08195667185434936,0.18630739839345342,2.7185843442032795 ],
    }
   }
 ]
