Process is:[object process]
argv:/usr/local/bin/node,/mnt/d/programs/NetBeansProjects/Orb/src/missionfinder/main.js_broken.js,-135,2021-11-26,2022-10-16
Horizon command is:java -jar ../../../HorizonsQuery/dist/HorizonsQuery.jar -135 2021-11-26 2022-10-16
Looking at pname, time:Earth 200000000
Looking at pname, time:Venus 200000000
Looking at pname, time:Mercury 200000000
Preliminary analysis gives following periods:
0 coast 0 162
 "TBD": {
 "color": 16776960 ,
 "horizonsID": -135 ,
 "orbits":[
   {
    "start": 691200000 ,
    "stop": 694742400 ,
    "interp": 694569600 ,
    "sat":{
      "e": 0.06012922067892365,
      "a": 150802653063.31848,
      "per": 31918784.38591479,
      "t0": 664933003.8038803,
      "rot":[ 0.47638045572802196,-0.8772722919768049,0.8792392515125573,0.47531473774690547,0.06685226855054295,1.269287117182506 ],
    }
   },
   {
    "start": 694742400 ,
    "stop": 698198400 ,
    "interp": 698025600 ,
    "sat":{
      "e": 0.07232420797713765,
      "a": 152614757169.5051,
      "per": 32495832.304306645,
      "t0": 664437706.04044,
      "rot":[ 0.4829642809374777,-0.8737150437471412,0.875640053525731,0.48190253078138234,0.06627196357759566,1.2984178682123917 ],
    }
   },
   {
    "start": 698198400 ,
    "stop": 701654400 ,
    "interp": 701481600 ,
    "sat":{
      "e": 0.07249826049469997,
      "a": 152983660045.1292,
      "per": 32613727.659605995,
      "t0": 697713006.0338796,
      "rot":[ 0.4881360189229896,-0.8708494049451643,0.8727675675860181,0.4870631968911822,0.06626278096182427,1.479795435249578 ],
    }
   },
   {
    "start": 701654400 ,
    "stop": 705283200 ,
    "interp": 705110400 ,
    "sat":{
      "e": 0.06033704209231362,
      "a": 151689681575.4358,
      "per": 32200819.863486778,
      "t0": 697821361.2386478,
      "rot":[ 0.4912554409374385,-0.8690886455366085,0.8710155519560847,0.4901686598109487,0.06648015597516127,1.5152663566057503 ],
    }
   },
   {
    "start": 705283200 ,
    "stop": 712195200 ,
    "interp": 712022400 ,
    "sat":{
      "e": 0.061874667752998685,
      "a": 149005994381.934,
      "per": 31350067.479219873,
      "t0": 696735572.4718227,
      "rot":[ 0.49095129378227764,-0.869236668056095,0.8711870219037401,0.48985218564503497,0.0668763869053971,1.258415764515604 ],
    }
   },
   {
    "start": 712195200 ,
    "stop": 715651200 ,
    "interp": 715478400 ,
    "sat":{
      "e": 0.07472345064607169,
      "a": 147412122338.69528,
      "per": 30848401.750944965,
      "t0": 697588191.3525057,
      "rot":[ 0.4875270429329098,-0.8711452318374724,0.8731078870386481,0.4864311331367317,0.06701296711944309,1.3579439022764173 ],
    }
   },
   {
    "start": 715651200 ,
    "stop": 1000000000000 ,
    "sat":{
      "e": 0.0721717183864565,
      "a": 147099444746.51523,
      "per": 30750304.452346995,
      "t0": 698458110.1278235,
      "rot":[ 0.4864368652504391,-0.8717523498023635,0.8737157295856165,0.4853437633699057,0.06700202961101015,1.49971569608343 ],
    }
   }
 ]
