Process is:[object process]
argv:/usr/local/bin/node,/mnt/d/programs/NetBeansProjects/Orb/src/missionfinder/main.js_broken.js,-144,2020-02-12,2030-11-01
Horizon command is:java -jar ../../../HorizonsQuery/dist/HorizonsQuery.jar -144 2020-02-12 2030-11-01
Looking at pname, time:Earth 200000000
Looking at pname, time:Venus 200000000
Looking at pname, time:Mercury 200000000
Preliminary analysis gives following periods:
0 coast 0 159
1 manuever 159 160
2 coast 160 272
3 manuever 272 273
4 coast 273 327
5 manuever 327 328
6 coast 328 385
7 encounter 385 388
   Radius is:0.32362433110601324
Unable to identify encounter..
8 coast 388 467
9 manuever 467 468
10 coast 468 485
11 encounter 485 489
   Radius is:0.29668086574174224
Unable to identify encounter..
12 coast 489 575
13 encounter 575 579
   Radius is:0.2985074381748837
Unable to identify encounter..
14 coast 579 665
15 encounter 665 669
   Radius is:0.300355775930085
Unable to identify encounter..
16 coast 669 756
17 encounter 756 759
   Radius is:0.30344263924602316
Unable to identify encounter..
18 coast 759 846
19 encounter 846 849
   Radius is:0.30567336383922533
Unable to identify encounter..
20 coast 849 916
21 manuever 916 917
22 coast 917 938
23 encounter 938 940
   Radius is:0.31259273059903936
Unable to identify encounter..
24 coast 940 1023
25 manuever 1023 1024
26 coast 1024 1253
27 manuever 1253 1254
28 coast 1254 1478
29 manuever 1478 1479
30 coast 1479 1703
31 manuever 1703 1704
32 coast 1704 1928
33 manuever 1928 1929
34 coast 1929 1957
 "TBD": {
 "color": 16776960 ,
 "horizonsID": -144 ,
 "orbits":[
   {
    "start": 634780800 ,
    "stop": 638150400 ,
    "interp": 637977600 ,
    "sat":{
      "e": 0.3116045820907133,
      "a": 113690827365.0966,
      "per": 20893972.096416097,
      "t0": 624688278.7180394,
      "rot":[ -0.7698227996663731,-0.637938249777561,0.6382576729768528,-0.7694375332262373,0.03163339901852505,3.228327316877085 ],
    }
   },
   {
    "start": 638150400 ,
    "stop": 641606400 ,
    "interp": 641433600 ,
    "sat":{
      "e": 0.32145271689441673,
      "a": 113039937374.9637,
      "per": 20714799.41173926,
      "t0": 624760718.1133045,
      "rot":[ -0.7708687868745819,-0.6366738537936102,0.6369939665511052,-0.770481397125242,0.031698905020959026,3.228531208407037 ],
    }
   },
   {
    "start": 641606400 ,
    "stop": 643334400 ,
    "interp": 643161600 ,
    "sat":{
      "e": 0.3229175523569802,
      "a": 111146442309.6956,
      "per": 20196504.876581315,
      "t0": 625331378.2906615,
      "rot":[ -0.7733701490444106,-0.6336354572644398,0.6339547401566031,-0.7729806514316335,0.03173357543063538,3.2722549441175195 ],
    }
   },
   {
    "start": 643334400 ,
    "stop": 645062400 ,
    "interp": 644889600 ,
    "sat":{
      "e": 0.3028524503398354,
      "a": 108087814644.3793,
      "per": 19368588.583162397,
      "t0": 626225636.6599612,
      "rot":[ -0.7758664029891553,-0.6305807325686145,0.6308972378388336,-0.7754771703363493,0.031671722409088915,3.294359372060553 ],
    }
   },
   {
    "start": 645062400 ,
    "stop": 646790400 ,
    "interp": 646617600 ,
    "sat":{
      "e": 0.29472113882543327,
      "a": 107616096051.1866,
      "per": 19241933.959533524,
      "t0": 645450755.5747072,
      "rot":[ -0.7766670655029683,-0.6295988709177734,0.6299113186497032,-0.7762818241905862,0.03149271614834999,3.196989764029835 ],
    }
   },
   {
    "start": 646790400 ,
    "stop": 648518400 ,
    "interp": 648345600 ,
    "sat":{
      "e": 0.32247884410681243,
      "a": 111860024645.1562,
      "per": 20391315.10929462,
      "t0": 645469302.3601713,
      "rot":[ -0.7742695687187982,-0.6325444605339098,0.6328559353881469,-0.7738884938365518,0.03137044078839948,3.203197028851997 ],
    }
   },
   {
    "start": 648518400 ,
    "stop": 651974400 ,
    "interp": 651801600 ,
    "sat":{
      "e": 0.3206527750195604,
      "a": 114114574583.7594,
      "per": 21010894.554836836,
      "t0": 645531191.4962847,
      "rot":[ -0.7710386966574168,-0.6364744807901912,0.6367882915513068,-0.7706587269823176,0.03139047353656926,3.2679744861774975 ],
    }
   },
   {
    "start": 651974400 ,
    "stop": 655430400 ,
    "interp": 655257600 ,
    "sat":{
      "e": 0.3093292352736624,
      "a": 114160047547.07689,
      "per": 21023454.600064915,
      "t0": 645404528.1974969,
      "rot":[ -0.7694824177422871,-0.6383511607987461,0.6386679957422983,-0.7691006874536003,0.03149488951072487,3.2611176945793505 ],
    }
   },
   {
    "start": 655430400 ,
    "stop": 658886400 ,
    "interp": 658713600 ,
    "sat":{
      "e": 0.3100373552336468,
      "a": 113960916864.2023,
      "per": 20968471.41426353,
      "t0": 645249481.0859356,
      "rot":[ -0.7695265992737395,-0.6382958507191067,0.63861476103375,-0.7691423144358763,0.03159916294770339,3.2313586580799907 ],
    }
   },
   {
    "start": 658886400 ,
    "stop": 662428800 ,
    "interp": 662256000 ,
    "sat":{
      "e": 0.3205053525592154,
      "a": 113493844896.89981,
      "per": 20839693.80031724,
      "t0": 645247343.8336143,
      "rot":[ -0.770949236810554,-0.6365766455345948,0.6368965962079121,-0.7705619436001969,0.03169330268384183,3.224087522123497 ],
    }
   },
   {
    "start": 662428800 ,
    "stop": 664934400 ,
    "interp": 664761600 ,
    "sat":{
      "e": 0.32474445937957325,
      "a": 106675727834.5791,
      "per": 18990276.663884804,
      "t0": 647296229.1253752,
      "rot":[ 0.4774778143431232,-0.8737634725813654,0.8786438054240832,0.47482571500022386,0.10525176652712172,4.779595934877067 ],
    }
   },
   {
    "start": 664934400 ,
    "stop": 666144000 ,
    "interp": 665971200 ,
    "sat":{
      "e": 0.2977553960701834,
      "a": 103003142354.6811,
      "per": 18018082.911037475,
      "t0": 648314389.0822505,
      "rot":[ 0.472656703348488,-0.8762685504000736,0.8812466401523125,0.46998670452629737,0.10614106249828288,4.787585101877179 ],
    }
   },
   {
    "start": 666144000 ,
    "stop": 667353600 ,
    "interp": 667180800 ,
    "sat":{
      "e": 0.29385738224224,
      "a": 102838744694.2317,
      "per": 17974963.618209932,
      "t0": 666203648.7705595,
      "rot":[ 0.4647940600311508,-0.8804022898225066,0.8854188171479974,0.4621606711108853,0.10629826975836948,4.689782635066044 ],
    }
   },
   {
    "start": 667353600 ,
    "stop": 669772800 ,
    "interp": 669600000 ,
    "sat":{
      "e": 0.3262756793225,
      "a": 107617368548.711,
      "per": 19242275.24749982,
      "t0": 666227825.9020005,
      "rot":[ 0.45699102124028096,-0.8845152518744801,0.8894713072976357,0.4544447077048479,0.10541715629099596,4.685233917261808 ],
    }
   },
   {
    "start": 669772800 ,
    "stop": 672192000 ,
    "interp": 672019200 ,
    "sat":{
      "e": 0.3227680231207775,
      "a": 109670918935.5477,
      "per": 19795664.903150678,
      "t0": 666277285.6396842,
      "rot":[ 0.458173862863886,-0.8840039506900872,0.8888625942114928,0.45566942237445834,0.1044145233061254,4.744114651529621 ],
    }
   },
   {
    "start": 672192000 ,
    "stop": 677030400 ,
    "interp": 676857600 ,
    "sat":{
      "e": 0.3105807718231056,
      "a": 109811318811.68271,
      "per": 19833690.45609887,
      "t0": 666127632.0968815,
      "rot":[ 0.4646196598417921,-0.88072101078673,0.8855103453311528,0.4621067372106442,0.10386464549274384,4.7383676265147265 ],
    }
   },
   {
    "start": 677030400 ,
    "stop": 681955200 ,
    "interp": 681782400 ,
    "sat":{
      "e": 0.3175103931905273,
      "a": 109577567904.6973,
      "per": 19770395.408995453,
      "t0": 665922796.2089082,
      "rot":[ 0.475006827565144,-0.8752025228786059,0.8799821099127513,0.47242684730351575,0.10408370618777871,4.7120108968519565 ],
    }
   },
   {
    "start": 681955200 ,
    "stop": 684288000 ,
    "interp": 684115200 ,
    "sat":{
      "e": 0.34899958383711976,
      "a": 132794078794.5171,
      "per": 26375514.235296853,
      "t0": 658458212.6354665,
      "rot":[ 0.434506848388692,-0.8969517007293776,0.9006685287625665,0.4327137500588075,0.09075492861944699,4.144510024874553 ],
    }
   },
   {
    "start": 684288000 ,
    "stop": 686707200 ,
    "interp": 686534400 ,
    "sat":{
      "e": 0.3226171444443898,
      "a": 127678303493.0152,
      "per": 24866148.61989037,
      "t0": 684754451.5813172,
      "rot":[ 0.42840390960240776,-0.8997974052101465,0.90358734510692,0.4266070439449502,0.09149349503455859,4.091196337296442 ],
    }
   },
   {
    "start": 686707200 ,
    "stop": 688953600 ,
    "interp": 688780800 ,
    "sat":{
      "e": 0.3443238946601462,
      "a": 130383885967.453,
      "per": 25660714.858716134,
      "t0": 684707807.9317491,
      "rot":[ 0.42070559304262467,-0.9034049815522351,0.9071972244130013,0.4189469701778638,0.09133934248391348,4.042784230666358 ],
    }
   },
   {
    "start": 688953600 ,
    "stop": 691459200 ,
    "interp": 691286400 ,
    "sat":{
      "e": 0.3542379408578744,
      "a": 133095209890.3434,
      "per": 26465280.909168318,
      "t0": 684795877.0964396,
      "rot":[ 0.41778697997125086,-0.9047847509813371,0.9085450122952091,0.41605785461481243,0.0908868307564926,4.075132885895604 ],
    }
   },
   {
    "start": 691459200 ,
    "stop": 696384000 ,
    "interp": 696211200 ,
    "sat":{
      "e": 0.5153657977573042,
      "a": 100383001871.76689,
      "per": 17334971.74124553,
      "t0": 684362001.693529,
      "rot":[ 0.42010397033165736,-0.9062293546119119,0.9074759799088779,0.41952686168265063,0.05239817903690845,3.382482882969198 ],
    }
   },
   {
    "start": 696384000 ,
    "stop": 698803200 ,
    "interp": 698630400 ,
    "sat":{
      "e": 0.5098280533414906,
      "a": 101473609835.8546,
      "per": 17618240.55063616,
      "t0": 684072049.0317171,
      "rot":[ 0.42398020601113273,-0.9044411737611135,0.9056714552809741,0.4234042631466418,0.05210559619530969,3.36632183834314 ],
    }
   },
   {
    "start": 698803200 ,
    "stop": 700012800 ,
    "interp": 699840000 ,
    "sat":{
      "e": 0.5168335722882601,
      "a": 103347927402.10579,
      "per": 18108627.15902814,
      "t0": 683540403.6773965,
      "rot":[ 0.42875210990591833,-0.9021999980679524,0.9034221760900178,0.4281720805248497,0.05199839367911482,3.3490534920118575 ],
    }
   },
   {
    "start": 700012800 ,
    "stop": 701395200 ,
    "interp": 701222400 ,
    "sat":{
      "e": 0.5413274250604974,
      "a": 106729260881.4421,
      "per": 19004573.28395247,
      "t0": 682618778.476505,
      "rot":[ 0.4365267549647791,-0.8984683194125636,0.8996912760496901,0.43593338109701024,0.05212260792873318,3.36905328782898 ],
    }
   },
   {
    "start": 701395200 ,
    "stop": 701913600 ,
    "interp": 701740800 ,
    "sat":{
      "e": 0.5229402724739384,
      "a": 100865944802.4213,
      "per": 17460219.98593798,
      "t0": 684210437.4900082,
      "rot":[ 0.4405162241460243,-0.8965005032634716,0.8977446498109191,0.43990573124085214,0.05262884446568327,3.4419348239360494 ],
    }
   },
   {
    "start": 701913600 ,
    "stop": 702604800 ,
    "interp": 702432000 ,
    "sat":{
      "e": 0.4856863300708039,
      "a": 93033630360.96127,
      "per": 15466527.652641168,
      "t0": 701637485.7991226,
      "rot":[ 0.4364145218662902,-0.8984772317597538,0.8997457224706419,0.435799250514331,0.053081797826345395,3.3931403014636623 ],
    }
   },
   {
    "start": 702604800 ,
    "stop": 703468800 ,
    "interp": 703296000 ,
    "sat":{
      "e": 0.49918166806446956,
      "a": 93655988337.6904,
      "per": 15621984.291873397,
      "t0": 701615945.4168574,
      "rot":[ 0.43034839641556133,-0.9013846671848148,0.9026628704574897,0.42973900752111177,0.053198375716656,3.3383588125437984 ],
    }
   },
   {
    "start": 703468800 ,
    "stop": 705196800 ,
    "interp": 705024000 ,
    "sat":{
      "e": 0.5228598349613816,
      "a": 97211709283.34404,
      "per": 16520026.477174977,
      "t0": 701660468.9229113,
      "rot":[ 0.4238541063027665,-0.9044546580843816,0.9057304767811908,0.4232570622511385,0.053058747855563027,3.3445056201063745 ],
    }
   },
   {
    "start": 705196800 ,
    "stop": 708652800 ,
    "interp": 708480000 ,
    "sat":{
      "e": 0.5258053540749732,
      "a": 99247651066.85036,
      "per": 17041712.145474076,
      "t0": 701701155.4001757,
      "rot":[ 0.42055863430538526,-0.9060017567003578,0.9072653609122246,0.4199728964556442,0.05275967303274827,3.3724002649062825 ],
    }
   },
   {
    "start": 708652800 ,
    "stop": 715651200 ,
    "interp": 715478400 ,
    "sat":{
      "e": 0.5141482114051898,
      "a": 100295897883.2251,
      "per": 17312413.874575455,
      "t0": 701633750.4193726,
      "rot":[ 0.42128830441169696,-0.9056829684730628,0.9069267691307371,0.42071053045250506,0.05235465771249961,3.383220508666402 ],
    }
   },
   {
    "start": 715651200 ,
    "stop": 717120000 ,
    "interp": 716947200 ,
    "sat":{
      "e": 0.5251693021817005,
      "a": 95602360248.9521,
      "per": 16111493.165379066,
      "t0": 702855525.7036749,
      "rot":[ 0.9953096424065865,0.09651370093278996,-0.09674045551098534,0.9929766885565596,0.06842807549175317,4.706213066851425 ],
    }
   },
   {
    "start": 717120000 ,
    "stop": 717811200 ,
    "interp": 717638400 ,
    "sat":{
      "e": 0.5386030848518523,
      "a": 98056515268.27739,
      "per": 16735841.445609283,
      "t0": 702197892.2136878,
      "rot":[ 0.9953957456333415,0.0956270370728213,-0.09585045422450517,0.9930755846691927,0.06823747441556022,4.6893270896099075 ],
    }
   },
   {
    "start": 717811200 ,
    "stop": 718675200 ,
    "interp": 718502400 ,
    "sat":{
      "e": 0.5575385478583242,
      "a": 100590261382.8338,
      "per": 17388686.387914654,
      "t0": 701536801.6333637,
      "rot":[ 0.9953341482232277,0.09626462626823026,-0.09648799604480238,0.9930299489920613,0.06800472141154687,4.705901305802343 ],
    }
   },
   {
    "start": 718675200 ,
    "stop": 719366400 ,
    "interp": 719193600 ,
    "sat":{
      "e": 0.5282614010560934,
      "a": 92560201235.75572,
      "per": 15348618.978898795,
      "t0": 703623402.7396743,
      "rot":[ 0.9946960457549542,0.10262178661465993,-0.10285804081090674,0.9924113326401891,0.06773858397796105,4.7904638836729765 ],
    }
   },
   {
    "start": 719366400 ,
    "stop": 720230400 ,
    "interp": 720057600 ,
    "sat":{
      "e": 0.4988610708950286,
      "a": 85957074942.6879,
      "per": 13735842.815846283,
      "t0": 718926727.9244564,
      "rot":[ 0.9940920747521348,0.10828917379641359,-0.10854007054998663,0.9917941724839293,0.0679542071207364,4.722820088359303 ],
    }
   },
   {
    "start": 720230400 ,
    "stop": 721094400 ,
    "interp": 720921600 ,
    "sat":{
      "e": 0.5247359180715748,
      "a": 88500380661.76865,
      "per": 14349956.281189179,
      "t0": 718935425.6909,
      "rot":[ 0.9939761805630956,0.10934045517028594,-0.1095963159654577,0.9916556688405956,0.06829128289515239,4.697378563240969 ],
    }
   },
   {
    "start": 721094400 ,
    "stop": 722995200 ,
    "interp": 722822400 ,
    "sat":{
      "e": 0.5395181237424,
      "a": 91250924160.16994,
      "per": 15024110.78013867,
      "t0": 718978975.1677638,
      "rot":[ 0.9941709694343348,0.10756138855386517,-0.10781504317114057,0.99183200031332,0.06855531231671898,4.720992686017611 ],
    }
   },
   {
    "start": 722995200 ,
    "stop": 726796800 ,
    "interp": 726624000 ,
    "sat":{
      "e": 0.5372456004820895,
      "a": 92754413717.17595,
      "per": 15396951.681958381,
      "t0": 719004499.1849169,
      "rot":[ 0.9948662118796106,0.10095911522676769,-0.10119891531194337,0.9925087854031335,0.06880092986453763,4.7426065806888555 ],
    }
   },
   {
    "start": 726796800 ,
    "stop": 730425600 ,
    "interp": 730252800 ,
    "sat":{
      "e": 0.527489978556511,
      "a": 93424505073.76332,
      "per": 15564102.368490705,
      "t0": 718944007.2201208,
      "rot":[ 0.9953271354877106,0.09633154585042084,-0.09656030945387772,0.9929690794352769,0.06879418986750988,4.741360769213174 ],
    }
   },
   {
    "start": 730425600 ,
    "stop": 732326400 ,
    "interp": 732153600 ,
    "sat":{
      "e": 0.5221227135369699,
      "a": 94533788276.81712,
      "per": 15842125.98237101,
      "t0": 718666858.897682,
      "rot":[ 0.9957325005863916,0.09206897535371754,-0.0922864414525315,0.9933861314019631,0.06860974942060477,4.715977034066367 ],
    }
   },
   {
    "start": 732326400 ,
    "stop": 733190400 ,
    "interp": 733017600 ,
    "sat":{
      "e": 0.5299335791186396,
      "a": 96742975466.27316,
      "per": 16400686.637665138,
      "t0": 718074679.8920705,
      "rot":[ 0.9959423066949227,0.08978372923534461,-0.08999400944060944,0.9936151856566946,0.06832089575676356,4.687726444157648 ],
    }
   },
   {
    "start": 733190400 ,
    "stop": 734227200 ,
    "interp": 734054400 ,
    "sat":{
      "e": 0.5573083346167378,
      "a": 101081573352.4749,
      "per": 17516238.893229097,
      "t0": 716935959.976897,
      "rot":[ 0.9958708944020652,0.09057180609205323,-0.0907808442504846,0.9935777342148037,0.0678235505838543,4.693704716072315 ],
    }
   },
   {
    "start": 734227200 ,
    "stop": 734918400 ,
    "interp": 734745600 ,
    "sat":{
      "e": 0.5346715240955443,
      "a": 94345531118.61424,
      "per": 15794826.88899596,
      "t0": 718706022.014783,
      "rot":[ 0.9948959398784446,0.1006766077169649,-0.10090623773278998,0.9926318779576784,0.0674253329307097,4.786413231966457 ],
    }
   },
   {
    "start": 734918400 ,
    "stop": 735782400 ,
    "interp": 735609600 ,
    "sat":{
      "e": 0.5012908956567103,
      "a": 86969073863.52692,
      "per": 13979129.811593084,
      "t0": 734461238.1887519,
      "rot":[ 0.9939971398020928,0.1091545581254158,-0.10940606045945855,0.9917121420639219,0.0677665826453762,4.732695296598687 ],
    }
   },
   {
    "start": 735782400 ,
    "stop": 736646400 ,
    "interp": 736473600 ,
    "sat":{
      "e": 0.522788375825595,
      "a": 88657155738.38388,
      "per": 14388103.770037662,
      "t0": 734464954.993501,
      "rot":[ 0.9938352908605648,0.11060799381670335,-0.11086665251596875,0.9915166121796058,0.06826916929127681,4.702134013791424 ],
    }
   },
   {
    "start": 736646400 ,
    "stop": 738547200 ,
    "interp": 738374400 ,
    "sat":{
      "e": 0.5380177149272597,
      "a": 91107182680.02773,
      "per": 14988625.048007244,
      "t0": 734508659.9076691,
      "rot":[ 0.9941284333286442,0.10795122129611444,-0.1082065527014673,0.9917826215118373,0.06865686773939811,4.719551699537955 ],
    }
   },
   {
    "start": 738547200 ,
    "stop": 742348800 ,
    "interp": 742176000 ,
    "sat":{
      "e": 0.5375608480977649,
      "a": 92569719146.63028,
      "per": 15350986.473907106,
      "t0": 734545842.5761293,
      "rot":[ 0.9947528378655874,0.10206417465575097,-0.10230733873168736,0.9923885093862879,0.0689053748984944,4.741507014962518 ],
    }
   },
   {
    "start": 742348800 ,
    "stop": 745977600 ,
    "interp": 745804800 ,
    "sat":{
      "e": 0.5283878348727322,
      "a": 93201474377.52858,
      "per": 15508401.778491875,
      "t0": 734511230.5840572,
      "rot":[ 0.9954036608503076,0.09554066233711243,-0.09576822002003443,0.993038452949526,0.06889566607412863,4.741274266415821 ],
    }
   },
   {
    "start": 745977600 ,
    "stop": 747878400 ,
    "interp": 747705600 ,
    "sat":{
      "e": 0.5217733914102195,
      "a": 94203147682.4622,
      "per": 15759084.766643614,
      "t0": 734274353.616602,
      "rot":[ 0.9959443987067277,0.08975863186403159,-0.08997085464023709,0.9935951703251031,0.06864419503881374,4.716872380050722 ],
    }
   },
   {
    "start": 747878400 ,
    "stop": 748742400 ,
    "interp": 748569600 ,
    "sat":{
      "e": 0.5278624555633179,
      "a": 96362494795.89398,
      "per": 16304028.383365864,
      "t0": 733700574.7315427,
      "rot":[ 0.9962137181269588,0.0867353125814966,-0.08693806885168504,0.9938903564458687,0.06825646427477988,4.686279238792601 ],
    }
   },
   {
    "start": 748742400 ,
    "stop": 749779200 ,
    "interp": 749606400 ,
    "sat":{
      "e": 0.5562714543311387,
      "a": 101265700317.0833,
      "per": 17564121.21364454,
      "t0": 732414730.3179811,
      "rot":[ 0.9961084553949847,0.08793435123586535,-0.08813594664277347,0.9938300332864224,0.06759744677601344,4.685712570110216 ],
    }
   },
   {
    "start": 749779200 ,
    "stop": 750470400 ,
    "interp": 750297600 ,
    "sat":{
      "e": 0.5405574451582288,
      "a": 96027208979.90057,
      "per": 16219009.544285249,
      "t0": 750028525.7289296,
      "rot":[ 0.9948211246958402,0.1014120890294025,-0.10164118190430303,0.9925788600232104,0.06710286755211421,4.784025281484687 ],
    }
   },
   {
    "start": 750470400 ,
    "stop": 751334400 ,
    "interp": 751161600 ,
    "sat":{
      "e": 0.504424161825692,
      "a": 88111776166.8279,
      "per": 14255544.28931118,
      "t0": 749995038.4286917,
      "rot":[ 0.9936708888001148,0.1120739584761135,-0.11233060469520308,0.991400609232744,0.06755930612756879,4.744156048669263 ],
    }
   },
   {
    "start": 751334400 ,
    "stop": 752198400 ,
    "interp": 752025600 ,
    "sat":{
      "e": 0.5212281745541738,
      "a": 88962256411.9398,
      "per": 14462439.473956892,
      "t0": 749993933.2545786,
      "rot":[ 0.9934793789453832,0.11374652556163073,-0.11401194503338527,0.9911665618815089,0.06819512101790237,4.709843541347383 ],
    }
   },
   {
    "start": 752198400 ,
    "stop": 754099200 ,
    "interp": 753926400 ,
    "sat":{
      "e": 0.5363495172529883,
      "a": 91051930223.78714,
      "per": 14974992.21326995,
      "t0": 750036247.642263,
      "rot":[ 0.9938644278938821,0.11034397743739961,-0.11060514891797042,0.9915176199318747,0.06868053587389272,4.720841474189325 ],
    }
   },
   {
    "start": 754099200 ,
    "stop": 757900800 ,
    "interp": 757728000 ,
    "sat":{
      "e": 0.5376529976541484,
      "a": 92422085987.68628,
      "per": 15314277.7508692,
      "t0": 750083522.7110621,
      "rot":[ 0.9946452084887967,0.10310227656487761,-0.10334848441210036,0.9922756579634503,0.0689850649078577,4.740135136263731 ],
    }
   },
   {
    "start": 757900800 ,
    "stop": 761702400 ,
    "interp": 761529600 ,
    "sat":{
      "e": 0.5288567282755481,
      "a": 93020307477.78175,
      "per": 15463205.444914164,
      "t0": 750071452.9371957,
      "rot":[ 0.9954739991686882,0.0948080373216787,-0.09503429370021459,0.9931039879526419,0.06896307107264077,4.740518336767659 ],
    }
   },
   {
    "start": 761702400 ,
    "stop": 763603200 ,
    "interp": 763430400 ,
    "sat":{
      "e": 0.5215877496691279,
      "a": 93975447428.96474,
      "per": 15701981.923840156,
      "t0": 749853985.4051777,
      "rot":[ 0.996122882269978,0.08776532759018778,-0.0879727424726066,0.9937743058280755,0.06862853888080306,4.7157938894085865 ],
    }
   },
   {
    "start": 763603200 ,
    "stop": 764467200 ,
    "interp": 764294400 ,
    "sat":{
      "e": 0.5283286383270787,
      "a": 96407235329.68372,
      "per": 16315384.496515324,
      "t0": 749212824.6620607,
      "rot":[ 0.996415438144373,0.08439835007285533,-0.08459476714051074,0.9941019026250679,0.06810525458582259,4.6823350643947865 ],
    }
   },
   {
    "start": 764467200 ,
    "stop": 765504000 ,
    "interp": 765331200 ,
    "sat":{
      "e": 0.5608528373428534,
      "a": 102117069493.1208,
      "per": 17786085.8640663,
      "t0": 747724017.3028762,
      "rot":[ 0.9960976119156278,0.08805864372813674,-0.08825841340055547,0.9938429816094342,0.0672443541900066,4.692575513866682 ],
    }
   },
   {
    "start": 765504000 ,
    "stop": 766022400 ,
    "interp": 765849600 ,
    "sat":{
      "e": 0.5455772403805337,
      "a": 97506351273.98268,
      "per": 16595189.951629408,
      "t0": 765555763.9581808,
      "rot":[ 0.9947150395066894,0.10244441003670011,-0.10267419431972905,0.9924888727109766,0.0668653901291794,4.780966493490538 ],
    }
   },
   {
    "start": 766022400 ,
    "stop": 766886400 ,
    "interp": 766713600 ,
    "sat":{
      "e": 0.5080900070815447,
      "a": 89341214402.11539,
      "per": 14554947.628309404,
      "t0": 765528634.8110821,
      "rot":[ 0.993390415710655,0.11452337502655058,-0.1147845023259326,0.9911305169331186,0.06741435289622853,4.754308513869108 ],
    }
   },
   {
    "start": 766886400 ,
    "stop": 767750400 ,
    "interp": 767577600 ,
    "sat":{
      "e": 0.5201190268461308,
      "a": 89409216866.69067,
      "per": 14571568.635237157,
      "t0": 765523126.7381501,
      "rot":[ 0.9931875138053428,0.11625624221929164,-0.11652708878695199,0.990879025436178,0.06814134644765628,4.717852462105625 ],
    }
   },
   {
    "start": 767750400 ,
    "stop": 769651200 ,
    "interp": 769478400 ,
    "sat":{
      "e": 0.5345910307702243,
      "a": 91097765288.81439,
      "per": 14986301.135215988,
      "t0": 765562536.8384862,
      "rot":[ 0.9936284979953751,0.11243883128971321,-0.11270495983520357,0.9912822578004811,0.06868037993622292,4.722689083693575 ],
    }
   },
   {
    "start": 769651200 ,
    "stop": 773452800 ,
    "interp": 773280000 ,
    "sat":{
      "e": 0.5374812752252749,
      "a": 92319294985.44574,
      "per": 15288736.255572205,
      "t0": 765617146.7087225,
      "rot":[ 0.9944363060959189,0.10508875248317741,-0.10533960849701245,0.9920681529261914,0.06897198018865604,4.739460871661916 ],
    }
   },
   {
    "start": 773452800 ,
    "stop": 777254400 ,
    "interp": 777081600 ,
    "sat":{
      "e": 0.5298808355316152,
      "a": 92828280008.38327,
      "per": 15415347.714077767,
      "t0": 765631745.4297024,
      "rot":[ 0.9953946181201337,0.09563404969930914,-0.09586216259543201,0.9930259844175667,0.06894579617085095,4.7408456114018644 ],
    }
   },
   {
    "start": 777254400 ,
    "stop": 779155200 ,
    "interp": 778982400 ,
    "sat":{
      "e": 0.5218866737251143,
      "a": 93595122667.66666,
      "per": 15606758.014465017,
      "t0": 765471604.0760198,
      "rot":[ 0.9961218232558564,0.08777764541541203,-0.08798473295650973,0.9937772753771491,0.06856975943734941,4.718991195113733 ],
    }
   },
   {
    "start": 779155200 ,
    "stop": 780019200 ,
    "interp": 779846400 ,
    "sat":{
      "e": 0.5264204272095225,
      "a": 95803937823.68433,
      "per": 16162476.640998218,
      "t0": 764894058.6757417,
      "rot":[ 0.996440696686196,0.08410169070650686,-0.0842967258410928,0.9941352578515792,0.06798525367078584,4.685340368480438 ],
    }
   },
   {
    "start": 780019200 ,
    "stop": 781056000 ,
    "interp": 780883200 ,
    "sat":{
      "e": 0.5589663324837997,
      "a": 101862405942.1225,
      "per": 17719593.905017957,
      "t0": 763316687.9182885,
      "rot":[ 0.996061909826525,0.08846099448754183,-0.08866042968954929,0.9938213408501081,0.0670357734733361,4.688921185233213 ],
    }
   },
   {
    "start": 781056000 ,
    "stop": 781574400 ,
    "interp": 781401600 ,
    "sat":{
      "e": 0.5495342653640974,
      "a": 98671688961.85654,
      "per": 16893580.78715871,
      "t0": 781081326.9679407,
      "rot":[ 0.9945045324082532,0.1044606910959609,-0.10469352902372585,0.9922927588952378,0.06665616745531958,4.778108878071013 ],
    }
   },
   {
    "start": 781574400 ,
    "stop": 782956800 ,
    "interp": 782784000 ,
    "sat":{
      "e": 0.5123625104597869,
      "a": 89737308092.77368,
      "per": 14651848.730846412,
      "t0": 781049088.3969592,
      "rot":[ 0.9928699574811624,0.11892961461416311,-0.11920254834253667,0.9905966193432332,0.06763197848269756,4.741531876917415 ],
    }
   },
   {
    "start": 782956800 ,
    "stop": 784339200 ,
    "interp": 784166400 ,
    "sat":{
      "e": 0.5294962094570193,
      "a": 90811457097.14487,
      "per": 14915706.740494946,
      "t0": 781072480.8958917,
      "rot":[ 0.9931810957435665,0.11630814743241757,-0.11658177841158819,0.9908499843175373,0.06847425369272175,4.723086976575684 ],
    }
   },
   {
    "start": 784339200 ,
    "stop": 787276800 ,
    "interp": 787104000 ,
    "sat":{
      "e": 0.5370174913420573,
      "a": 91946708996.43135,
      "per": 15196275.340907162,
      "t0": 781121675.8066969,
      "rot":[ 0.9939496176692705,0.10957596552425679,-0.10983695887592268,0.9915878057185629,0.06889652625258182,4.732767132461779 ],
    }
   },
   {
    "start": 787276800 ,
    "stop": 793238400 ,
    "interp": 793065600 ,
    "sat":{
      "e": 0.5324602023305897,
      "a": 92625477429.82823,
      "per": 15364858.291897705,
      "t0": 781181423.3826009,
      "rot":[ 0.9951593881934686,0.0980398633287804,-0.09827406621485317,0.9927877635136902,0.06899740441465409,4.741507118877402 ],
    }
   },
   {
    "start": 793238400 ,
    "stop": 795052800 ,
    "interp": 794880000 ,
    "sat":{
      "e": 0.49931958975382523,
      "a": 89626007200.37419,
      "per": 14624598.224150674,
      "t0": 782144906.7247255,
      "rot":[ 0.802139457243544,0.583451901537185,-0.5971367440821513,0.7837564783358308,0.21286066160580053,5.331273710609231 ],
    }
   },
   {
    "start": 795052800 ,
    "stop": 795916800 ,
    "interp": 795744000 ,
    "sat":{
      "e": 0.505341114152571,
      "a": 91811282958.9376,
      "per": 15162714.378150333,
      "t0": 781583494.9347075,
      "rot":[ 0.8002188387425514,0.5862246015572817,-0.5997081040985878,0.7822271646730404,0.2108586715707523,5.303854483626037 ],
    }
   },
   {
    "start": 795916800 ,
    "stop": 796953600 ,
    "interp": 796780800 ,
    "sat":{
      "e": 0.538944929889559,
      "a": 97288131737.14757,
      "per": 16539510.998085318,
      "t0": 780200195.2874775,
      "rot":[ 0.7906011019381732,0.5987722406047387,-0.6123315259025507,0.7730942687204265,0.20927746068989353,5.335323243491736 ],
    }
   },
   {
    "start": 796953600 ,
    "stop": 797299200 ,
    "interp": 797126400 ,
    "sat":{
      "e": 0.5150149541568386,
      "a": 92101608995.67691,
      "per": 15234692.607409049,
      "t0": 796778588.0371474,
      "rot":[ 0.7813110153726059,0.6100556931455968,-0.6241418887219696,0.7636776855683063,0.211254452794919,5.410945950563747 ],
    }
   },
   {
    "start": 797299200 ,
    "stop": 799027200 ,
    "interp": 798854400 ,
    "sat":{
      "e": 0.4936262795231308,
      "a": 86639908434.83395,
      "per": 13899841.462018186,
      "t0": 796744324.0408671,
      "rot":[ 0.7819788069100785,0.6087163420633155,-0.6233050180637809,0.7636763143540594,0.21508812565936017,5.352634108968184 ],
    }
   },
   {
    "start": 799027200 ,
    "stop": 800755200 ,
    "interp": 800582400 ,
    "sat":{
      "e": 0.5100957142354893,
      "a": 87591671187.76375,
      "per": 14129509.591275,
      "t0": 796779374.8572202,
      "rot":[ 0.7888701200920177,0.599966321796567,-0.6145599512057432,0.7701372394967101,0.21663112668839934,5.334400796246824 ],
    }
   },
   {
    "start": 800755200 ,
    "stop": 804384000 ,
    "interp": 804211200 ,
    "sat":{
      "e": 0.5144888330411248,
      "a": 88367501038.07361,
      "per": 14317649.625910675,
      "t0": 796836236.3668795,
      "rot":[ 0.7948668915678629,0.5923977171320705,-0.6067838368721131,0.776021547337145,0.21646131942029437,5.343795042214625 ],
    }
   },
   {
    "start": 804384000 ,
    "stop": 808012800 ,
    "interp": 807840000 ,
    "sat":{
      "e": 0.5086404000148512,
      "a": 88717159564.80745,
      "per": 14402713.205730863,
      "t0": 796884400.041032,
      "rot":[ 0.7998160283940944,0.5861936878016842,-0.6002452171603679,0.7810926165563575,0.21510761200525805,5.349849922834532 ],
    }
   },
   {
    "start": 808012800 ,
    "stop": 809740800 ,
    "interp": 809568000 ,
    "sat":{
      "e": 0.4996621751806007,
      "a": 89359019222.85754,
      "per": 14559298.830822589,
      "t0": 796764531.2881193,
      "rot":[ 0.8015716886666057,0.5842004834582277,-0.5978986769747582,0.7832072323940409,0.2128291010478589,5.333775192437503 ],
    }
   },
   {
    "start": 809740800 ,
    "stop": 810604800 ,
    "interp": 810432000 ,
    "sat":{
      "e": 0.5054368735699689,
      "a": 91564375270.69713,
      "per": 15101589.985844044,
      "t0": 796200974.6609117,
      "rot":[ 0.7992796189062807,0.5874435128727623,-0.6009593087730905,0.7813035262844952,0.2108907750450974,5.306453401295723 ],
    }
   },
   {
    "start": 810604800 ,
    "stop": 811728000 ,
    "interp": 811555200 ,
    "sat":{
      "e": 0.5386656901162549,
      "a": 97076954410.18193,
      "per": 16485688.292450013,
      "t0": 794817758.2759652,
      "rot":[ 0.7890926491970993,0.6006082728656803,-0.6142741985327916,0.7715374897680551,0.20976082677114116,5.34517311629243 ],
    }
   },
   {
    "start": 811728000 ,
    "stop": 813024000 ,
    "interp": 812851200 ,
    "sat":{
      "e": 0.4948221337096759,
      "a": 88083665821.2843,
      "per": 14248722.90293447,
      "t0": 811314023.9739132,
      "rot":[ 0.781589166738663,0.6093360654702743,-0.6237935351033727,0.76347451660557,0.21404724200768602,5.379317116695542 ],
    }
   },
   {
    "start": 813024000 ,
    "stop": 814233600 ,
    "interp": 814060800 ,
    "sat":{
      "e": 0.5023666684850892,
      "a": 87382965344.25735,
      "per": 14079039.828393115,
      "t0": 811311904.483207,
      "rot":[ 0.7862675226363333,0.6032919275460319,-0.6178862216033977,0.767696110891087,0.2160590925661147,5.3382780959778025 ],
    }
   },
   {
    "start": 814233600 ,
    "stop": 816652800 ,
    "interp": 816480000 ,
    "sat":{
      "e": 0.5121460651218016,
      "a": 88094667230.3026,
      "per": 14251392.426080678,
      "t0": 811355439.6997958,
      "rot":[ 0.7918286238372901,0.5962554158301122,-0.6107433425522895,0.7730450296834253,0.21651988632689587,5.3366259328166405 ],
    }
   },
   {
    "start": 816652800 ,
    "stop": 821664000 ,
    "interp": 821491200 ,
    "sat":{
      "e": 0.5125525109584866,
      "a": 88562487713.43887,
      "per": 14365064.518213464,
      "t0": 811427766.6870013,
      "rot":[ 0.7975365901176685,0.5890629578944012,-0.6032705756320973,0.7787538159166478,0.21574829276719365,5.3469093658021185 ],
    }
   },
   {
    "start": 821664000 ,
    "stop": 824083200 ,
    "interp": 823910400 ,
    "sat":{
      "e": 0.5025637271982616,
      "a": 88824604231.72435,
      "per": 14428885.648174,
      "t0": 811445357.5334369,
      "rot":[ 0.8007723645034939,0.5851400002420043,-0.5989687973905516,0.7822843921097318,0.21364060938476773,5.343878693562403 ],
    }
   },
   {
    "start": 824083200 ,
    "stop": 825292800 ,
    "interp": 825120000 ,
    "sat":{
      "e": 0.5029299708756484,
      "a": 90672377727.57161,
      "per": 14881454.356223485,
      "t0": 810982238.4936017,
      "rot":[ 0.7989279466591919,0.587833185658204,-0.601426750358618,0.7808704214037805,0.21140844546897786,5.313989231685983 ],
    }
   },
   {
    "start": 825292800 ,
    "stop": 825811200 ,
    "interp": 825638400 ,
    "sat":{
      "e": 0.5290102009690493,
      "a": 95375257543.40947,
      "per": 16054118.171855267,
      "t0": 809794607.2573073,
      "rot":[ 0.7924252053298644,0.5963351528623599,-0.6099690926251283,0.7747130332762444,0.2102477146904256,5.3178711727180135 ],
    }
   },
   {
    "start": 825811200 ,
    "stop": 826502400 ,
    "interp": 826329600 ,
    "sat":{
      "e": 0.5272670367321884,
      "a": 94577813633.38445,
      "per": 15853194.032026961,
      "t0": 825887672.630306,
      "rot":[ 0.7844164001718236,0.6061998432283571,-0.6202345613890583,0.7666665619938481,0.21152808983784738,5.3924331942046475 ],
    }
   },
   {
    "start": 826502400 ,
    "stop": 828921600 ,
    "interp": 828748800 ,
    "sat":{
      "e": 0.4989642645850993,
      "a": 87743695018.16815,
      "per": 14166310.246457826,
      "t0": 825863276.5315077,
      "rot":[ 0.7858412308510238,0.6038871537838297,-0.6184282981029797,0.7673636954846839,0.21557658580410435,5.347708371873836 ],
    }
   },
   {
    "start": 828921600 ,
    "stop": 831513600 ,
    "interp": 831340800 ,
    "sat":{
      "e": 0.5112402439749196,
      "a": 88252297111.82434,
      "per": 14289660.064326724,
      "t0": 825908058.1893934,
      "rot":[ 0.7922297324761225,0.595777649309719,-0.6102229518633425,0.7734759341428264,0.2162960283612885,5.336563075682366 ],
    }
   },
   {
    "start": 831513600 ,
    "stop": 836352000 ,
    "interp": 836179200 ,
    "sat":{
      "e": 0.5122912924376305,
      "a": 88577901798.75417,
      "per": 14368814.988137119,
      "t0": 825986679.6974959,
      "rot":[ 0.7973118329020245,0.5893818775235423,-0.6035675944866608,0.7785725233429801,0.21553150197168106,5.346138019445909 ],
    }
   },
   {
    "start": 836352000 ,
    "stop": 838771200 ,
    "interp": 838598400 ,
    "sat":{
      "e": 0.5033417786925755,
      "a": 88667733154.33609,
      "per": 14390678.748271776,
      "t0": 826036820.8243423,
      "rot":[ 0.7998722819601664,0.5863079294489975,-0.6001702529714682,0.7813973770572806,0.21368469995119302,5.345771934483368 ],
    }
   },
   {
    "start": 838771200 ,
    "stop": 839980800 ,
    "interp": 839808000 ,
    "sat":{
      "e": 0.5031611895159077,
      "a": 90380589628.70924,
      "per": 14809678.318192631,
      "t0": 825609616.9491245,
      "rot":[ 0.7978009703507988,0.5892565143933148,-0.6029209000418909,0.7797198918396308,0.211692348739003,5.317528603588608 ],
    }
   },
   {
    "start": 839980800 ,
    "stop": 840672000 ,
    "interp": 840499200 ,
    "sat":{
      "e": 0.5336478614435832,
      "a": 95806392878.3061,
      "per": 16163097.91009347,
      "t0": 824254801.2850147,
      "rot":[ 0.7895373626963447,0.599878294675848,-0.613702495437733,0.7717523233783304,0.21105540252963315,5.3424881153939 ],
    }
   },
   {
    "start": 840672000 ,
    "stop": 841363200 ,
    "interp": 841190400 ,
    "sat":{
      "e": 0.514551207772341,
      "a": 92216598066.9717,
      "per": 15263232.334053086,
      "t0": 840444716.6554104,
      "rot":[ 0.7847084714179344,0.6056456639295066,-0.6198649973058075,0.7667077270513439,0.21296147783847896,5.394065472423655 ],
    }
   },
   {
    "start": 841363200 ,
    "stop": 843782400 ,
    "interp": 843609600 ,
    "sat":{
      "e": 0.501319224129974,
      "a": 88154834904.1534,
      "per": 14265995.231554436,
      "t0": 840421804.0185493,
      "rot":[ 0.7880406435194808,0.6011413519193761,-0.61562321606759,0.7695028476000573,0.21562570011004656,5.344513053511731 ],
    }
   },
   {
    "start": 843782400 ,
    "stop": 846374400 ,
    "interp": 846201600 ,
    "sat":{
      "e": 0.5107850188648622,
      "a": 88441715201.81859,
      "per": 14335690.117832143,
      "t0": 840462664.6077651,
      "rot":[ 0.7929722467578593,0.5948759575659928,-0.6092577581547836,0.7742537838861568,0.21599461393264327,5.336719081952583 ],
    }
   },
   {
    "start": 846374400 ,
    "stop": 851472000 ,
    "interp": 851299200 ,
    "sat":{
      "e": 0.512048566730897,
      "a": 88612804500.71706,
      "per": 14377308.52642434,
      "t0": 840542361.1333916,
      "rot":[ 0.796986626266477,0.5898322730027323,-0.6039969516085151,0.7782960362161339,0.215297862819594,5.345516976593738 ],
    }
   },
   {
    "start": 851472000 ,
    "stop": 853977600 ,
    "interp": 853804800 ,
    "sat":{
      "e": 0.4859050306549833,
      "a": 81989654033.95439,
      "per": 12795918.068562947,
      "t0": 842475990.575617,
      "rot":[ 0.7458308166062481,0.6291085307296774,-0.6661354164135526,0.7043740921842482,0.3287546118653891,5.586290655700368 ],
    }
   },
   {
    "start": 853977600 ,
    "stop": 855187200 ,
    "interp": 855014400 ,
    "sat":{
      "e": 0.4906174361230695,
      "a": 84304950561.48428,
      "per": 13341740.428754952,
      "t0": 841915082.3380959,
      "rot":[ 0.7413659229992942,0.6343284828717559,-0.6711010119314413,0.700743275346161,0.3264754782135264,5.554890464413777 ],
    }
   },
   {
    "start": 855187200 ,
    "stop": 856396800 ,
    "interp": 856224000 ,
    "sat":{
      "e": 0.5021956395228999,
      "a": 85899457702.31763,
      "per": 13722034.37622699,
      "t0": 855286301.7905266,
      "rot":[ 0.732813316959136,0.6425680683256519,-0.6804297483850548,0.6920368173780574,0.3289244912764773,5.6247517486596665 ],
    }
   },
   {
    "start": 856396800 ,
    "stop": 858816000 ,
    "interp": 858643200 ,
    "sat":{
      "e": 0.4862349175957616,
      "a": 81638157897.91283,
      "per": 12713720.652704595,
      "t0": 855268996.3928014,
      "rot":[ 0.7379930598685922,0.6364711974105297,-0.6748083013610551,0.696066313274213,0.3322590892536301,5.575195551432761 ],
    }
   },
   {
    "start": 858816000 ,
    "stop": 861235200 ,
    "interp": 861062400 ,
    "sat":{
      "e": 0.49411799843565873,
      "a": 81875673521.62238,
      "per": 12769244.368563615,
      "t0": 855312135.7562484,
      "rot":[ 0.7420781246963096,0.6323068204802,-0.6703134019600148,0.7000025036089353,0.33194062679256736,5.574462297687756 ],
    }
   },
   {
    "start": 861235200 ,
    "stop": 866073600 ,
    "interp": 865900800 ,
    "sat":{
      "e": 0.49317212891929363,
      "a": 81936526805.1448,
      "per": 12783482.935045842,
      "t0": 855392716.8198342,
      "rot":[ 0.74470193009168,0.629893899499786,-0.6673972095519479,0.702854605918087,0.3304982273971891,5.586586789526006 ],
    }
   },
   {
    "start": 866073600 ,
    "stop": 867283200 ,
    "interp": 867110400 ,
    "sat":{
      "e": 0.48366833922906194,
      "a": 82124225473.795,
      "per": 12827434.328521522,
      "t0": 855386744.2957582,
      "rot":[ 0.7440710211648739,0.6310811479394003,-0.6681005279616696,0.7028421241003878,0.328252240366374,5.580155554105278 ],
    }
   },
   {
    "start": 867283200 ,
    "stop": 868492800 ,
    "interp": 868320000 ,
    "sat":{
      "e": 0.4991241154959955,
      "a": 85360127613.8544,
      "per": 13593004.272818701,
      "t0": 854601483.0012691,
      "rot":[ 0.7392979364488848,0.6362954037884684,-0.6733784679973223,0.6985846761506417,0.3272729890552733,5.558304987659773 ],
    }
   },
   {
    "start": 868492800 ,
    "stop": 870912000 ,
    "interp": 870739200 ,
    "sat":{
      "e": 0.4834031621859298,
      "a": 82243495281.17923,
      "per": 12855388.582455084,
      "t0": 868207453.6500334,
      "rot":[ 0.7368898749358841,0.6378131744261746,-0.6760128047729401,0.6952502482452628,0.3313931907014791,5.592171838371769 ],
    }
   },
   {
    "start": 870912000 ,
    "stop": 875750400 ,
    "interp": 875577600 ,
    "sat":{
      "e": 0.4937881419489033,
      "a": 82002095235.51576,
      "per": 12798830.67936874,
      "t0": 868251088.7907565,
      "rot":[ 0.7421988189587123,0.632294344771814,-0.6701797618074516,0.7002421479548403,0.33145858835935155,5.57540410986631 ],
    }
   },
   {
    "start": 875750400 ,
    "stop": 878169600 ,
    "interp": 877996800 ,
    "sat":{
      "e": 0.49289875477773837,
      "a": 81961735888.21152,
      "per": 12789382.95329635,
      "t0": 868334217.4216222,
      "rot":[ 0.7439499891084983,0.6307236254589627,-0.6682352981588635,0.7021880400264575,0.3303326576826824,5.586964030283587 ],
    }
   },
   {
    "start": 878169600 ,
    "stop": 880588800 ,
    "interp": 880416000 ,
    "sat":{
      "e": 0.4852270600272255,
      "a": 81897166609.72382,
      "per": 12774272.757821914,
      "t0": 868380109.8649722,
      "rot":[ 0.7435707932721857,0.6314395486703342,-0.6686572181563379,0.7021834108107294,0.32897196530588285,5.5856288170455946 ],
    }
   },
   {
    "start": 880588800 ,
    "stop": 885427200 ,
    "interp": 885254400 ,
    "sat":{
      "e": 0.48516953911635696,
      "a": 82266466198.9889,
      "per": 12860774.79613998,
      "t0": 881147143.0004426,
      "rot":[ 0.7389230178841865,0.6357554731114611,-0.6737898586658352,0.6972119671823279,0.3312256802039521,5.584554863048592 ],
    }
   },
   {
    "start": 885427200 ,
    "stop": 890352000 ,
    "interp": 890179200 ,
    "sat":{
      "e": 0.4941264230776096,
      "a": 82109891031.34616,
      "per": 12824076.012003375,
      "t0": 881211302.9909301,
      "rot":[ 0.7426061833708104,0.6320156482343748,-0.669728345241142,0.7007897033191389,0.3308323020939103,5.5797671840245835 ],
    }
   },
   {
    "start": 890352000 ,
    "stop": 892857600 ,
    "interp": 892684800 ,
    "sat":{
      "e": 0.405202489110736,
      "a": 81929618594.12686,
      "per": 12781866.27261829,
      "t0": 881904488.3972142,
      "rot":[ 0.7183220518298894,0.6289319008645399,-0.6957107371996624,0.6493728346191006,0.4275039014250875,5.692480810738299 ],
    }
   },
   {
    "start": 892857600 ,
    "stop": 895276800 ,
    "interp": 895104000 ,
    "sat":{
      "e": 0.4057782195178594,
      "a": 83314651786.61984,
      "per": 13107351.472953428,
      "t0": 881570269.2030044,
      "rot":[ 0.7161490932180159,0.6312244977644527,-0.6979473305938017,0.6476861961867711,0.4266828150876548,5.664261460702481 ],
    }
   },
   {
    "start": 895276800 ,
    "stop": 900115200 ,
    "interp": 899942400 ,
    "sat":{
      "e": 0.4032134555991165,
      "a": 82286625690.67845,
      "per": 12865502.407109937,
      "t0": 894686233.7729744,
      "rot":[ 0.7162635242802802,0.6304708652562743,-0.6978298960245201,0.6471251611275609,0.4286438077222546,5.674875931132904 ],
    }
   },
   {
    "start": 900115200 ,
    "stop": 904953600 ,
    "interp": 904780800 ,
    "sat":{
      "e": 0.4090623700358669,
      "a": 82119899066.63937,
      "per": 12826420.693888776,
      "t0": 894770671.3014398,
      "rot":[ 0.7175998600669478,0.6294020107658101,-0.6964556273244528,0.6485105111240488,0.4281205739106449,5.684098144734175 ],
    }
   },
   {
    "start": 904953600 ,
    "stop": 907372800 ,
    "interp": 907200000 ,
    "sat":{
      "e": 0.4010397165203328,
      "a": 82037638485.90434,
      "per": 12807152.9301591,
      "t0": 894829024.8019705,
      "rot":[ 0.7172033555326041,0.629992058846875,-0.6968639370872718,0.6483796829154717,0.4274503393054075,5.6847210962884365 ],
    }
   },
   {
    "start": 907372800 ,
    "stop": 909792000 ,
    "interp": 909619200 ,
    "sat":{
      "e": 0.4082323235326341,
      "a": 83598995402.27997,
      "per": 13174509.585749371,
      "t0": 907641862.1407498,
      "rot":[ 0.7159483265480401,0.6309838011299371,-0.6981532737967079,0.6470667881297415,0.4279766517125393,5.6965765799374894 ],
    }
   },
   {
    "start": 909792000 ,
    "stop": 914630400 ,
    "interp": 914457600 ,
    "sat":{
      "e": 0.4064010481916355,
      "a": 82335411220.56134,
      "per": 12876945.518920744,
      "t0": 907640183.9024719,
      "rot":[ 0.7168388065188466,0.6300882376720041,-0.6972389299720976,0.6478004610448788,0.42818614575606084,5.6746874831651315 ],
    }
   },
   {
    "start": 914630400 ,
    "stop": 919468800 ,
    "interp": 919296000 ,
    "sat":{
      "e": 0.40753806862606085,
      "a": 82120259632.70506,
      "per": 12826505.169950772,
      "t0": 907737278.1878275,
      "rot":[ 0.7170390786122086,0.6299596629008081,-0.6970329689067476,0.6480406471414473,0.4280118488668212,5.6889446889094915 ],
    }
   },
   {
    "start": 919468800 ,
    "stop": 929232000 ,
    "interp": 929059200 ,
    "sat":{
      "e": 0.4051812798500902,
      "a": 82491514137.4041,
      "per": 12913583.725894587,
      "t0": 920573054.1325449,
      "rot":[ 0.7167959992261422,0.6302182457541405,-0.6972829379049772,0.647854540300607,0.42791290858124725,5.677163958606831 ],
    }
   },
   {
    "start": 929232000 ,
    "stop": 968112000 ,
    "interp": 967939200 ,
    "sat":{
      "e": 0.3288397896133491,
      "a": 82625244604.38289,
      "per": 12944998.5807689,
      "t0": 947422619.2089318,
      "rot":[ 0.7077820321532775,0.6194564248636885,-0.7064308847728679,0.6206412214853729,0.48070595158396134,5.888168001468284 ],
    }
   },
   {
    "start": 968112000 ,
    "stop": 1000000000000 ,
    "sat":{
      "e": 0.22746414973872536,
      "a": 87837375196.99142,
      "per": 14189003.443441408,
      "t0": 960499210.6548856,
      "rot":[ 0.7043618585708055,0.6172634537243912,-0.7098410893930279,0.6124988254271336,0.4937924842953952,6.084962473865851 ],
    }
   }
 ]
