  -36500.0 4.871381821e+10   0.0205
  -36450.0 6.975032958e+10   0.0202
  -36400.0 4.683826261e+10   0.0155
  -36350.0 6.764961368e+10   0.0209
  -36300.0 5.544267096e+10   0.0176
  -36250.0 6.006825437e+10   0.0228
  -36200.0 6.480235248e+10   0.0181
  -36150.0 5.000771228e+10   0.0233
  -36100.0 6.953736183e+10   0.0183
  -36050.0 4.626491018e+10   0.0168
  -36000.0 6.836401579e+10   0.0193
  -35950.0 5.382345942e+10   0.0146
  -35900.0 6.153633411e+10   0.0217
  -35850.0 6.358545685e+10   0.0153
  -35800.0  5.14527989e+10   0.0242
  -35750.0 6.917943408e+10   0.0157
  -35700.0 4.601179022e+10   0.0198
  -35650.0 6.893860535e+10   0.0169
  -35600.0 5.224109736e+10   0.0131
  -35550.0 6.291437126e+10   0.0193
  -35500.0 6.225929178e+10   0.0125
  -35450.0 5.300016393e+10   0.0230
  -35400.0 6.867803512e+10   0.0129
  -35350.0 4.609304284e+10   0.0220
  -35300.0 6.937076489e+10   0.0139
  -35250.0 5.073737968e+10   0.0136
  -35200.0 6.418895508e+10   0.0161
  -35150.0  6.08357913e+10   0.0104
  -35100.0 5.460523594e+10   0.0200
  -35050.0 6.803536948e+10   0.0101
  -35000.0 4.650408573e+10   0.0221
  -34950.0 6.965864876e+10   0.0107
  -34900.0 4.935920129e+10   0.0151
  -34850.0 6.534940498e+10   0.0123
  -34800.0 5.932989549e+10   0.0096
  -34750.0 5.622898887e+10   0.0157
  -34700.0 6.725447595e+10   0.0081
  -34650.0   4.7222359e+10   0.0197
  -34600.0 6.980108371e+10   0.0079
  -34550.0 4.815678363e+10   0.0160
  -34500.0 6.638726594e+10   0.0088
  -34450.0 5.776017979e+10   0.0099
  -34400.0 5.783822924e+10   0.0111
  -34350.0 6.633938975e+10   0.0072
  -34300.0 4.821081658e+10   0.0154
  -34250.0 6.979750538e+10   0.0062
  -34200.0 4.718053396e+10   0.0154
  -34150.0 6.729589018e+10   0.0062
  -34100.0 5.614954145e+10   0.0103
  -34050.0 5.940531413e+10   0.0072
  -34000.0  6.52953558e+10   0.0073
  -33950.0 4.942303216e+10   0.0105
  -33900.0 6.964792784e+10   0.0059
  -33850.0 4.647654635e+10   0.0132
  -33800.0 6.807009787e+10   0.0054
  -33750.0 5.452588338e+10   0.0104
  -33700.0 6.090757428e+10   0.0055
  -33650.0  6.41291019e+10   0.0077
  -33600.0 5.080851277e+10   0.0068
  -33550.0 6.935294426e+10   0.0064
  -33500.0 4.608126877e+10   0.0102
  -33450.0 6.870590712e+10   0.0061
  -33400.0 5.292268158e+10   0.0100
  -33350.0   6.2326628e+10   0.0062
  -33300.0 6.284918166e+10   0.0080
  -33250.0 5.231713851e+10   0.0067
  -33200.0 6.891375911e+10   0.0070
  -33150.0 4.601644292e+10   0.0084
  -33100.0  6.92003234e+10   0.0069
  -33050.0 5.137924645e+10   0.0095
  -33000.0 6.364769653e+10   0.0074
  -32950.0 6.146639693e+10   0.0083
  -32900.0 5.390223324e+10   0.0085
  -32850.0 6.833225321e+10   0.0075
  -32800.0 4.628572613e+10   0.0094
  -32750.0 6.955117967e+10   0.0074
  -32700.0 4.994039913e+10   0.0100
  -32650.0 6.485897831e+10   0.0082
  -32600.0  5.99943067e+10   0.0090
  -32550.0 5.552227683e+10   0.0099
  -32500.0 6.761108507e+10   0.0080
  -32450.0 4.687409651e+10   0.0115
  -32400.0 6.975701984e+10   0.0078
  -32350.0 4.865521473e+10   0.0116
  -32300.0 6.595110608e+10   0.0085
  -32250.0 5.844982233e+10   0.0103
  -32200.0 5.714154589e+10   0.0104
  -32150.0 6.675383321e+10   0.0090
  -32100.0 4.775024728e+10   0.0129
  -32050.0 6.981702019e+10   0.0085
  -32000.0 4.757449808e+10   0.0135
  -31950.0 6.691669167e+10   0.0088
  -31900.0  5.68538741e+10   0.0119
  -31850.0 5.873004062e+10   0.0104
  -31800.0 6.576518627e+10   0.0104
  -31750.0 4.887116295e+10   0.0133
  -31700.0 6.973094479e+10   0.0096
  -31650.0  4.67468461e+10   0.0149
  -31600.0 6.774995341e+10   0.0095
  -31550.0 5.523210636e+10   0.0137
  -31500.0 6.026300836e+10   0.0104
  -31450.0 6.465118884e+10   0.0121
  -31400.0 5.018750516e+10   0.0130
  -31350.0 6.949913269e+10   0.0111
  -31300.0 4.621357417e+10   0.0155
  -31250.0  6.84464172e+10   0.0109
  -31200.0 5.361551416e+10   0.0151
  -31150.0 6.172028746e+10   0.0113
  -31100.0  6.34195529e+10   0.0137
  -31050.0 5.164852932e+10   0.0130
  -31000.0 6.912251632e+10   0.0129
  -30950.0 4.600337056e+10   0.0154
  -30900.0 6.900268125e+10   0.0127
  -30850.0  5.20408666e+10   0.0158
  -30800.0 6.308561233e+10   0.0132
  -30750.0 6.208004448e+10   0.0150
  -30700.0 5.320577488e+10   0.0142
  -30650.0 6.860267189e+10   0.0145
  -30600.0 4.612801672e+10   0.0154
  -30550.0 6.941623511e+10   0.0147
  -30500.0 5.055067764e+10   0.0158
  -30450.0 6.434595755e+10   0.0156
  -30400.0 6.064495441e+10   0.0157
  -30350.0 5.481534422e+10   0.0169
  -30300.0 6.794190453e+10   0.0156
  -30250.0 4.658049345e+10   0.0172
  -30200.0 6.968532505e+10   0.0163
  -30150.0 4.919240021e+10   0.0159
  -30100.0  6.54909575e+10   0.0177
  -30050.0 5.912965674e+10   0.0156
  -30000.0 5.643896618e+10   0.0200
  -29950.0 6.714337196e+10   0.0160
  -29900.0 4.733611876e+10   0.0209
  -29850.0 6.980885956e+10   0.0171
  -29800.0 4.801648764e+10   0.0174
  -29750.0 6.651241314e+10   0.0192
  -29700.0  5.75532475e+10   0.0154
  -29650.0 5.804419098e+10   0.0224
  -29600.0 6.621125295e+10   0.0157
  -29550.0 4.835632522e+10   0.0250
  -29500.0 6.978635029e+10   0.0171
  -29450.0 4.707306751e+10   0.0210
  -29400.0 6.740388449e+10   0.0196
  -29350.0 5.593923506e+10   0.0159
  -29300.0 5.960405652e+10   0.0236
  -29250.0 6.515096779e+10   0.0150
  -29200.0 4.959387007e+10   0.0283
  -29150.0 6.961788564e+10   0.0162
  -29100.0 4.640729215e+10   0.0258
  -29050.0 6.816036079e+10   0.0188
  -29000.0 5.431621669e+10   0.0177
  -28950.0 6.109648859e+10   0.0234
  -28900.0 6.396945991e+10   0.0145
  -28850.0 5.099808498e+10   0.0297
  -28800.0 6.930413551e+10   0.0148
  -28750.0  4.60539677e+10   0.0304
  -28700.0 6.877799882e+10   0.0172
  -28650.0 5.271841897e+10   0.0209
  -28600.0  6.25036101e+10   0.0218
  -28550.0 6.267554864e+10   0.0148
  -28500.0 5.251915374e+10   0.0292
  -28450.0  6.88463876e+10   0.0134
  -28400.0 4.603263204e+10   0.0335
  -28350.0  6.92539193e+10   0.0149
  -28300.0 5.118590073e+10   0.0249
  -28250.0 6.381106172e+10   0.0191
  -28200.0 6.128036251e+10   0.0162
  -28150.0   5.4110998e+10   0.0266
  -28100.0 6.824661697e+10   0.0125
  -28050.0 4.634448963e+10   0.0341
  -28000.0 6.958605302e+10   0.0124
  -27950.0 4.976412919e+10   0.0283
  -27900.0 6.500738607e+10   0.0155
  -27850.0 5.979785957e+10   0.0183
  -27800.0 5.573283126e+10   0.0225
  -27750.0 6.750759238e+10   0.0125
  -27700.0 4.697221537e+10   0.0319
  -27650.0 6.977302952e+10   0.0103
  -27600.0  4.85025758e+10   0.0303
  -27550.0 6.608349618e+10   0.0115
  -27500.0 5.824543319e+10   0.0203
  -27450.0 5.734968721e+10   0.0171
  -27400.0 6.663302438e+10   0.0133
  -27350.0 4.788269553e+10   0.0271
  -27300.0 6.981410306e+10   0.0092
  -27250.0 4.745201051e+10   0.0300
  -27200.0 6.703223138e+10   0.0078
  -27150.0  5.66445854e+10   0.0216
  -27100.0 5.893227847e+10   0.0111
  -27050.0 6.562776213e+10   0.0142
  -27000.0 4.903179058e+10   0.0203
  -26950.0 6.970911228e+10   0.0091
  -26900.0 4.666038978e+10   0.0270
  -26850.0 6.784799484e+10   0.0054
  -26800.0 5.502162064e+10   0.0214
  -26750.0 6.045648619e+10   0.0049
  -26700.0 6.449804725e+10   0.0145
  -26650.0 5.036972383e+10   0.0126
  -26600.0 6.945847142e+10   0.0096
  -26550.0 4.616768617e+10   0.0215
  -26500.0 6.852646344e+10   0.0056
  -26450.0 5.340826509e+10   0.0193
  -26400.0 6.190269246e+10   0.0013
  -26350.0 6.325183432e+10   0.0137
  -26300.0 5.184586878e+10   0.0063
  -26250.0 6.906319276e+10   0.0097
  -26200.0 4.600059946e+10   0.0148
  -26150.0 6.906436003e+10   0.0071
  -26100.0  5.18420469e+10   0.0151
  -26050.0 6.325508715e+10   0.0061
  -26000.0 6.189918814e+10   0.0113
  -25950.0 5.341225644e+10   0.0083
  -25900.0 6.852494142e+10   0.0087
  -25850.0 4.616851967e+10   0.0123
  -25800.0 6.945927889e+10   0.0081
  -25750.0   5.0366186e+10   0.0108
  -25700.0 6.450102042e+10   0.0097
  -25650.0 6.045276572e+10   0.0073
  -25600.0 5.502568035e+10   0.0138
  -25550.0 6.784612512e+10   0.0063
  -25500.0 4.666201038e+10   0.0177
  -25450.0 6.970955665e+10   0.0079
  -25400.0 4.902866121e+10   0.0126
  -25350.0 6.563043331e+10   0.0116
  -25300.0 5.892838586e+10   0.0047
  -25250.0 5.664862701e+10   0.0179
  -25200.0 6.703002337e+10   0.0024
  -25150.0 4.745433275e+10   0.0250
  -25100.0 6.981418255e+10   0.0065
  -25050.0 4.788010189e+10   0.0209
  -25000.0 6.663537597e+10   0.0118
  -24950.0 5.734567684e+10   0.0100
  -24900.0 5.824938441e+10   0.0197
  -24850.0 6.608096217e+10   0.0033
  -24800.0 4.850548748e+10   0.0303
  -24750.0 6.977274382e+10   0.0049
  -24700.0 4.697027702e+10   0.0305
  -24650.0 6.750961065e+10   0.0107
  -24600.0 5.572876965e+10   0.0183
  -24550.0 5.980166094e+10   0.0193
  -24500.0 6.500454189e+10   0.0094
  -24450.0 4.976750491e+10   0.0324
  -24400.0 6.958540326e+10   0.0058
  -24350.0 4.634330534e+10   0.0385
  -24300.0 6.824829131e+10   0.0089
  -24250.0 5.410696533e+10   0.0269
  -24200.0 6.128396571e+10   0.0171
  -24150.0 6.380792751e+10   0.0160
  -24100.0 5.118961377e+10   0.0312
  -24050.0 6.925290811e+10   0.0097
  -24000.0 4.603226648e+10   0.0433
  -23950.0 6.884770999e+10   0.0081
  -23900.0 5.251524477e+10   0.0347
  -23850.0 6.267891477e+10   0.0137
  -23800.0 6.250021135e+10   0.0225
  -23750.0 5.272234983e+10   0.0272
  -23700.0 6.877663045e+10   0.0146
  -23650.0 4.605444152e+10   0.0439
  -23600.0 6.930510007e+10   0.0099
  -23550.0  5.09944087e+10   0.0408
  -23500.0 6.397255785e+10   0.0104
  -23450.0 6.109285733e+10   0.0285
  -23400.0 5.432025814e+10   0.0212
  -23350.0 6.815864138e+10   0.0196
  -23300.0 4.640857865e+10   0.0404
  -23250.0 6.961848834e+10   0.0134
  -23200.0 4.959054726e+10   0.0441
  -23150.0 6.515377281e+10   0.0095
  -23100.0 5.960023279e+10   0.0332
  -23050.0 5.594329424e+10   0.0144
  -23000.0 6.740182237e+10   0.0241
  -22950.0 4.707509693e+10   0.0331
  -22900.0  6.97865887e+10   0.0175
  -22850.0   4.8353483e+10   0.0439
  -22800.0 6.621374553e+10   0.0118
  -22750.0 5.804022444e+10   0.0362
  -22700.0 5.755724609e+10   0.0086
  -22650.0 6.651001929e+10   0.0275
  -22600.0 4.801915774e+10   0.0231
  -22550.0 6.980873274e+10   0.0212
  -22500.0 4.733388154e+10   0.0398
  -22450.0 6.714553677e+10   0.0157
  -22400.0 5.643491785e+10   0.0368
  -22350.0 5.913352988e+10   0.0087
  -22300.0 6.548824611e+10   0.0295
  -22250.0 4.919558971e+10   0.0115
  -22200.0 6.968483351e+10   0.0239
  -22150.0 4.657897074e+10   0.0314
  -22100.0 6.794372968e+10   0.0193
  -22050.0 5.481128818e+10   0.0344
  -22000.0 6.064864915e+10   0.0137
  -21950.0 6.434294677e+10   0.0294
  -21900.0 5.055425914e+10   0.0030
  -21850.0 6.941538079e+10   0.0250
  -21800.0 4.612728955e+10   0.0197
  -21750.0  6.86041483e+10   0.0219
  -21700.0 5.320179948e+10   0.0287
  -21650.0 6.208351803e+10   0.0186
  -21600.0 6.308232519e+10   0.0269
  -21550.0 5.204471664e+10   0.0119
  -21500.0 6.900146769e+10   0.0242
  -21450.0 4.600347958e+10   0.0082
  -21400.0 6.912363721e+10   0.0227
  -21350.0 5.164473752e+10   0.0202
  -21300.0 6.342277094e+10   0.0218
  -21250.0 6.171675298e+10   0.0220
  -21200.0 5.361951975e+10   0.0201
  -21150.0 6.844484968e+10   0.0214
  -21100.0  4.62145132e+10   0.0127
  -21050.0 6.949989327e+10   0.0215
  -21000.0  5.01840131e+10   0.0117
  -20950.0 6.465412403e+10   0.0228
  -20900.0  6.02592629e+10   0.0153
  -20850.0  5.52361683e+10   0.0252
  -20800.0 6.774803926e+10   0.0167
  -20750.0 4.674856314e+10   0.0238
  -20700.0 6.973134194e+10   0.0184
  -20650.0 4.886809587e+10   0.0133
  -20600.0 6.576781693e+10   0.0215
  -20550.0 5.872612944e+10   0.0093
  -20500.0 5.685790779e+10   0.0269
  -20450.0 6.691444065e+10   0.0110
  -20400.0 4.757690345e+10   0.0319
  -20350.0 6.981705235e+10   0.0138
  -20300.0 4.774773211e+10   0.0237
  -20250.0 6.675614232e+10   0.0182
  -20200.0 5.713752485e+10   0.0111
  -20150.0 5.845375723e+10   0.0256
  -20100.0 6.594853091e+10   0.0064
  -20050.0 4.865819375e+10   0.0356
  -20000.0 6.975668687e+10   0.0084
  -19950.0  4.68722509e+10   0.0338
  -19900.0 6.761305931e+10   0.0134
  -19850.0 5.551821415e+10   0.0192
  -19800.0 5.999808489e+10   0.0218
  -19750.0 6.485609531e+10   0.0090
  -19700.0 4.994382561e+10   0.0350
  -19650.0  6.95504829e+10   0.0046
  -19600.0 4.628464514e+10   0.0407
  -19550.0 6.833388235e+10   0.0079
  -19500.0 5.389821094e+10   0.0277
  -19450.0 6.146997143e+10   0.0163
  -19400.0 6.364452648e+10   0.0155
  -19350.0 5.138299422e+10   0.0307
  -19300.0 6.919926565e+10   0.0077
  -19250.0 4.601618595e+10   0.0433
  -19200.0 6.891503542e+10   0.0040
  -19150.0 5.231325325e+10   0.0347
  -19100.0 6.285251464e+10   0.0101
  -19050.0 6.232319716e+10   0.0220
  -19000.0 5.292663253e+10   0.0240
  -18950.0 6.870449287e+10   0.0134
  -18900.0 4.608185039e+10   0.0413
  -18850.0 6.935386213e+10   0.0073
  -18800.0 5.080487527e+10   0.0391
  -18750.0 6.413216316e+10   0.0056
  -18700.0 6.090391564e+10   0.0273
  -18650.0 5.452993205e+10   0.0164
  -18600.0 6.806833353e+10   0.0187
  -18550.0 4.647793386e+10   0.0352
  -18500.0 6.964848344e+10   0.0126
  -18450.0 4.941976441e+10   0.0401
  -18400.0 6.529812134e+10   0.0081
  -18350.0 5.940146887e+10   0.0307
  -18300.0  5.61535969e+10   0.0107
  -18250.0 6.729378439e+10   0.0226
  -18200.0 4.718265269e+10   0.0268
  -18150.0 6.979769649e+10   0.0173
  -18100.0 4.820804592e+10   0.0373
  -18050.0 6.634184063e+10   0.0136
  -18000.0  5.78342484e+10   0.0314
  -17950.0 5.776416551e+10   0.0122
  -17900.0 6.638483006e+10   0.0248
  -17850.0 4.815952811e+10   0.0199
  -17800.0 6.980090957e+10   0.0206
  -17750.0 4.722020865e+10   0.0312
  -17700.0 6.725659735e+10   0.0184
  -17650.0 5.622493507e+10   0.0292
  -17600.0 5.933374826e+10   0.0180
  -17550.0 6.534665368e+10   0.0245
  -17500.0 4.936244877e+10   0.0204
  -17450.0 6.965811007e+10   0.0218
  -17400.0  4.65026623e+10   0.0252
  -17350.0  6.80371499e+10   0.0214
  -17300.0 5.460118505e+10   0.0243
  -17250.0  6.08394596e+10   0.0233
  -17200.0 6.418590708e+10   0.0215
  -17150.0 5.074100277e+10   0.0270
  -17100.0 6.936986379e+10   0.0206
  -17050.0 4.609242268e+10   0.0262
  -17000.0 6.867946579e+10   0.0221
  -16950.0 5.299620621e+10   0.0194
  -16900.0   6.2262734e+10   0.0265
  -16850.0 6.291105029e+10   0.0164
  -16800.0 5.224497365e+10   0.0339
  -16750.0 6.893734558e+10   0.0170
  -16700.0 4.601200816e+10   0.0352
  -16650.0 6.918050852e+10   0.0203
  -16600.0 5.144903915e+10   0.0211
  -16550.0 6.358863965e+10   0.0269
  -16500.0 6.153277007e+10   0.0115
  -16450.0 5.382747761e+10   0.0379
  -16400.0  6.83624029e+10   0.0114
  -16350.0 4.626595387e+10   0.0458
  -16300.0 6.953807546e+10   0.0161
  -16250.0  5.00042681e+10   0.0312
  -16200.0 6.480524932e+10   0.0245
  -16150.0 6.006448468e+10   0.0137
  -16100.0  5.54467337e+10   0.0383
  -16050.0 6.764765527e+10   0.0058
  -16000.0 4.684007456e+10   0.0533
  -15950.0 6.975067949e+10   0.0100
  -15900.0 4.871081556e+10   0.0442
  -15850.0 6.590309337e+10   0.0196
  -15800.0 5.852293534e+10   0.0231
  -15750.0 5.706674648e+10   0.0350
  -15700.0 6.679663466e+10   0.0090
  -15650.0 4.770373109e+10   0.0559
  -15600.0 6.981746875e+10   0.0030
  -15550.0 4.761948251e+10   0.0558
  -15500.0 6.687470047e+10   0.0129
  -15450.0 5.692885006e+10   0.0343
  -15400.0 5.865725852e+10   0.0288
  -15350.0 6.581397308e+10   0.0178
  -15300.0 4.881433369e+10   0.0532
  -15250.0  6.97381805e+10   0.0062
  -15200.0 4.677907446e+10   0.0639
  -15150.0 6.771422145e+10   0.0051
  -15100.0 5.530763907e+10   0.0450
  -15050.0 6.019328705e+10   0.0206
  -15000.0 6.470564577e+10   0.0270
  -14950.0 5.012272153e+10   0.0461
  -14900.0  6.95131269e+10   0.0145
  -14850.0 4.623136621e+10   0.0669
  -14800.0 6.841712708e+10   0.0037
  -14750.0 5.369003686e+10   0.0539
  -14700.0 6.165447248e+10   0.0112
  -14650.0 6.347927924e+10   0.0355
  -14600.0 5.157812262e+10   0.0357
  -14550.0 6.914321193e+10   0.0226
  -14500.0 4.600574163e+10   0.0642
  -14450.0 6.897997014e+10   0.0118
  -14400.0 5.211254021e+10   0.0600
  -14350.0 6.302438315e+10   0.0017
  -14300.0 6.214453428e+10   0.0426
  -14250.0 5.313190918e+10   0.0235
  -14200.0 6.862998029e+10   0.0296
  -14150.0 4.611483238e+10   0.0560
  -14100.0 6.940020206e+10   0.0194
  -14050.0 5.061740651e+10   0.0622
  -14000.0 6.428985654e+10   0.0082
  -13950.0 6.071357266e+10   0.0476
  -13900.0 5.473993975e+10   0.0111
  -13850.0 6.797570077e+10   0.0351
  -13800.0 4.655249157e+10   0.0435
  -13750.0 6.967603631e+10   0.0258
  -13700.0 4.925189204e+10   0.0598
  -13650.0 6.544041499e+10   0.0165
  -13600.0  5.92016115e+10   0.0497
  -13550.0 5.636367196e+10   0.0058
  -13500.0 6.718348812e+10   0.0386
  -13450.0 4.729479124e+10   0.0292
  -13400.0 6.980635216e+10   0.0303
  -13350.0 4.806637322e+10   0.0528
  -13300.0 6.646776844e+10   0.0231
  -13250.0 5.762755875e+10   0.0486
  -13200.0 5.797038987e+10   0.0145
  -13150.0  6.62574692e+10   0.0394
  -13100.0 4.830369952e+10   0.0186
  -13050.0 6.979063407e+10   0.0326
  -13000.0 4.711108689e+10   0.0429
  -12950.0   6.7365403e+10   0.0274
  -12900.0 5.601470221e+10   0.0445
  -12850.0 5.953288831e+10   0.0223
  -12800.0 6.520300083e+10   0.0377
  -12750.0 4.953225616e+10   0.0197
  -12700.0 6.962894376e+10   0.0324
  -12650.0 4.643153376e+10   0.0343
  -12600.0 6.812824777e+10   0.0290
  -12550.0 5.439138896e+10   0.0388
  -12500.0 6.102888096e+10   0.0270
  -12450.0 6.402694843e+10   0.0340
  -12400.0 5.092984729e+10   0.0271
  -12350.0 6.932192354e+10   0.0299
  -12300.0 4.606311883e+10   0.0330
  -12250.0 6.875241018e+10   0.0279
  -12200.0 5.279157581e+10   0.0346
  -12150.0 6.244031103e+10   0.0284
  -12100.0 6.273803519e+10   0.0298
  -12050.0 5.244654201e+10   0.0325
  -12000.0 6.887083112e+10   0.0261
  -11950.0 4.602617696e+10   0.0389
  -11900.0 6.923496991e+10   0.0248
  -11850.0 5.125505379e+10   0.0357
  -11800.0 6.375266992e+10   0.0266
  -11750.0 6.134727143e+10   0.0280
  -11700.0 5.403604444e+10   0.0339
  -11650.0 6.827760756e+10   0.0229
  -11600.0 4.632279331e+10   0.0453
  -11550.0 6.957382286e+10   0.0209
  -11500.0 4.982706087e+10   0.0423
  -11450.0 6.495437782e+10   0.0226
  -11400.0 5.986847088e+10   0.0307
  -11350.0 5.565730384e+10   0.0312
  -11300.0 6.754498177e+10   0.0227
  -11250.0 4.693646387e+10   0.0479
  -11200.0 6.976756802e+10   0.0184
  -11150.0 4.855693134e+10   0.0505
  -11100.0 6.603624807e+10   0.0181
  -11050.0 5.831885272e+10   0.0371
  -11000.0 5.727508256e+10   0.0257
  -10950.0 6.667661658e+10   0.0264
  -10900.0 4.783471388e+10   0.0453
  -10850.0 6.981543174e+10   0.0196
  -10800.0 4.749545551e+10   0.0566
  -10750.0 6.699103911e+10   0.0158
  -10700.0 5.671971247e+10   0.0447
  -10650.0 5.885983866e+10   0.0192
  -10600.0 6.567730308e+10   0.0326
  -10550.0 4.897379642e+10   0.0384
  -10500.0 6.971722593e+10   0.0243
  -10450.0 4.669082966e+10   0.0584
  -10400.0 6.781308834e+10   0.0182
  -10350.0 5.509711657e+10   0.0515
  -10300.0 6.038722719e+10   0.0153
  -10250.0 6.455321159e+10   0.0392
  -10200.0 5.030408256e+10   0.0288
  -10150.0 6.947333782e+10   0.0305
  -10100.0 4.618351855e+10   0.0549
  -10050.0 6.849801894e+10   0.0239
  -10000.0 5.348252809e+10   0.0557
   -9950.0 6.183743655e+10   0.0179
   -9900.0 6.331220891e+10   0.0449
   -9850.0  5.17748965e+10   0.0199
   -9800.0 6.908475095e+10   0.0365
   -9750.0 4.600094357e+10   0.0461
   -9700.0 6.904250939e+10   0.0305
   -9650.0 5.191320296e+10   0.0560
   -9600.0 6.319449448e+10   0.0249
   -9550.0 6.196425174e+10   0.0485
   -9500.0 5.333808872e+10   0.0187
   -9450.0 6.855309837e+10   0.0412
   -9400.0 4.615335599e+10   0.0338
   -9350.0 6.944411665e+10   0.0364
   -9300.0 5.043210949e+10   0.0517
   -9250.0 6.444561751e+10   0.0325
   -9200.0 6.052186463e+10   0.0491
   -9150.0 5.495020298e+10   0.0265
   -9100.0 6.788075074e+10   0.0438
   -9050.0 4.663218385e+10   0.0242
   -9000.0  6.97011451e+10   0.0405
   -8950.0 4.908704171e+10   0.0428
   -8900.0 6.558063761e+10   0.0387
   -8850.0 5.900070559e+10   0.0461
   -8800.0 5.657345371e+10   0.0362
   -8750.0 6.707094357e+10   0.0435
   -8700.0 4.741141841e+10   0.0275
   -8650.0 6.981255514e+10   0.0421
   -8600.0 4.792857246e+10   0.0317
   -8550.0 6.659151631e+10   0.0425
   -8500.0 5.742021061e+10   0.0395
   -8450.0 5.817586501e+10   0.0439
   -8400.0 6.612794961e+10   0.0402
   -8350.0 4.845156364e+10   0.0395
   -8300.0 6.977790692e+10   0.0408
   -8250.0 4.700660861e+10   0.0268
   -8200.0 6.747194393e+10   0.0434
   -8150.0   5.5804286e+10   0.0306
   -8100.0 5.973090592e+10   0.0482
   -8050.0 6.505730405e+10   0.0341
   -8000.0 4.970490043e+10   0.0509
   -7950.0 6.959733653e+10   0.0367
   -7900.0 4.636565028e+10   0.0360
   -7850.0 6.821701585e+10   0.0411
   -7800.0 5.418197929e+10   0.0240
   -7750.0 6.121687765e+10   0.0487
   -7700.0 6.386609173e+10   0.0264
   -7650.0  5.11206863e+10   0.0578
   -7600.0  6.92715634e+10   0.0304
   -7550.0 4.603940604e+10   0.0508
   -7500.0 6.882297595e+10   0.0361
   -7450.0 5.258800039e+10   0.0274
   -7400.0 6.261622065e+10   0.0454
   -7350.0 6.256330618e+10   0.0204
   -7300.0  5.26493254e+10   0.0592
   -7250.0 6.880192921e+10   0.0232
   -7200.0 4.604597232e+10   0.0631
   -7150.0 6.928701751e+10   0.0293
   -7100.0 5.106288476e+10   0.0392
   -7050.0 6.391483909e+10   0.0393
   -7000.0 6.116028998e+10   0.0214
   -6950.0 5.424513635e+10   0.0557
   -6900.0 6.819047039e+10   0.0179
   -6850.0 4.638497843e+10   0.0698
   -6800.0 6.960713306e+10   0.0222
   -6750.0 4.965250188e+10   0.0526
   -6700.0 6.510149159e+10   0.0317
   -6650.0 5.967126247e+10   0.0294
   -6600.0 5.586780763e+10   0.0486
   -6550.0 6.744002767e+10   0.0184
   -6500.0 4.703764688e+10   0.0700
   -6450.0  6.97820064e+10   0.0173
   -6400.0 4.840655375e+10   0.0637
   -6350.0 6.616726697e+10   0.0240
   -6300.0 5.811393205e+10   0.0397
   -6250.0 5.748285702e+10   0.0395
   -6200.0 6.655439801e+10   0.0246
   -6150.0 4.796974821e+10   0.0644
   -6100.0 6.981094144e+10   0.0179
   -6050.0  4.73757516e+10   0.0704
   -6000.0 6.710514726e+10   0.0190
   -5950.0  5.65101736e+10   0.0492
   -5900.0 5.906144937e+10   0.0305
   -5850.0 6.553853574e+10   0.0325
   -5800.0 4.913647063e+10   0.0548
   -5750.0 6.969382455e+10   0.0232
   -5700.0 4.660759491e+10   0.0714
   -5650.0 6.790965158e+10   0.0196
   -5600.0 5.488672047e+10   0.0563
   -5550.0 6.057986623e+10   0.0245
   -5500.0 6.439881161e+10   0.0397
   -5450.0 5.048779931e+10   0.0440
   -5400.0 6.943111837e+10   0.0298
   -5350.0 4.614114727e+10   0.0668
   -5300.0 6.857655163e+10   0.0246
   -5250.0 5.327577128e+10   0.0598
   -5200.0 6.201883225e+10   0.0245
   -5150.0 6.314333931e+10   0.0449
   -5100.0 5.197321473e+10   0.0358
   -5050.0  6.90238869e+10   0.0355
   -5000.0  4.60017964e+10   0.0582
   -4950.0 6.910264862e+10   0.0304
   -4900.0 5.171534026e+10   0.0593
   -4850.0  6.33628236e+10   0.0291
   -4800.0 6.178237944e+10   0.0473
   -4750.0 5.354508171e+10   0.0341
   -4700.0 6.847385301e+10   0.0390
   -4650.0 4.619738457e+10   0.0498
   -4600.0 6.948560288e+10   0.0350
   -4550.0 5.024909225e+10   0.0551
   -4500.0 6.459942621e+10   0.0346
   -4450.0 6.032882885e+10   0.0466
   -4400.0  5.51606451e+10   0.0383
   -4350.0 6.778349136e+10   0.0399
   -4300.0 4.671693874e+10   0.0470
   -4250.0 6.972380816e+10   0.0373
   -4200.0 4.892532503e+10   0.0499
   -4150.0 6.571877353e+10   0.0384
   -4100.0 5.879879729e+10   0.0432
   -4050.0 5.678287805e+10   0.0438
   -4000.0  6.69561611e+10   0.0380
   -3950.0 4.753243755e+10   0.0514
   -3900.0 6.981630503e+10   0.0367
   -3850.0 4.779474992e+10   0.0487
   -3800.0 6.671307198e+10   0.0393
   -3750.0 5.721226052e+10   0.0393
   -3700.0 5.838053815e+10   0.0470
   -3650.0 6.599628464e+10   0.0341
   -3600.0 4.860301119e+10   0.0582
   -3550.0 6.976272894e+10   0.0335
   -3500.0 4.690686334e+10   0.0548
   -3450.0 6.757621067e+10   0.0372
   -3400.0 5.559375479e+10   0.0387
   -3350.0 5.992775817e+10   0.0467
   -3300.0 6.490958036e+10   0.0303
   -3250.0 4.988027036e+10   0.0623
   -3200.0 6.956329051e+10   0.0288
   -3150.0 4.630507268e+10   0.0650
   -3100.0 6.830344695e+10   0.0326
   -3050.0 5.397303712e+10   0.0443
   -3000.0 6.140341509e+10   0.0428
   -2950.0 6.370335851e+10   0.0299
   -2900.0 5.131341448e+10   0.0616
   -2850.0  6.92187869e+10   0.0250
   -2800.0 4.602130708e+10   0.0739
   -2750.0 6.889115783e+10   0.0270
   -2700.0 5.238557366e+10   0.0545
   -2650.0  6.27904352e+10   0.0364
   -2600.0 6.238689036e+10   0.0348
   -2550.0 5.285322903e+10   0.0563
   -2500.0 6.873064498e+10   0.0250
   -2450.0 4.607137521e+10   0.0779
   -2400.0 6.933664765e+10   0.0228
   -2350.0 5.087263656e+10   0.0656
   -2300.0 6.407512518e+10   0.0291
   -2250.0 6.097185962e+10   0.0433
   -2200.0  5.44546711e+10   0.0476
   -2150.0 6.810099838e+10   0.0297
   -2100.0 4.645245155e+10   0.0755
   -2050.0  6.96380038e+10   0.0231
   -2000.0 4.948070209e+10   0.0745
   -1950.0 6.524657325e+10   0.0238
   -1900.0 5.947290152e+10   0.0528
   -1850.0 5.607817563e+10   0.0376
   -1800.0 6.733280221e+10   0.0373
   -1750.0 4.714353619e+10   0.0673
   -1700.0 6.979399369e+10   0.0281
   -1650.0 4.825979267e+10   0.0790
   -1600.0 6.629613641e+10   0.0238
   -1550.0 5.790822516e+10   0.0611
   -1500.0 5.769001231e+10   0.0294
   -1450.0  6.64299909e+10   0.0453
   -1400.0 4.810872883e+10   0.0550
   -1350.0 6.980399816e+10   0.0354
   -1300.0 4.726046908e+10   0.0775
   -1250.0 6.721701432e+10   0.0293
   -1200.0 5.630029649e+10   0.0668
   -1150.0 5.926204361e+10   0.0276
   -1100.0 6.539768639e+10   0.0522
   -1050.0  4.93022448e+10   0.0424
   -1000.0 6.966797792e+10   0.0427
    -950.0 4.652944491e+10   0.0699
    -900.0 6.800390305e+10   0.0368
    -850.0 5.467652622e+10   0.0685
    -800.0 6.077116615e+10   0.0330
    -750.0 6.424246529e+10   0.0568
    -700.0 5.067376313e+10   0.0356
    -650.0 6.938647145e+10   0.0486
    -600.0 4.610429257e+10   0.0578
    -550.0 6.865271906e+10   0.0440
    -500.0 5.306985475e+10   0.0656
    -450.0 6.219862906e+10   0.0413
    -400.0 6.297269497e+10   0.0583
    -350.0 5.217297755e+10   0.0391
    -300.0 6.896062417e+10   0.0521
    -250.0 4.600829932e+10   0.0463
    -200.0 6.916038349e+10   0.0493
    -150.0 5.151905229e+10   0.0582
    -100.0 6.352934617e+10   0.0490
     -50.0 6.159894813e+10   0.0561
       0.0 5.375280034e+10   0.0486
      50.0 6.839225034e+10   0.0526
     100.0 4.624687644e+10   0.0443
     150.0  6.95246579e+10   0.0519
     200.0 5.006846366e+10   0.0485
     250.0 6.475126336e+10   0.0542
     300.0 6.013450364e+10   0.0504
     350.0 5.537119116e+10   0.0579
     400.0 6.768393083e+10   0.0499
     450.0  4.68066804e+10   0.0537
     500.0 6.974402397e+10   0.0512
     550.0 4.876685345e+10   0.0424
     600.0  6.58548076e+10   0.0558
     650.0 5.859593399e+10   0.0427
     700.0 5.699188237e+10   0.0635
     750.0 6.683915141e+10   0.0445
     800.0 4.765774966e+10   0.0661
     850.0 6.981760157e+10   0.0476
     900.0 4.766501037e+10   0.0468
     950.0 6.683242363e+10   0.0540
    1000.0 5.700376645e+10   0.0365
    1050.0 5.858435786e+10   0.0647
    1100.0 6.586248807e+10   0.0377
    1150.0 4.875793206e+10   0.0749
    1200.0 6.974510114e+10   0.0419
    1250.0 4.681193752e+10   0.0594
    1300.0  6.76781941e+10   0.0493
    1350.0 5.538317852e+10   0.0365
    1400.0 6.012340331e+10   0.0619
    1450.0 6.475984729e+10   0.0323
    1500.0 5.005825514e+10   0.0780
    1550.0 6.952680799e+10   0.0357
    1600.0 4.624985728e+10   0.0728
    1650.0 6.838753416e+10   0.0431
    1700.0 5.376464517e+10   0.0441
    1750.0 6.158845969e+10   0.0561
    1800.0 6.353877096e+10   0.0312
    1850.0 5.150792768e+10   0.0756
    1900.0 6.916359775e+10   0.0310
    1950.0 4.600883938e+10   0.0820
    2000.0 6.895695075e+10   0.0370
    2050.0 5.218439087e+10   0.0551
    2100.0 6.296292783e+10   0.0490
    2150.0 6.220881563e+10   0.0355
    2200.0 5.305815967e+10   0.0693
    2250.0 6.865698376e+10   0.0301
    2300.0 4.610236125e+10   0.0853
    2350.0 6.938385688e+10   0.0329
    2400.0 5.068441486e+10   0.0655
    2450.0 6.423350683e+10   0.0426
    2500.0 6.078201522e+10   0.0427
    2550.0 5.466456815e+10   0.0612
    2600.0 6.800919879e+10   0.0331
    2650.0 4.652515051e+10   0.0826
    2700.0 6.966643302e+10   0.0324
    2750.0 4.931177278e+10   0.0727
    2800.0 6.538960595e+10   0.0387
    2850.0 5.927343131e+10   0.0500
    2900.0 5.628833997e+10   0.0538
    2950.0 6.722331494e+10   0.0382
    3000.0  4.72540414e+10   0.0759
    3050.0 6.980352911e+10   0.0351
    3100.0  4.81167571e+10   0.0754
    3150.0 6.642284319e+10   0.0385
    3200.0 5.770178524e+10   0.0554
    3250.0 5.789649232e+10   0.0496
    3300.0 6.630340762e+10   0.0433
    3350.0 4.825154905e+10   0.0685
    3400.0 6.979460234e+10   0.0394
    3450.0 4.714970388e+10   0.0736
    3500.0 6.732663005e+10   0.0414
    3550.0 5.609014575e+10   0.0577
    3600.0 5.946157564e+10   0.0498
    3650.0 6.525477082e+10   0.0467
    3700.0 4.947100735e+10   0.0644
    3750.0 6.963968775e+10   0.0432
    3800.0 4.645645041e+10   0.0696
    3850.0 6.809583491e+10   0.0454
    3900.0 5.446661093e+10   0.0565
    3950.0 6.096108998e+10   0.0532
    4000.0 6.408419268e+10   0.0473
    4050.0 5.086186627e+10   0.0658
    4100.0 6.933940015e+10   0.0452
    4150.0 4.607298954e+10   0.0679
    4200.0 6.872651542e+10   0.0484
    4250.0 5.286486841e+10   0.0529
    4300.0 6.237679736e+10   0.0572
    4350.0 6.280030116e+10   0.0447
    4400.0 5.237408663e+10   0.0709
    4450.0 6.889496739e+10   0.0443
    4500.0 4.602044603e+10   0.0729
    4550.0 6.921570987e+10   0.0491
    4600.0  5.13244406e+10   0.0507
    4650.0  6.36940386e+10   0.0596
    4700.0 6.141398951e+10   0.0397
    4750.0 5.396115844e+10   0.0761
    4800.0 6.830829676e+10   0.0403
    4850.0 4.630178498e+10   0.0835
    4900.0 6.956127905e+10   0.0467
    4950.0 4.989033335e+10   0.0553
    5000.0 6.490111028e+10   0.0588
    5050.0 5.993892844e+10   0.0349
    5100.0 5.558176786e+10   0.0784
    5150.0 6.758207766e+10   0.0340
    5200.0 4.690132933e+10   0.0943
    5250.0 6.976179119e+10   0.0413
    5300.0 4.861173817e+10   0.0681
    5350.0 6.598872509e+10   0.0546
    5400.0 5.839216437e+10   0.0357
    5450.0 5.720040563e+10   0.0763
    5500.0 6.671992559e+10   0.0277
    5550.0 4.778725366e+10   0.1008
    5600.0 6.981644469e+10   0.0339
    5650.0  4.75394569e+10   0.0847
    5700.0 6.694955977e+10   0.0474
    5750.0 5.679478789e+10   0.0447
    5800.0 5.878727407e+10   0.0700
    5850.0  6.57265741e+10   0.0257
    5900.0 4.891621556e+10   0.1010
    5950.0 6.972502469e+10   0.0264
    6000.0 4.672191434e+10   0.0998
    6050.0 6.777788537e+10   0.0385
    6100.0 5.517262876e+10   0.0586
    6150.0 6.031780074e+10   0.0606
    6200.0 6.460812294e+10   0.0312
    6250.0 5.023874446e+10   0.0948
    6300.0 6.948789145e+10   0.0227
    6350.0 4.620005576e+10   0.1096
    6400.0 6.846927083e+10   0.0300
    6450.0 5.355688785e+10   0.0734
    6500.0  6.17719788e+10   0.0496
    6550.0 6.337235194e+10   0.0415
    6600.0 5.170412296e+10   0.0839
    6650.0 6.910599988e+10   0.0258
    6700.0 4.600201496e+10   0.1121
    6750.0 6.902034989e+10   0.0248
    6800.0 5.198454878e+10   0.0863
    6850.0 6.313367245e+10   0.0392
    6900.0 6.202911074e+10   0.0529
    6950.0 5.326402568e+10   0.0703
    7000.0 6.858095115e+10   0.0337
    7050.0 4.613890081e+10   0.1071
    7100.0 6.942864189e+10   0.0261
    7150.0 5.049832637e+10   0.0951
    7200.0 6.438996335e+10   0.0323
    7250.0 6.059079266e+10   0.0631
    7300.0 5.487474861e+10   0.0569
    7350.0 6.791507916e+10   0.0427
    7400.0 4.660300889e+10   0.0959
    7450.0 6.969241881e+10   0.0323
    7500.0 4.914582549e+10   0.0986
    7550.0 6.553057335e+10   0.0319
    7600.0 5.907289631e+10   0.0707
    7650.0 5.649823441e+10   0.0473
    7700.0 6.711157577e+10   0.0506
    7750.0 4.736906932e+10   0.0820
    7800.0 6.981061203e+10   0.0399
    7850.0 4.797755503e+10   0.0964
    7900.0 6.654737452e+10   0.0368
    7950.0  5.74946669e+10   0.0747
    8000.0 5.810224238e+10   0.0447
    8050.0 6.617466094e+10   0.0562
    8100.0 4.839810097e+10   0.0702
    8150.0  6.97827546e+10   0.0464
    8200.0 4.704354935e+10   0.0897
    8250.0 6.743398453e+10   0.0435
    8300.0 5.587978754e+10   0.0749
    8350.0 5.966000091e+10   0.0483
    8400.0 6.510980536e+10   0.0587
    8450.0 4.964264672e+10   0.0653
    8500.0 6.960895594e+10   0.0504
    8550.0  4.63886781e+10   0.0821
    8600.0 6.818543962e+10   0.0488
    8650.0 5.425705341e+10   0.0717
    8700.0 6.114960178e+10   0.0541
    8750.0 6.392401445e+10   0.0579
    8800.0 5.105200195e+10   0.0678
    8850.0 6.928990773e+10   0.0514
    8900.0 4.604726812e+10   0.0791
    8950.0 6.879793511e+10   0.0515
    9000.0 5.266090383e+10   0.0675
    9050.0 6.255330838e+10   0.0584
    9100.0 6.262618392e+10   0.0545
    9150.0 5.257644512e+10   0.0731
    9200.0 6.882692138e+10   0.0493
    9250.0 4.603822484e+10   0.0835
    9300.0 6.926862382e+10   0.0508
    9350.0 5.113160802e+10   0.0667
    9400.0 6.385687799e+10   0.0594
    9450.0 6.122753615e+10   0.0505
    9500.0 5.417007152e+10   0.0767
    9550.0 6.822199891e+10   0.0451
    9600.0  4.63620588e+10   0.0918
    9650.0 6.959546384e+10   0.0473
    9700.0  4.97148116e+10   0.0727
    9750.0 6.504894884e+10   0.0569
    9800.0  5.97421438e+10   0.0494
    9850.0 5.579230353e+10   0.0762
    9900.0 6.747794065e+10   0.0409
    9950.0 4.700080253e+10   0.0983
   10000.0 6.977710866e+10   0.0422
   10050.0 4.846008994e+10   0.0839
   10100.0 6.612051178e+10   0.0517
   10150.0 5.818753845e+10   0.0537
   10200.0 5.740838826e+10   0.0716
   10250.0 6.659849506e+10   0.0394
   10300.0 4.792084657e+10   0.0998
   10350.0 6.981283446e+10   0.0377
   10400.0  4.74181907e+10   0.0961
   10450.0 6.706446933e+10   0.0454
   10500.0  5.65853858e+10   0.0627
   10550.0 5.898923803e+10   0.0642
   10600.0 6.558855743e+10   0.0424
   10650.0  4.90777505e+10   0.0954
   10700.0 6.970250091e+10   0.0360
   10750.0 4.663687349e+10   0.1050
   10800.0 6.787527597e+10   0.0401
   10850.0 5.496217872e+10   0.0735
   10900.0 6.051091097e+10   0.0558
   10950.0 6.445442596e+10   0.0491
   11000.0 5.042162865e+10   0.0865
   11050.0 6.944654355e+10   0.0384
   11100.0   4.6155715e+10   0.1080
   11150.0 6.854865056e+10   0.0380
   11200.0 5.334985121e+10   0.0833
   11250.0 6.195394069e+10   0.0489
   11300.0 6.320412502e+10   0.0572
   11350.0 5.190189872e+10   0.0756
   11400.0  6.90459974e+10   0.0438
   11450.0 4.600084041e+10   0.1045
   11500.0 6.908135061e+10   0.0400
   11550.0 5.178614565e+10   0.0899
   11600.0 6.330264375e+10   0.0459
   11650.0 6.184780525e+10   0.0645
   11700.0 5.347073704e+10   0.0660
   11750.0 6.850255296e+10   0.0503
   11800.0 4.618095907e+10   0.0960
   11850.0 6.947099961e+10   0.0450
   11900.0  5.03144788e+10   0.0920
   11950.0 6.454447465e+10   0.0476
   12000.0 6.039822884e+10   0.0696
   12050.0 5.508513526e+10   0.0612
   12100.0 6.781864731e+10   0.0559
   12150.0 4.668595614e+10   0.0862
   12200.0 6.971595943e+10   0.0507
   12250.0 4.898297181e+10   0.0894
   12300.0 6.566945963e+10   0.0525
   12350.0 5.887134222e+10   0.0714
   12400.0 5.670779424e+10   0.0624
   12450.0 6.699759491e+10   0.0593
   12500.0 4.748852415e+10   0.0803
   12550.0 6.981524197e+10   0.0553
   12600.0 4.784229321e+10   0.0838
   12650.0   6.6669718e+10   0.0580
   12700.0 5.728692616e+10   0.0693
   12750.0 5.830720921e+10   0.0677
   12800.0 6.604376404e+10   0.0596
   12850.0 4.854827563e+10   0.0818
   12900.0 6.976845573e+10   0.0575
   12950.0 4.694209605e+10   0.0799
   13000.0 6.753906818e+10   0.0619
   13050.0 5.566928963e+10   0.0642
   13100.0 5.985727608e+10   0.0734
   13150.0 6.496280681e+10   0.0564
   13200.0 4.981705162e+10   0.0890
   13250.0 6.957578456e+10   0.0564
   13300.0 4.632619035e+10   0.0834
   13350.0  6.82727099e+10   0.0628
   13400.0  5.40479341e+10   0.0593
   13450.0 6.133666663e+10   0.0767
   13500.0 6.376195189e+10   0.0502
   13550.0 5.124406445e+10   0.0967
   13600.0 6.923799765e+10   0.0519
   13650.0 4.602715297e+10   0.0955
   13700.0 6.886697278e+10   0.0602
   13750.0 5.245805414e+10   0.0604
   13800.0 6.272813415e+10   0.0762
   13850.0 6.245037005e+10   0.0438
   13900.0 5.277995768e+10   0.1010
   13950.0 6.875649117e+10   0.0448
   14000.0 4.606161861e+10   0.1105
   14050.0 6.931912162e+10   0.0543
   14100.0 5.094065864e+10   0.0710
   14150.0  6.40178421e+10   0.0717
   14200.0 6.103962162e+10   0.0414
   14250.0 5.437945677e+10   0.0999
   14300.0 6.813336368e+10   0.0374
   14350.0 4.642764182e+10   0.1221
   14400.0 6.962720996e+10   0.0462
   14450.0 4.954200918e+10   0.0880
   14500.0 6.519476146e+10   0.0640
   14550.0  5.95441914e+10   0.0471
   14600.0 5.600272813e+10   0.0938
   14650.0 6.737152893e+10   0.0329
   14700.0 4.710501375e+10   0.1269
   14750.0 6.978997536e+10   0.0380
   14800.0 4.831201888e+10   0.1061
   14850.0 6.625015386e+10   0.0544
   14900.0 5.798210757e+10   0.0591
   14950.0  5.76157722e+10   0.0839
   15000.0 6.647487167e+10   0.0350
   15050.0 4.805842369e+10   0.1240
   15100.0 6.980677112e+10   0.0321
   15150.0 4.730131089e+10   0.1208
   15200.0 6.717714156e+10   0.0449
   15250.0 5.637562268e+10   0.0735
   15300.0 5.919020225e+10   0.0719
   15350.0 6.544845318e+10   0.0427
   15400.0 4.924242543e+10   0.1146
   15450.0  6.96775313e+10   0.0317
   15500.0 4.655689104e+10   0.1292
   15550.0 6.797035768e+10   0.0379
   15600.0 5.475190328e+10   0.0872
   15650.0 6.070269559e+10   0.0602
   15700.0  6.42987756e+10   0.0529
   15750.0  5.06067988e+10   0.1012
   15800.0 6.940276712e+10   0.0366
   15850.0 4.611687698e+10   0.1302
   15900.0 6.862566718e+10   0.0356
   15950.0 5.314362298e+10   0.0980
   16000.0 6.213431454e+10   0.0513
   16050.0 6.303411448e+10   0.0627
   16100.0 5.210115469e+10   0.0871
   16150.0 6.898359466e+10   0.0439
   16200.0 4.600531685e+10   0.1245
   16250.0 6.913994851e+10   0.0385
   16300.0 5.158928115e+10   0.1048
   16350.0 6.346981715e+10   0.0475
   16400.0 6.166492963e+10   0.0705
   16450.0 5.367820534e+10   0.0757
   16500.0 6.842179523e+10   0.0510
   16550.0 4.622849615e+10   0.1147
   16600.0 6.951092712e+10   0.0439
   16650.0 5.013298073e+10   0.1070
   16700.0 6.469702126e+10   0.0487
   16750.0 6.020436172e+10   0.0754
   16800.0 5.529565256e+10   0.0699
   16850.0 6.771991133e+10   0.0562
   16900.0 4.677391781e+10   0.1051
   16950.0 6.973705333e+10   0.0490
   17000.0 4.882332328e+10   0.1057
   17050.0 6.580624943e+10   0.0525
   17100.0 5.866881598e+10   0.0770
   17150.0 5.691695634e+10   0.0695
   17200.0 6.688138296e+10   0.0585
   17250.0 4.761230772e+10   0.0999
   17300.0 6.981741865e+10   0.0520
   17350.0 4.771107698e+10   0.1040
   17400.0 6.678986166e+10   0.0558
   17450.0 5.707862047e+10   0.0762
   17500.0 5.851134091e+10   0.0718
   17550.0 6.591073055e+10   0.0578
   17600.0 4.870196319e+10   0.1001
   17650.0 6.975170666e+10   0.0520
   17700.0 4.684543156e+10   0.1058
   17750.0 6.764187176e+10   0.0566
   17800.0 5.545872137e+10   0.0758
   17850.0 6.005335899e+10   0.0731
   17900.0 6.481379253e+10   0.0553
   17950.0 4.999411106e+10   0.1027
   18000.0 6.954017583e+10   0.0493
   18050.0 4.626904512e+10   0.1132
   18100.0 6.835763874e+10   0.0543
   18150.0 5.383933514e+10   0.0795
   18200.0 6.152225057e+10   0.0715
   18250.0 6.359802697e+10   0.0537
   18300.0 5.143794919e+10   0.1033
   18350.0 6.918367357e+10   0.0451
   18400.0 4.601266345e+10   0.1232
   18450.0 6.893362329e+10   0.0494
   18500.0 5.225641405e+10   0.0892
   18550.0 6.290124754e+10   0.0664
   18600.0 6.227288719e+10   0.0560
   18650.0 5.298453051e+10   0.0997
   18700.0 6.868368205e+10   0.0421
   18750.0 4.609060488e+10   0.1309
   18800.0 6.936719971e+10   0.0434
   18850.0 5.075169773e+10   0.1032
   18900.0 6.417690936e+10   0.0587
   18950.0 6.085028042e+10   0.0635
   19000.0 5.458923301e+10   0.0917
   19050.0 6.804239823e+10   0.0431
   19100.0 4.649847348e+10   0.1326
   19150.0 6.965651528e+10   0.0388
   19200.0  4.93720373e+10   0.1177
   19250.0 6.533853111e+10   0.0502
   19300.0 5.934511407e+10   0.0749
   19350.0 5.621297324e+10   0.0804
   19400.0 6.726285195e+10   0.0489
   19450.0 4.721387363e+10   0.1269
   19500.0 6.980039044e+10   0.0384
   19550.0 4.816763434e+10   0.1291
   19600.0 6.637763797e+10   0.0433
   19650.0 5.777592441e+10   0.0874
   19700.0 5.782250082e+10   0.0680
   19750.0 6.634906762e+10   0.0578
   19800.0 4.819987885e+10   0.1150
   19850.0 6.979825506e+10   0.0429
   19900.0 4.718891426e+10   0.1345
   19950.0 6.728756609e+10   0.0410
   20000.0 5.616556258e+10   0.0987
   20050.0 5.939012053e+10   0.0576
   20100.0   6.5306277e+10   0.0676
   20150.0 4.941012876e+10   0.0996
   20200.0 6.965011751e+10   0.0504
   20250.0 4.648203917e+10   0.1327
   20300.0 6.806312256e+10   0.0441
   20350.0 5.454187894e+10   0.1070
   20400.0 6.089311726e+10   0.0522
   20450.0 6.414119168e+10   0.0764
   20500.0 5.079414681e+10   0.0847
   20550.0 6.935656517e+10   0.0587
   20600.0 4.608357863e+10   0.1242
   20650.0  6.87003148e+10   0.0508
   20700.0 5.293829249e+10   0.1108
   20750.0 6.231307041e+10   0.0534
   20800.0 6.286234532e+10   0.0828
   20850.0 5.230179203e+10   0.0749
   20900.0 6.891879618e+10   0.0658
   20950.0 4.601543998e+10   0.1119
   21000.0 6.919613937e+10   0.0582
   21050.0 5.139405635e+10   0.1096
   21100.0  6.36351688e+10   0.0592
   21150.0 6.148051521e+10   0.0857
   21200.0 5.388634385e+10   0.0731
   21250.0 6.833868427e+10   0.0704
   21300.0 4.628146718e+10   0.1011
   21350.0 6.954842169e+10   0.0642
   21400.0 4.995394154e+10   0.1042
   21450.0 6.484758426e+10   0.0660
   21500.0 6.000923035e+10   0.0847
   21550.0 5.550622659e+10   0.0777
   21600.0 6.761887962e+10   0.0716
   21650.0 4.686681567e+10   0.0976
   21700.0  6.97556991e+10   0.0673
   21750.0  4.86669912e+10   0.0981
   21800.0 6.594092789e+10   0.0711
   21850.0 5.846536582e+10   0.0804
   21900.0  5.71256591e+10   0.0841
   21950.0 6.676295086e+10   0.0693
   22000.0 4.774031967e+10   0.1024
   22050.0 6.981714191e+10   0.0670
   22100.0 4.758401005e+10   0.0970
   22150.0 6.690779389e+10   0.0728
   22200.0 5.686980879e+10   0.0753
   22250.0 5.871458693e+10   0.0883
   22300.0 6.577557451e+10   0.0643
   22350.0 4.885905314e+10   0.1103
   22400.0 6.973250849e+10   0.0633
   22450.0 4.675364025e+10   0.1046
   22500.0 6.774238631e+10   0.0708
   22550.0 5.524815377e+10   0.0737
   22600.0 6.024820863e+10   0.0885
   22650.0 6.466278042e+10   0.0588
   22700.0 5.017371455e+10   0.1158
   22750.0 6.950213218e+10   0.0575
   22800.0 4.621729578e+10   0.1180
   22850.0 6.844021939e+10   0.0657
   22900.0 5.363134034e+10   0.0792
   22950.0 6.170632063e+10   0.0846
   23000.0  6.34322623e+10   0.0560
   23050.0  5.16335528e+10   0.1161
   23100.0 6.912693934e+10   0.0516
   23150.0 4.600381352e+10   0.1312
   23200.0 6.899788172e+10   0.0589
   23250.0 5.205607977e+10   0.0915
   23300.0 6.307262219e+10   0.0775
   23350.0 6.209376374e+10   0.0585
   23400.0 5.319007141e+10   0.1109
   23450.0  6.86084995e+10   0.0480
   23500.0 4.612515591e+10   0.1391
   23550.0 6.941285475e+10   0.0523
   23600.0 5.056483163e+10   0.1065
   23650.0 6.433405884e+10   0.0690
   23700.0 6.065954807e+10   0.0662
   23750.0 5.479932076e+10   0.1017
   23800.0 6.794911001e+10   0.0486
   23850.0 4.657448887e+10   0.1396
   23900.0 6.968337783e+10   0.0480
   23950.0 4.920500741e+10   0.1204
   24000.0 6.548024127e+10   0.0610
   24050.0 5.914495587e+10   0.0767
   24100.0 5.642297202e+10   0.0907
   24150.0 6.715191946e+10   0.0534
   24200.0 4.732728996e+10   0.1333
   24250.0 6.980835323e+10   0.0475
   24300.0  4.80270447e+10   0.1302
   24350.0 6.650295116e+10   0.0557
   24400.0 5.756904308e+10   0.0874
   24450.0 5.802851894e+10   0.0805
   24500.0 6.622109555e+10   0.0605
   24550.0 4.834510454e+10   0.1227
   24600.0 6.978728684e+10   0.0506
   24650.0 4.708109513e+10   0.1344
   24700.0 6.739573288e+10   0.0543
   24750.0 5.595527108e+10   0.0962
   24800.0 5.958894788e+10   0.0734
   24850.0 6.516204501e+10   0.0676
   24900.0 4.958074892e+10   0.1113
   24950.0 6.962026139e+10   0.0556
   25000.0 4.641238605e+10   0.1332
   25050.0 6.815356297e+10   0.0564
   25100.0  5.43321839e+10   0.1018
   25150.0 6.108213968e+10   0.0708
   25200.0 6.398169466e+10   0.0730
   25250.0 5.098356556e+10   0.1028
   25300.0 6.930794091e+10   0.0604
   25350.0 4.605585174e+10   0.1288
   25400.0 6.877258772e+10   0.0601
   25450.0 5.273395074e+10   0.1039
   25500.0 6.249017921e+10   0.0720
   25550.0  6.26888433e+10   0.0757
   25600.0 5.250371336e+10   0.0993
   25650.0 6.885160671e+10   0.0633
   25700.0 4.603120001e+10   0.1252
   25750.0 6.924991919e+10   0.0632
   25800.0 5.120057362e+10   0.1038
   25850.0 6.379867554e+10   0.0746
   25900.0 6.129459427e+10   0.0753
   25950.0 5.409506745e+10   0.1001
   26000.0 6.825322662e+10   0.0633
   26050.0 4.633982247e+10   0.1262
   26100.0 6.958348077e+10   0.0640
   26150.0 4.977747127e+10   0.1049
   26200.0 6.499614535e+10   0.0762
   26250.0 5.981287485e+10   0.0731
   26300.0 5.571678512e+10   0.1021
   26350.0 6.751556089e+10   0.0603
   26400.0 4.696456797e+10   0.1317
   26450.0 6.977189552e+10   0.0618
   26500.0 4.851408649e+10   0.1118
   26550.0 6.607348059e+10   0.0749
   26600.0 5.826104125e+10   0.0722
   26650.0 5.733384243e+10   0.1022
   26700.0 6.664230991e+10   0.0556
   26750.0 4.787245768e+10   0.1380
   26800.0 6.981441177e+10   0.0565
   26850.0 4.746119432e+10   0.1254
   26900.0 6.702350346e+10   0.0702
   26950.0 5.666055153e+10   0.0768
   27000.0 5.891689802e+10   0.0986
   27050.0 6.563831045e+10   0.0522
   27100.0 4.901943447e+10   0.1406
   27150.0  6.97108625e+10   0.0497
   27200.0  4.66668031e+10   0.1424
   27250.0 6.784060322e+10   0.0626
   27300.0 5.503765943e+10   0.0887
   27350.0  6.04417851e+10   0.0909
   27400.0 6.450978892e+10   0.0536
   27450.0 5.035575218e+10   0.1371
   27500.0 6.946165619e+10   0.0440
   27550.0 4.617099094e+10   0.1570
   27600.0 6.852044537e+10   0.0535
   27650.0 5.342403516e+10   0.1055
   27700.0 6.188884475e+10   0.0801
   27750.0 6.326468119e+10   0.0614
   27800.0 5.183077318e+10   0.1276
   27850.0 6.906779901e+10   0.0428
   27900.0 4.600061172e+10   0.1649
   27950.0 6.905974336e+10   0.0455
   28000.0 5.185714904e+10   0.1236
   28050.0 6.324223251e+10   0.0680
   28100.0   6.1913029e+10   0.0737
   28150.0 5.339648976e+10   0.1134
   28200.0 6.853094925e+10   0.0475
   28250.0 4.616523872e+10   0.1640
   28300.0 6.945608358e+10   0.0416
   28350.0 5.038016771e+10   0.1394
   28400.0 6.448927025e+10   0.0570
   28450.0  6.04674611e+10   0.0877
   28500.0 5.500964222e+10   0.0973
   28550.0 6.785350673e+10   0.0567
   28600.0 4.665561891e+10   0.1547
   28650.0 6.970779582e+10   0.0437
   28700.0 4.904103109e+10   0.1504
   28750.0 6.561987592e+10   0.0501
   28800.0 5.894376203e+10   0.1009
   28850.0 5.663265923e+10   0.0821
   28900.0 6.703874159e+10   0.0673
   28950.0 4.744516785e+10   0.1394
   29000.0 6.981386319e+10   0.0505
   29050.0 4.789035716e+10   0.1547
   29100.0 6.662608091e+10   0.0494
   29150.0 5.736151909e+10   0.1114
   29200.0 5.823377279e+10   0.0712
   29250.0 6.609096848e+10   0.0771
   29300.0 4.849399217e+10   0.1221
   29350.0 6.977386719e+10   0.0589
   29400.0 4.697794508e+10   0.1521
   29450.0 6.750163226e+10   0.0540
   29500.0 5.574481539e+10   0.1180
   29550.0 5.978664055e+10   0.0670
   29600.0 6.501577384e+10   0.0846
   29650.0  4.97541745e+10   0.1074
   29700.0 6.958796493e+10   0.0664
   29750.0 4.634799561e+10   0.1443
   29800.0 6.824167152e+10   0.0606
   29850.0 5.412289803e+10   0.1202
   29900.0 6.126972757e+10   0.0689
   29950.0 6.382030559e+10   0.0888
   30000.0 5.117494893e+10   0.0994
   30050.0 6.925689773e+10   0.0716
   30100.0  4.60337229e+10   0.1353
   30150.0 6.884248052e+10   0.0663
   30200.0 5.253069028e+10   0.1189
   30250.0 6.266561271e+10   0.0735
   30300.0 6.251363495e+10   0.0895
   30350.0 5.270682277e+10   0.0985
   30400.0 6.878203122e+10   0.0735
   30450.0 4.605258178e+10   0.1304
   30500.0 6.930128418e+10   0.0695
   30550.0 5.100893661e+10   0.1168
   30600.0  6.39603149e+10   0.0774
   30650.0     6.11072e+10   0.0876
   30700.0 5.430429273e+10   0.1011
   30750.0 6.816542909e+10   0.0721
   30800.0  4.64035076e+10   0.1318
   30850.0   6.9616102e+10   0.0692
   30900.0 4.960368055e+10   0.1182
   30950.0 6.514268675e+10   0.0783
   31000.0  5.96153365e+10   0.0856
   31050.0 5.592725752e+10   0.1028
   31100.0 6.740996413e+10   0.0688
   31150.0 4.706708959e+10   0.1368
   31200.0 6.978564151e+10   0.0660
   31250.0 4.836471954e+10   0.1261
   31300.0 6.620389359e+10   0.0757
   31350.0 5.805589315e+10   0.0870
   31400.0 5.754144774e+10   0.1011
   31450.0  6.65194718e+10   0.0659
   31500.0 4.800861765e+10   0.1402
   31550.0 6.980922842e+10   0.0613
   31600.0 4.734272968e+10   0.1387
   31650.0 6.713697952e+10   0.0702
   31700.0 5.645091064e+10   0.0938
   31750.0 5.911822627e+10   0.0954
   31800.0 6.549895333e+10   0.0659
   31850.0 4.918299579e+10   0.1385
   31900.0 6.968677012e+10   0.0573
   31950.0 4.658499749e+10   0.1514
   32000.0 6.793651415e+10   0.0637
   32050.0 5.482731263e+10   0.1055
   32100.0 6.063404962e+10   0.0869
   32150.0 6.435483706e+10   0.0704
   32200.0 5.054011474e+10   0.1311
   32250.0 6.941875063e+10   0.0562
   32300.0 4.613017436e+10   0.1597
   32350.0 6.859831042e+10   0.0582
   32400.0 5.321750672e+10   0.1193
   32450.0 6.206979178e+10   0.0775
   32500.0 6.309530767e+10   0.0788
   32550.0 5.202950959e+10   0.1196
   32600.0 6.900625683e+10   0.0592
   32650.0 4.600306114e+10   0.1609
   32700.0 6.911920374e+10   0.0559
   32750.0 5.165972102e+10   0.1320
   32800.0 6.341005368e+10   0.0696
   32850.0 6.173071309e+10   0.0889
   32900.0 5.360369659e+10   0.1064
   32950.0 6.845103727e+10   0.0654
   33000.0 4.621081523e+10   0.1548
   33050.0 6.949688323e+10   0.0577
   33100.0 5.019781424e+10   0.1413
   33150.0 6.464252387e+10   0.0655
   33200.0 6.027405709e+10   0.0987
   33250.0 5.522012124e+10   0.0949
   33300.0 6.775559638e+10   0.0729
   33350.0 4.674179051e+10   0.1436
   33400.0 6.972976762e+10   0.0626
   33450.0 4.888021992e+10   0.1454
   33500.0 6.575741954e+10   0.0660
   33550.0 5.874157906e+10   0.1062
   33600.0 5.684197118e+10   0.0879
   33650.0 6.692332879e+10   0.0799
   33700.0 4.756740996e+10   0.1312
   33750.0 6.981691998e+10   0.0686
   33800.0  4.77576776e+10   0.1443
   33850.0 6.674701509e+10   0.0698
   33900.0 5.715340937e+10   0.1103
   33950.0 5.843820997e+10   0.0864
   34000.0 6.595869987e+10   0.0846
   34050.0 4.864643219e+10   0.1222
   34100.0 6.975799698e+10   0.0737
   34150.0 4.687955278e+10   0.1398
   34200.0 6.760525483e+10   0.0747
   34250.0 5.553426429e+10   0.1106
   34300.0 5.998315595e+10   0.0891
   34350.0 6.486748066e+10   0.0861
   34400.0 4.993029438e+10   0.1195
   34450.0 6.955323031e+10   0.0763
   34500.0 4.628892743e+10   0.1364
   34550.0 6.832744111e+10   0.0784
   34600.0 5.391410285e+10   0.1083
   34650.0 6.145584662e+10   0.0931
   34700.0  6.36570462e+10   0.0841
   34750.0 5.136819191e+10   0.1222
   34800.0 6.920343922e+10   0.0755
   34850.0 4.601721335e+10   0.1391
   34900.0 6.890998798e+10   0.0792
   34950.0 5.232860527e+10   0.1072
   35000.0 6.283934347e+10   0.0954
   35050.0  6.23367476e+10   0.0798
   35100.0 5.291102593e+10   0.1264
   35150.0 6.871007489e+10   0.0714
   35200.0 4.607956472e+10   0.1484
   35250.0 6.935023071e+10   0.0764
   35300.0 5.081925018e+10   0.1121
   35350.0 6.412006508e+10   0.0942
   35400.0 6.091836657e+10   0.0763
   35450.0 5.451393794e+10   0.1281
   35500.0 6.807529874e+10   0.0651
   35550.0 4.647246361e+10   0.1599
   35600.0 6.964628316e+10   0.0702
   35650.0 4.943268043e+10   0.1255
   35700.0 6.528719122e+10   0.0889
   35750.0 5.941665772e+10   0.0776
   35800.0 5.613757479e+10   0.1249
   35850.0 6.730209868e+10   0.0593
   35900.0 4.717429228e+10   0.1677
   35950.0 6.979693617e+10   0.0621
   36000.0 4.821899998e+10   0.1447
   36050.0 6.633215335e+10   0.0803
   36100.0 5.784997371e+10   0.0866
   36150.0 5.774841787e+10   0.1168
   36200.0 6.639444861e+10   0.0576
   36250.0  4.81486939e+10   0.1684
   36300.0  6.98015922e+10   0.0544
   36350.0 4.722871377e+10   0.1643
   36400.0 6.724821156e+10   0.0700
   36450.0 5.624094961e+10   0.1018
   36500.0   5.9318525e+10   0.1050
