  -36500.0  6.47199616e+10   1.4297
  -36450.0 5.274869628e+10   1.4965
  -36400.0 5.325422356e+10   1.5475
  -36350.0 6.455759056e+10   0.7435
  -36300.0 4.472971922e+10   1.1564
  -36250.0 6.200797831e+10   0.3806
  -36200.0  5.81947255e+10   0.1921
  -36150.0 4.783298562e+10   0.1485
  -36100.0 6.545615669e+10   0.3217
  -36050.0 4.844668343e+10   0.9113
  -36000.0  5.75612679e+10   0.8939
  -35950.0 6.244966984e+10   1.0613
  -35900.0 4.451281581e+10   1.9631
  -35850.0  6.43027455e+10   1.2848
  -35800.0 5.396259534e+10   1.9612
  -35750.0 5.203889047e+10   1.9727
  -35700.0 6.492125097e+10   1.7151
  -35650.0 4.524893804e+10   2.4751
  -35600.0 6.118847287e+10   1.8272
  -35550.0 5.923286333e+10   1.6264
  -35500.0 4.686098813e+10   2.2912
  -35450.0 6.538140909e+10   1.3050
  -35400.0  4.95581804e+10   1.5784
  -35350.0 5.643684384e+10   1.3445
  -35300.0 6.313971994e+10   0.6841
  -35250.0 4.429871874e+10   1.0978
  -35200.0 6.379508622e+10   0.2613
  -35150.0 5.516142063e+10   0.1352
  -35100.0 5.083533273e+10   0.2510
  -35050.0 6.519228878e+10   0.4064
  -35000.0 4.593891458e+10   1.1006
  -34950.0 6.029250643e+10   0.9113
  -34900.0 6.020644682e+10   1.2278
  -34850.0 4.601018008e+10   1.9153
  -34800.0 6.521252848e+10   1.3481
  -34750.0  5.07259287e+10   2.0970
  -34700.0 5.527039881e+10   1.8808
  -34650.0 6.374392525e+10   1.7341
  -34600.0 4.428924226e+10   2.5594
  -34550.0 6.319890753e+10   1.7707
  -34500.0 5.633116871e+10   1.6723
  -34450.0 4.966357336e+10   2.1548
  -34400.0 6.536980323e+10   1.1790
  -34350.0 4.677729933e+10   1.7017
  -34300.0 5.932519177e+10   1.1120
  -34250.0 6.110920261e+10   0.6603
  -34200.0 4.530557185e+10   0.9597
  -34150.0 6.495005851e+10   0.1622
  -34100.0  5.19274343e+10   0.0955
  -34050.0 5.407369564e+10   0.3629
  -34000.0 6.425981205e+10   0.4793
  -33950.0 4.448474333e+10   1.2761
  -33900.0 6.251663332e+10   0.9324
  -33850.0 5.745989813e+10   1.4013
  -33800.0 4.854591069e+10   1.8468
  -33750.0 6.545322162e+10   1.4079
  -33700.0 4.773922648e+10   2.2758
  -33650.0 5.829269646e+10   1.7947
  -33600.0 6.193592792e+10   1.7518
  -33550.0 4.476981882e+10   2.5585
  -33500.0 6.459486867e+10   1.6864
  -33450.0 5.314245713e+10   1.7891
  -33400.0 5.286053941e+10   1.9678
  -33350.0 6.468541355e+10   1.1068
  -33300.0  4.48779372e+10   1.7846
  -33250.0 6.175126952e+10   0.9047
  -33200.0 5.853750636e+10   0.6681
  -33150.0 4.750656296e+10   0.7280
  -33100.0 6.544227949e+10   0.1151
  -33050.0 4.879896668e+10   0.0910
  -33000.0 5.720242492e+10   0.4301
  -32950.0 6.268232998e+10   0.5620
  -32900.0 4.442142955e+10   1.4019
  -32850.0 6.414818441e+10   0.9439
  -32800.0  5.43531429e+10   1.6183
  -32750.0   5.1646973e+10   1.7309
  -32700.0 6.501920281e+10   1.5011
  -32650.0 4.545466626e+10   2.4325
  -32600.0 6.090650424e+10   1.7293
  -32550.0  5.95555012e+10   1.8046
  -32500.0   4.6570994e+10   2.4347
  -32450.0 6.533701136e+10   1.6126
  -32400.0 4.993126576e+10   1.9180
  -32350.0 5.606322268e+10   1.7867
  -32300.0 6.334488879e+10   1.0711
  -32250.0 4.427307409e+10   1.7677
  -32200.0 6.361162946e+10   0.7563
  -32150.0 5.554398218e+10   0.6573
  -32100.0  5.04514053e+10   0.5151
  -32050.0 6.526004022e+10   0.0701
  -32000.0 4.619530129e+10   0.2456
  -31950.0 5.998682816e+10   0.4679
  -31900.0  6.05067824e+10   0.6973
  -31850.0 4.576486542e+10   1.4137
  -31800.0 6.513775196e+10   0.9929
  -31750.0 5.111230331e+10   1.8232
  -31700.0 5.488559813e+10   1.6290
  -31650.0 6.392074157e+10   1.6209
  -31600.0 4.433030612e+10   2.4983
  -31550.0 6.298728159e+10   1.7186
  -31500.0 5.670166234e+10   1.8624
  -31450.0 4.929461855e+10   2.2861
  -31400.0 6.540713409e+10   1.5295
  -31350.0 4.707648372e+10   2.0439
  -31300.0 5.899767711e+10   1.6230
  -31250.0 6.138544229e+10   1.0406
  -31200.0  4.51126156e+10   1.6926
  -31150.0 6.484514785e+10   0.6226
  -31100.0 5.232028705e+10   0.6505
  -31050.0 5.368195158e+10   0.3303
  -31000.0 6.440758705e+10   0.0827
  -30950.0 4.459097174e+10   0.3975
  -30900.0 6.227774334e+10   0.5252
  -30850.0 5.781486245e+10   0.8537
  -30800.0 4.819958556e+10   1.3871
  -30750.0 6.546001319e+10   1.0722
  -30700.0 4.807289992e+10   1.9917
  -30650.0  5.79455981e+10   1.5787
  -30600.0 6.218658918e+10   1.7104
  -30550.0 4.463575464e+10   2.5029
  -30500.0 6.446017991e+10   1.7182
  -30450.0 5.353574481e+10   1.9528
  -30400.0 5.246679363e+10   2.1534
  -30350.0 6.480360748e+10   1.4328
  -30300.0 4.504544105e+10   2.1849
  -30250.0 6.148622963e+10   1.4245
  -30200.0 5.887402619e+10   1.0509
  -30150.0 4.719101904e+10   1.5382
  -30100.0 6.541851036e+10   0.5080
  -30050.0 4.915884577e+10   0.6672
  -30000.0 5.683843882e+10   0.1486
  -29950.0 6.290619445e+10   0.1364
  -29900.0 4.435107219e+10   0.5642
  -29850.0  6.39841973e+10   0.5802
  -29800.0 5.474159242e+10   1.0212
  -29750.0 5.125692385e+10   1.3653
  -29700.0 6.510740642e+10   1.1463
  -29650.0 4.567760837e+10   2.1737
  -29600.0 6.061667423e+10   1.5353
  -29550.0 5.987113517e+10   1.7914
  -29500.0  4.62945803e+10   2.4363
  -29450.0  6.52827567e+10   1.6945
  -29400.0 5.030944492e+10   2.1197
  -29350.0 5.568555834e+10   1.9968
  -29300.0 6.354096257e+10   1.3852
  -29250.0 4.426904539e+10   2.2535
  -29200.0 6.341896398e+10   1.2245
  -29150.0 5.592305158e+10   1.1153
  -29100.0 5.007152646e+10   1.2823
  -29050.0 6.531796063e+10   0.4526
  -29000.0 4.646643875e+10   0.6280
  -28950.0 5.967385713e+10   0.0489
  -28900.0 6.079949609e+10   0.1707
  -28850.0 4.553570696e+10   0.7285
  -28800.0 6.505318612e+10   0.6063
  -28750.0 5.150148472e+10   1.2576
  -28700.0 5.449805263e+10   1.3035
  -28650.0 6.408822215e+10   1.2518
  -28600.0 4.439275823e+10   2.3049
  -28550.0  6.27667191e+10   1.4962
  -28500.0 5.706747866e+10   1.9150
  -28450.0 4.893212434e+10   2.2726
  -28400.0 6.543458464e+10   1.6871
  -28350.0 4.738775247e+10   2.2907
  -28300.0 5.866355463e+10   1.8514
  -28250.0  6.16535484e+10   1.3923
  -28200.0  4.49380851e+10   2.1765
  -28150.0 6.473055045e+10   1.0843
  -28100.0 5.271390458e+10   1.1689
  -28050.0 5.328898262e+10   1.0314
  -28000.0 6.454583622e+10   0.4132
  -27950.0  4.47175707e+10   0.5062
  -27900.0 6.203025304e+10   0.0750
  -27850.0 5.816414931e+10   0.2604
  -27800.0 4.786231818e+10   0.7939
  -27750.0 6.545690696e+10   0.6534
  -27700.0 4.841595321e+10   1.5113
  -27650.0 5.759271304e+10   1.2359
  -27600.0  6.24286955e+10   1.4163
  -27550.0  4.45218893e+10   2.2967
  -27500.0  6.43159455e+10   1.5139
  -27450.0  5.39280068e+10   2.0416
  -27400.0  5.20735835e+10   2.1055
  -27350.0 6.491212954e+10   1.6823
  -27300.0 4.523161443e+10   2.4044
  -27250.0 6.121300087e+10   1.7495
  -27200.0 5.920402955e+10   1.4058
  -27150.0 4.688723252e+10   2.0372
  -27100.0 6.538485714e+10   0.9692
  -27050.0 4.952549006e+10   1.2098
  -27000.0 5.646964549e+10   0.8239
  -26950.0 6.312115932e+10   0.3559
  -26900.0 4.430202087e+10   0.3688
  -26850.0 6.381084901e+10   0.1305
  -26800.0 5.512746819e+10   0.3984
  -26750.0   5.0869422e+10   0.8085
  -26700.0 6.518583116e+10   0.7426
  -26650.0 4.591700034e+10   1.6965
  -26600.0 6.031915533e+10   1.2164
  -26550.0 6.017955243e+10   1.5831
  -26500.0 4.603260308e+10   2.2120
  -26450.0 6.521866333e+10   1.5697
  -26400.0 5.069195181e+10   2.1673
  -26350.0 5.530424833e+10   1.9932
  -26300.0 6.372785736e+10   1.6488
  -26250.0 4.428664873e+10   2.4761
  -26200.0 6.321717147e+10   1.6330
  -26150.0 5.629822332e+10   1.4452
  -26100.0 4.969645344e+10   1.8752
  -26050.0 6.536603048e+10   0.8612
  -26000.0  4.67514772e+10   1.2723
  -25950.0 5.935380147e+10   0.6231
  -25900.0 6.108441138e+10   0.3148
  -25850.0 4.532348235e+10   0.2005
  -25800.0  6.49588602e+10   0.2069
  -25750.0 5.189278419e+10   0.5437
  -25700.0 5.410822917e+10   0.8352
  -25650.0 6.424630026e+10   0.8378
  -25600.0  4.44763519e+10   1.8353
  -25550.0 6.253732142e+10   1.2196
  -25500.0 5.742827474e+10   1.7331
  -25450.0 4.857691463e+10   2.1067
  -25400.0 6.545214579e+10   1.6172
  -25350.0 4.771022704e+10   2.3376
  -25300.0 5.832307425e+10   1.8950
  -25250.0 6.191337532e+10   1.6338
  -25200.0 4.478261776e+10   2.4679
  -25150.0 6.460630756e+10   1.4872
  -25100.0  5.31076798e+10   1.5447
  -25050.0 5.289533175e+10   1.6561
  -25000.0 6.467450772e+10   0.8000
  -24950.0 4.486405716e+10   1.2934
  -24900.0 6.177428683e+10   0.4604
  -24850.0 5.850747053e+10   0.2893
  -24800.0 4.753497658e+10   0.0273
  -24750.0 6.544390397e+10   0.2575
  -24700.0 4.876752488e+10   0.7444
  -24650.0 5.723433999e+10   0.8391
  -24600.0 6.266212748e+10   0.9533
  -24550.0 4.442866117e+10   1.9082
  -24500.0 6.416222013e+10   1.2232
  -24450.0 5.431871604e+10   1.9104
  -24400.0 5.168153273e+10   1.9612
  -24350.0 6.501094103e+10   1.6783
  -24300.0 4.543578641e+10   2.4918
  -24250.0 6.093173473e+10   1.8117
  -24200.0 5.952727553e+10   1.6713
  -24150.0 4.659608021e+10   2.3361
  -24100.0 6.534133102e+10   1.3710
  -24050.0 4.989808778e+10   1.6497
  -24000.0 5.609639996e+10   1.4325
  -23950.0 6.332712746e+10   0.7697
  -23900.0 4.427447014e+10   1.2127
  -23850.0 6.362820956e+10   0.3574
  -23800.0 5.551031805e+10   0.2256
  -23750.0 5.048517249e+10   0.1447
  -23700.0 6.525445009e+10   0.3116
  -23650.0 4.617204365e+10   0.9776
  -23600.0 6.001413096e+10   0.8275
  -23550.0 6.048055254e+10   1.1309
  -23500.0 4.578589955e+10   1.8564
  -23450.0 6.514475297e+10   1.2734
  -23400.0 5.107804446e+10   2.0799
  -23350.0 5.491971181e+10   1.8321
  -23300.0 6.390549509e+10   1.7461
  -23250.0 4.432581388e+10   2.5475
  -23200.0 6.300633971e+10   1.7762
  -23150.0 5.666911305e+10   1.7199
  -23100.0  4.93269668e+10   2.1762
  -23050.0 6.540423371e+10   1.2719
  -23000.0  4.70495518e+10   1.7364
  -22950.0 5.902688214e+10   1.2363
  -22900.0 6.136136233e+10   0.7301
  -22850.0 4.512893066e+10   1.0889
  -22800.0  6.48548072e+10   0.2595
  -22750.0  5.22855393e+10   0.1511
  -22700.0 5.371661858e+10   0.2284
  -22650.0  6.43949142e+10   0.4039
  -22600.0 4.458075976e+10   1.1392
  -22550.0 6.229919697e+10   0.8533
  -22500.0 5.778372624e+10   1.3276
  -22450.0 4.822983064e+10   1.7618
  -22400.0 6.545981175e+10   1.3659
  -22350.0 4.804303001e+10   2.2182
  -22300.0 5.797650093e+10   1.7685
  -22250.0 6.216478639e+10   1.7732
  -22200.0  4.46467925e+10   2.5364
  -22150.0 6.447246462e+10   1.7361
  -22100.0 5.350103192e+10   1.7919
  -22050.0 5.250156775e+10   2.0372
  -22000.0 6.479355414e+10   1.1703
  -21950.0 4.502988111e+10   1.8353
  -21900.0 6.150997738e+10   1.0292
  -21850.0 5.884455402e+10   0.7114
  -21800.0 4.721843617e+10   0.9146
  -21750.0 6.542100851e+10   0.1633
  -21700.0  4.91267666e+10   0.1065
  -21650.0 5.687079501e+10   0.3268
  -21600.0 6.288677333e+10   0.4985
  -21550.0  4.43564336e+10   1.2476
  -21500.0 6.399906326e+10   0.9003
  -21450.0 5.470737042e+10   1.5088
  -21400.0 5.129129156e+10   1.6915
  -21350.0 6.510000716e+10   1.4526
  -21300.0 4.565723793e+10   2.3719
  -21250.0 6.064259246e+10   1.7269
  -21200.0 5.984353705e+10   1.7945
  -21150.0   4.6318432e+10   2.4706
  -21100.0 6.528794652e+10   1.6483
  -21050.0 5.027584811e+10   1.9368
  -21000.0 5.571907712e+10   1.8667
  -20950.0 6.352400825e+10   1.1126
  -20900.0  4.42685298e+10   1.8833
  -20850.0 6.343635444e+10   0.8352
  -20800.0 5.588971262e+10   0.7395
  -20750.0 5.010490581e+10   0.6656
  -20700.0 6.531323989e+10   0.1208
  -20650.0 4.644191186e+10   0.0796
  -20600.0 5.970179604e+10   0.4054
  -20550.0 6.077394687e+10   0.5881
  -20500.0 4.555528189e+10   1.3273
  -20450.0 6.506105088e+10   0.9305
  -20400.0 5.146700601e+10   1.7215
  -20350.0 5.453239035e+10   1.6051
  -20300.0 6.407380323e+10   1.5488
  -20250.0 4.438638511e+10   2.4939
  -20200.0 6.278656276e+10   1.6842
  -20150.0 5.703535669e+10   1.8764
  -20100.0  4.89638689e+10   2.3156
  -20050.0 6.543255758e+10   1.5663
  -20000.0 4.735978828e+10   2.0997
  -19950.0 5.869333359e+10   1.6780
  -19900.0 6.163019303e+10   1.1125
  -19850.0  4.49527458e+10   1.7923
  -19800.0 6.474106401e+10   0.7076
  -19750.0  5.26791141e+10   0.7538
  -19700.0 5.332373634e+10   0.4444
  -19650.0 6.453400711e+10   0.0906
  -19600.0 4.470557746e+10   0.2514
  -19550.0 6.205246161e+10   0.4419
  -19500.0 5.813352655e+10   0.7349
  -19450.0 4.789172821e+10   1.3159
  -19400.0 6.545757999e+10   0.9835
  -19350.0 4.838528948e+10   1.9395
  -19300.0 5.762411534e+10   1.5173
  -19250.0 6.240765345e+10   1.6775
  -19200.0 4.453112391e+10   2.4840
  -19150.0 6.432907141e+10   1.6850
  -19100.0 5.389340611e+10   1.9852
  -19050.0 5.210828557e+10   2.1457
  -19000.0 6.490293232e+10   1.5069
  -18950.0 4.521443134e+10   2.2083
  -18900.0 6.123746613e+10   1.5131
  -18850.0 5.917514301e+10   1.1203
  -18800.0 4.691357553e+10   1.6298
  -18750.0 6.538822813e+10   0.6108
  -18700.0 4.949284618e+10   0.7404
  -18650.0 5.650241239e+10   0.2865
  -18600.0 6.310252847e+10   0.0704
  -18550.0 4.430549087e+10   0.4189
  -18500.0 6.382653927e+10   0.4865
  -18450.0 5.509349212e+10   0.9294
  -18400.0 5.090353665e+10   1.2624
  -18350.0 6.517929699e+10   1.0835
  -18300.0 4.589520827e+10   2.0954
  -18250.0 6.034574565e+10   1.4810
  -18200.0 6.015260013e+10   1.7875
  -18150.0 4.605514531e+10   2.3900
  -18100.0 6.522472156e+10   1.7083
  -18050.0  5.06580029e+10   2.1054
  -18000.0 5.533807265e+10   2.0217
  -17950.0 6.371171722e+10   1.4460
  -17900.0 4.428422355e+10   2.2718
  -17850.0 6.323536485e+10   1.3399
  -17800.0 5.626524449e+10   1.1456
  -17750.0  4.97293771e+10   1.4351
  -17700.0 6.536218072e+10   0.5183
  -17650.0 4.672575683e+10   0.7329
  -17600.0 5.938235758e+10   0.1425
  -17550.0 6.105955797e+10   0.1222
  -17500.0 4.534153083e+10   0.5487
  -17450.0 6.496758597e+10   0.5495
  -17400.0 5.185814542e+10   1.1285
  -17350.0 5.414274873e+10   1.2328
  -17300.0 6.423271459e+10   1.1955
  -17250.0 4.446812299e+10   2.2086
  -17200.0  6.25579414e+10   1.4758
  -17150.0 5.739660963e+10   1.8781
  -17100.0 4.860798198e+10   2.2739
  -17050.0 6.545099273e+10   1.7008
  -17000.0 4.768130822e+10   2.2736
  -16950.0 5.835340448e+10   1.9028
  -16900.0 6.189075703e+10   1.4182
  -16850.0 4.479557005e+10   2.2607
  -16800.0 6.461767151e+10   1.1625
  -16750.0 5.307289916e+10   1.2226
  -16700.0  5.29301232e+10   1.1805
  -16650.0 6.466352676e+10   0.4651
  -16600.0  4.48503281e+10   0.6781
  -16550.0 6.179723901e+10   0.0494
  -16500.0 5.847738602e+10   0.1733
  -16450.0 4.756347451e+10   0.6701
  -16400.0 6.544545123e+10   0.5958
  -16350.0 4.873614294e+10   1.3614
  -16300.0 5.726621467e+10   1.1972
  -16250.0 6.264185641e+10   1.3238
  -16200.0 4.443605676e+10   2.2602
  -16150.0 6.417618224e+10   1.4718
  -16100.0 5.428427312e+10   2.0148
  -16050.0 5.171610657e+10   2.1176
  -16000.0 6.500260318e+10   1.6881
  -15950.0 4.541704147e+10   2.4343
  -15900.0 6.095690373e+10   1.7772
  -15850.0 5.949899534e+10   1.4535
  -15800.0 4.662127184e+10   2.1197
  -15750.0 6.534557373e+10   1.0406
  -15700.0 4.986495009e+10   1.2984
  -15650.0  5.61295454e+10   0.9352
  -15600.0  6.33092952e+10   0.4381
  -15550.0 4.427603492e+10   0.5219
  -15500.0 6.364471772e+10   0.0716
  -15450.0 5.547662694e+10   0.2740
  -15400.0 5.051897074e+10   0.7200
  -15350.0 6.524878324e+10   0.6534
  -15300.0 4.614890174e+10   1.5978
  -15250.0  6.00413767e+10   1.1508
  -15200.0  6.04542633e+10   1.5071
  -15150.0 4.580705926e+10   2.1795
  -15100.0 6.515167755e+10   1.5130
  -15050.0 5.104380799e+10   2.1695
  -15000.0 5.495380373e+10   1.9688
  -14950.0 6.389017579e+10   1.6921
  -14900.0 4.432148879e+10   2.4888
  -14850.0   6.3025328e+10   1.6828
  -14800.0 5.663652748e+10   1.5013
  -14750.0 4.935936491e+10   1.9362
  -14700.0 6.540125621e+10   0.9546
  -14650.0 4.702271481e+10   1.3354
  -14600.0  5.90560354e+10   0.7526
  -14550.0 6.133721898e+10   0.3872
  -14500.0 4.514538911e+10   0.3555
  -14450.0 6.486439092e+10   0.1130
  -14400.0 5.225079792e+10   0.4403
  -14350.0 5.375127564e+10   0.7218
  -14300.0 6.438216703e+10   0.7634
  -14250.0 4.457070714e+10   1.7301
  -14200.0 6.232058339e+10   1.1511
  -14150.0 5.775254592e+10   1.6919
  -14100.0 4.826014582e+10   2.0427
  -14050.0 6.545953306e+10   1.5984
  -14000.0 4.801323392e+10   2.3003
  -13950.0 5.800735839e+10   1.8891
  -13900.0 6.214291691e+10   1.6790
  -13850.0 4.465798774e+10   2.4651
  -13800.0 6.448467478e+10   1.5789
  -13750.0 5.346631137e+10   1.5580
  -13700.0 5.253634562e+10   1.7690
  -13650.0 6.478342534e+10   0.8656
  -13600.0 4.501446738e+10   1.3718
  -13550.0 6.153366111e+10   0.5844
  -13500.0 5.881503115e+10   0.3360
  -13450.0 4.724594446e+10   0.1979
  -13400.0  6.54234295e+10   0.1942
  -13350.0 4.909474079e+10   0.6057
  -13300.0 5.690311344e+10   0.7488
  -13250.0 6.286728281e+10   0.8932
  -13200.0  4.43619612e+10   1.7785
  -13150.0  6.40138561e+10   1.1922
  -13100.0 5.467312863e+10   1.8365
  -13050.0 5.132567866e+10   1.9371
  -13000.0  6.50925316e+10   1.6657
  -12950.0 4.563699644e+10   2.4406
  -12900.0 6.066845055e+10   1.8399
  -12850.0 5.981588272e+10   1.6734
  -12800.0 4.634239582e+10   2.3959
  -12750.0 6.529305953e+10   1.4373
  -12700.0 5.024228559e+10   1.6738
  -12650.0 5.575256716e+10   1.5635
  -12600.0 6.350698233e+10   0.8058
  -12550.0 4.426818312e+10   1.3709
  -12500.0 6.345367361e+10   0.4281
  -12450.0  5.58563435e+10   0.3172
  -12400.0 5.013832214e+10   0.0188
  -12350.0 6.530844228e+10   0.2654
  -12300.0 4.641749407e+10   0.7850
  -12250.0 5.972967949e+10   0.7833
  -12200.0  6.07483369e+10   1.0246
  -12150.0 4.557498849e+10   1.7909
  -12100.0 6.506883943e+10   1.2297
  -12050.0 5.143254429e+10   2.0013
  -12000.0 5.456670995e+10   1.8354
  -11950.0 6.405931096e+10   1.7115
  -11900.0 4.438017726e+10   2.5588
  -11850.0 6.280633738e+10   1.7794
  -11800.0 5.700319576e+10   1.7351
  -11750.0 4.899566974e+10   2.2464
  -11700.0 6.543045333e+10   1.3187
  -11650.0 4.733191216e+10   1.8128
  -11600.0 5.872306273e+10   1.3296
  -11550.0 6.160677312e+10   0.7965
  -11500.0 4.496755491e+10   1.2432
  -11450.0 6.475150225e+10   0.3280
  -11400.0 5.264432523e+10   0.2731
  -11350.0 5.335848435e+10   0.1342
  -11300.0 6.452210328e+10   0.3207
  -11250.0 4.469373984e+10   0.9944
  -11200.0 6.207460392e+10   0.7930
  -11150.0 5.810285741e+10   1.2079
  -11100.0  4.79212151e+10   1.7236
  -11050.0 6.545817576e+10   1.2902
  -11000.0 4.835469281e+10   2.1854
  -10950.0 5.765547458e+10   1.7364
  -10900.0 6.238654377e+10   1.7703
  -10850.0 4.454051938e+10   2.5515
  -10800.0 6.434212321e+10   1.7395
  -10750.0 5.385879365e+10   1.8330
  -10700.0 5.214299623e+10   2.0711
  -10650.0 6.489365933e+10   1.2432
  -10600.0 4.519738924e+10   1.8980
  -10550.0 6.126186854e+10   1.1324
  -10500.0 5.914620388e+10   0.7886
  -10450.0 4.694001655e+10   1.0507
  -10400.0 6.539152205e+10   0.2510
  -10350.0 4.946024931e+10   0.1901
  -10300.0 5.653514427e+10   0.2191
  -10250.0 6.308382746e+10   0.4097
  -10200.0 4.430912863e+10   1.1253
  -10150.0 6.384215696e+10   0.8224
  -10100.0 5.505949273e+10   1.4237
  -10050.0 5.093767617e+10   1.6220
  -10000.0 6.517268629e+10   1.3978
   -9950.0 4.587353895e+10   2.3227
   -9900.0 6.037227724e+10   1.6924
   -9850.0 6.012559007e+10   1.8153
   -9800.0 4.607780621e+10   2.4574
   -9750.0 6.523070314e+10   1.6985
   -9700.0 5.062408246e+10   1.9427
   -9650.0 5.537187147e+10   1.9290
   -9600.0 6.369550486e+10   1.1757
   -9550.0  4.42819668e+10   1.9408
   -9500.0 6.325348761e+10   0.9517
   -9450.0 5.623223249e+10   0.7863
   -9400.0 4.976234381e+10   0.8422
   -9350.0 6.535825396e+10   0.1690
   -9300.0 4.670013881e+10   0.1205
   -9250.0 5.941085996e+10   0.3042
   -9200.0  6.10346425e+10   0.5202
   -9150.0 4.535971678e+10   1.1815
   -9100.0 6.497623579e+10   0.8830
   -9050.0 5.182351845e+10   1.6143
   -9000.0 5.417725398e+10   1.5580
   -8950.0 6.421905509e+10   1.5078
   -8900.0 4.446005684e+10   2.4243
   -8850.0 6.257849317e+10   1.6834
   -8800.0 5.736490301e+10   1.8588
   -8750.0 4.863911216e+10   2.3455
   -8700.0 6.544976243e+10   1.6128
   -8650.0 4.765247062e+10   2.1018
   -8600.0 5.838368694e+10   1.7720
   -8550.0 6.186807313e+10   1.1398
   -8500.0 4.480867531e+10   1.9202
   -8450.0  6.46289605e+10   0.7804
   -8400.0 5.303811558e+10   0.8283
   -8350.0 5.296491334e+10   0.5982
   -8300.0  6.46524707e+10   0.1288
   -8250.0 4.483675041e+10   0.0660
   -8200.0 6.182012597e+10   0.3875
   -8150.0 5.844725298e+10   0.6252
   -8100.0 4.759205614e+10   1.2256
   -8050.0 6.544692128e+10   0.9350
   -8000.0 4.870482143e+10   1.8156
   -7950.0 5.729804875e+10   1.5049
   -7900.0 6.262151682e+10   1.6065
   -7850.0  4.44436161e+10   2.4777
   -7800.0 6.419007068e+10   1.6651
   -7750.0 5.424981448e+10   1.9709
   -7700.0 5.175069406e+10   2.1935
   -7650.0 6.499418928e+10   1.5299
   -7600.0 4.539843194e+10   2.2694
   -7550.0 6.098201114e+10   1.5787
   -7500.0 5.947066077e+10   1.1716
   -7450.0 4.664656829e+10   1.7633
   -7400.0 6.534973948e+10   0.6695
   -7350.0 4.983185322e+10   0.8661
   -7300.0 5.616265873e+10   0.3816
   -7250.0 6.329139207e+10   0.1129
   -7200.0 4.427776839e+10   0.2462
   -7150.0 6.366115389e+10   0.4287
   -7100.0 5.544290913e+10   0.7822
   -7050.0 5.055279956e+10   1.2132
   -7000.0 6.524303968e+10   0.9950
   -6950.0 4.612587613e+10   2.0292
   -6900.0 6.006856522e+10   1.4392
   -6850.0 6.042791482e+10   1.7371
   -6800.0 4.582834399e+10   2.3996
   -6750.0 6.515852568e+10   1.6711
   -6700.0 5.100959439e+10   2.1291
   -6650.0 5.498787359e+10   2.0279
   -6600.0 6.387478371e+10   1.4971
   -6550.0 4.431733096e+10   2.3298
   -6500.0 6.304424639e+10   1.4117
   -6450.0 5.660390589e+10   1.2205
   -6400.0 4.939181232e+10   1.5375
   -6350.0  6.53982016e+10   0.6045
   -6300.0 4.699597336e+10   0.8436
   -6250.0 5.908513675e+10   0.2473
   -6200.0 6.131301235e+10   0.0734
   -6150.0  4.51619905e+10   0.4172
   -6100.0 6.487389896e+10   0.4640
   -6050.0 5.221606336e+10   1.0096
   -6000.0 5.378592239e+10   1.1555
   -5950.0 6.436934559e+10   1.1129
   -5900.0 4.456081418e+10   2.1488
   -5850.0 6.234190251e+10   1.4169
   -5800.0 5.772132168e+10   1.8687
   -5750.0 4.829053051e+10   2.2448
   -5700.0 6.545917711e+10   1.7066
   -5650.0 4.798351222e+10   2.2710
   -5600.0 5.803817027e+10   1.9178
   -5550.0 6.212098081e+10   1.4763
   -5500.0 4.466934003e+10   2.2942
   -5450.0 6.449681036e+10   1.2650
   -5400.0 5.343158355e+10   1.2648
   -5350.0 5.257112681e+10   1.3210
   -5300.0 6.477322111e+10   0.5349
   -5250.0 4.499920028e+10   0.7972
   -5200.0 6.155728071e+10   0.1358
   -5150.0 5.878545776e+10   0.1116
   -5100.0 4.727354332e+10   0.5134
   -5050.0 6.542577332e+10   0.5322
   -5000.0 4.906276891e+10   1.2299
   -4950.0 5.693539385e+10   1.1260
   -4900.0 6.284772296e+10   1.2620
   -4850.0 4.436765482e+10   2.1716
   -4800.0 6.402857578e+10   1.4454
   -4750.0 5.463886739e+10   1.9759
   -4700.0 5.136008467e+10   2.1129
   -4650.0 6.508497975e+10   1.7106
   -4600.0 4.561688445e+10   2.4115
   -4550.0 6.069424838e+10   1.8328
   -4500.0 5.978817235e+10   1.4706
   -4450.0 4.636647115e+10   2.2085
   -4400.0 6.529809571e+10   1.1140
   -4350.0 5.020875787e+10   1.3474
   -4300.0 5.578602817e+10   1.0840
   -4250.0 6.348988487e+10   0.4803
   -4200.0 4.426800538e+10   0.7165
   -4150.0 6.347092141e+10   0.0429
   -4100.0 5.582294448e+10   0.1850
   -4050.0 5.017177489e+10   0.6012
   -4000.0  6.53035678e+10   0.6045
   -3950.0 4.639318598e+10   1.4314
   -3900.0 5.975750734e+10   1.1222
   -3850.0 6.072266628e+10   1.4096
   -3800.0 4.559482624e+10   2.1458
   -3750.0 6.507655175e+10   1.4793
   -3700.0 5.139810002e+10   2.1181
   -3650.0 5.460101109e+10   1.9945
   -3600.0 6.404474539e+10   1.6885
   -3550.0 4.437413487e+10   2.5287
   -3500.0  6.28260429e+10   1.7206
   -3450.0 5.697099609e+10   1.5284
   -3400.0 4.902752628e+10   2.0437
   -3350.0  6.54282719e+10   1.0007
   -3300.0 4.730412472e+10   1.4459
   -3250.0 5.875274189e+10   0.8471
   -3200.0 6.158328878e+10   0.4634
   -3150.0 4.498251201e+10   0.5336
   -3100.0 6.476186513e+10   0.0768
   -3050.0 5.260953841e+10   0.2838
   -3000.0 5.339322625e+10   0.6595
   -2950.0 6.451012476e+10   0.6732
   -2900.0  4.46820582e+10   1.6229
   -2850.0  6.20966799e+10   1.1067
   -2800.0 5.807214208e+10   1.5908
   -2750.0 4.795077827e+10   2.0416
   -2700.0 6.545869428e+10   1.5320
   -2650.0 4.832416381e+10   2.2969
   -2600.0 5.768679055e+10   1.8782
   -2550.0 6.236536653e+10   1.6972
   -2500.0 4.455007541e+10   2.5194
   -2450.0 6.435510084e+10   1.6129
   -2400.0 5.382416976e+10   1.6213
   -2350.0 5.217771504e+10   1.8379
   -2300.0 6.488431059e+10   0.9381
   -2250.0 4.518048861e+10   1.4802
   -2200.0   6.1286208e+10   0.6754
   -2150.0 5.911721232e+10   0.4340
   -2100.0 4.696655499e+10   0.3307
   -2050.0 6.539473888e+10   0.1179
   -2000.0     4.94277e+10   0.4595
   -1950.0 5.656784088e+10   0.6716
   -1900.0 6.306505635e+10   0.7895
   -1850.0 4.431293405e+10   1.7064
   -1800.0 6.385770202e+10   1.1193
   -1750.0 5.502547031e+10   1.7837
   -1700.0 5.097184007e+10   1.8993
   -1650.0  6.51659991e+10   1.6245
   -1600.0 4.585199294e+10   2.4324
   -1550.0 6.039874998e+10   1.8174
   -1500.0 6.009852238e+10   1.7162
   -1450.0 4.610058519e+10   2.4143
   -1400.0 6.523660807e+10   1.5105
   -1350.0   5.0590191e+10   1.7138
   -1300.0  5.54056445e+10   1.6548
   -1250.0 6.367922035e+10   0.8797
   -1200.0 4.427987856e+10   1.4662
   -1150.0 6.327153969e+10   0.5344
   -1100.0 5.619918757e+10   0.3895
   -1050.0 4.979535302e+10   0.1678
   -1000.0  6.53542502e+10   0.1897
    -950.0 4.667462376e+10   0.6406
    -900.0 5.943930844e+10   0.6986
    -850.0 6.100966508e+10   0.9420
    -800.0 4.537803972e+10   1.6925
    -750.0 6.498480964e+10   1.1788
    -700.0 5.178890371e+10   1.9381
    -650.0 5.421174458e+10   1.8030
    -600.0 6.420532179e+10   1.7000
    -550.0 4.445215371e+10   2.5236
    -500.0 6.259897668e+10   1.7935
    -450.0  5.73331551e+10   1.7432
    -400.0 4.867030458e+10   2.2959
    -350.0 6.544845489e+10   1.3847
    -300.0 4.762371483e+10   1.8430
    -250.0 5.841392147e+10   1.4519
    -200.0 6.184532373e+10   0.8377
    -150.0 4.482193317e+10   1.4036
    -100.0 6.464017448e+10   0.3967
     -50.0 5.300332948e+10   0.3734
       0.0 5.299970179e+10   0.0000
      50.0 6.464133958e+10   0.2698
     100.0  4.48233245e+10   0.8035
     150.0 6.184294761e+10   0.7481
     200.0 5.841707161e+10   1.0928
     250.0 4.762072086e+10   1.6661
     300.0 6.544831409e+10   1.2424
     350.0 4.867356095e+10   2.1017
     400.0   5.7329842e+10   1.7376
     450.0  6.26011088e+10   1.7367
     500.0 4.445133895e+10   2.5726
     550.0 6.420388541e+10   1.7457
     600.0 5.421534047e+10   1.8392
     650.0 5.178529475e+10   2.1445
     700.0 6.498569936e+10   1.2776
     750.0 4.537995833e+10   1.9903
     800.0 6.100705683e+10   1.2161
     850.0 5.944227199e+10   0.8539
     900.0 4.667196895e+10   1.2167
     950.0 6.535382825e+10   0.3058
    1000.0 4.979879771e+10   0.3436
    1050.0  5.61957397e+10   0.1466
    1100.0 6.327341812e+10   0.3239
    1150.0 4.427967049e+10   0.9874
    1200.0 6.367751802e+10   0.7733
    1250.0 5.540916492e+10   1.2809
    1300.0 5.058665842e+10   1.6060
    1350.0 6.523721943e+10   1.3091
    1400.0  4.61029674e+10   2.2956
    1450.0  6.00956964e+10   1.6640
    1500.0 6.040150721e+10   1.7981
    1550.0  4.58497532e+10   2.5014
    1600.0 6.516529734e+10   1.6912
    1650.0 5.097540413e+10   1.9943
    1700.0 5.502192108e+10   1.9610
    1750.0  6.38593189e+10   1.2351
    1800.0 4.431334054e+10   2.0392
    1850.0 6.306309483e+10   1.0257
    1900.0 5.657124851e+10   0.8870
    1950.0 4.942430846e+10   0.9604
    2000.0  6.53950699e+10   0.2582
    2050.0 4.696932806e+10   0.2388
    2100.0 5.911418602e+10   0.2290
    2150.0 6.128874254e+10   0.4014
    2200.0 4.517873435e+10   1.0992
    2250.0 6.488333132e+10   0.7969
    2300.0 5.218133604e+10   1.5201
    2350.0 5.382055847e+10   1.5083
    2400.0  6.43564499e+10   1.4259
    2450.0 4.455108117e+10   2.4132
    2500.0 6.236315424e+10   1.6274
    2550.0 5.769005374e+10   1.8841
    2600.0 4.832098411e+10   2.3425
    2650.0  6.54587439e+10   1.6496
    2700.0 4.795386554e+10   2.1393
    2750.0 5.806893637e+10   1.8086
    2800.0  6.20989782e+10   1.2170
    2850.0 4.468084902e+10   1.9836
    2900.0 6.450887132e+10   0.8828
    2950.0 5.339684883e+10   0.9042
    3000.0 5.260591091e+10   0.7333
    3050.0 6.476294146e+10   0.2009
    3100.0 4.498408027e+10   0.1089
    3150.0 6.158083608e+10   0.2894
    3200.0   5.8755834e+10   0.5284
    3250.0 4.730123213e+10   1.1177
    3300.0 6.542803998e+10   0.8591
    3350.0 4.903085153e+10   1.7333
    3400.0 5.696763602e+10   1.4415
    3450.0 6.282809384e+10   1.5633
    3500.0 4.437351429e+10   2.4291
    3550.0 6.404322225e+10   1.6400
    3600.0   5.4604587e+10   1.9730
    3650.0 5.139450913e+10   2.1963
    3700.0 6.507735162e+10   1.5868
    3750.0 4.559690249e+10   2.2764
    3800.0 6.071998582e+10   1.6632
    3850.0 5.976040607e+10   1.2140
    3900.0 4.639065742e+10   1.8705
    3950.0 6.530305505e+10   0.7518
    4000.0 5.017526549e+10   0.9403
    4050.0 5.581945986e+10   0.5218
    4100.0 6.347271594e+10   0.1542
    4150.0 4.426799657e+10   0.0661
    4200.0  6.34880978e+10   0.3608
    4250.0 5.578951586e+10   0.6687
    4300.0 5.020526356e+10   1.1231
    4350.0 6.529861647e+10   0.9369
    4400.0 4.636898817e+10   1.9167
    4450.0 5.978527944e+10   1.4108
    4500.0 6.069693515e+10   1.6798
    4550.0 4.561479461e+10   2.3862
    4600.0 6.508418783e+10   1.6535
    4650.0 5.136367367e+10   2.1104
    4700.0 5.463529345e+10   2.0630
    4750.0 6.403010656e+10   1.5238
    4800.0 4.436825812e+10   2.3881
    4850.0 6.284567923e+10   1.4835
    4900.0 5.693875792e+10   1.2670
    4950.0 4.905943795e+10   1.6715
    5000.0  6.54260133e+10   0.6593
    5050.0 4.727642657e+10   0.9781
    5100.0 5.878237088e+10   0.3331
    5150.0 6.155974011e+10   0.1342
    5200.0 4.499761666e+10   0.2522
    5250.0 6.477215265e+10   0.4104
    5300.0 5.257475403e+10   0.8477
    5350.0 5.342796166e+10   1.1126
    5400.0 6.449807159e+10   1.0182
    5450.0 4.467053289e+10   2.0870
    5500.0 6.211868944e+10   1.3759
    5550.0 5.804138076e+10   1.8146
    5600.0  4.79804171e+10   2.2626
    5650.0 6.545913554e+10   1.6685
    5700.0 4.829370306e+10   2.2958
    5750.0 5.771806304e+10   1.9227
    5800.0 6.234412183e+10   1.5176
    5850.0 4.455979173e+10   2.3714
    5900.0 6.436800427e+10   1.3242
    5950.0 5.378953481e+10   1.3503
    6000.0 5.221244158e+10   1.4178
    6050.0 6.487488612e+10   0.6171
    6100.0 4.516372993e+10   0.9340
    6150.0 6.131048439e+10   0.2204
    6200.0  5.90881685e+10   0.0820
    6250.0 4.699319024e+10   0.4103
    6300.0 6.539787862e+10   0.4441
    6350.0 4.939519881e+10   1.0986
    6400.0 5.660050198e+10   1.0639
    6450.0 6.304621521e+10   1.1561
    6500.0 4.431690701e+10   2.1425
    6550.0  6.38731744e+10   1.3717
    6600.0 5.499142518e+10   1.9703
    6650.0 5.100602786e+10   2.0893
    6700.0 6.515923541e+10   1.7087
    6750.0 4.583057078e+10   2.4351
    6800.0 6.042516374e+10   1.8285
    6850.0 6.007139719e+10   1.5384
    6900.0  4.61234817e+10   2.2441
    6950.0 6.524243632e+10   1.2052
    7000.0 5.055632903e+10   1.4144
    7050.0 5.543939145e+10   1.1960
    7100.0 6.366286374e+10   0.5699
    7150.0 4.427795887e+10   0.8319
    7200.0 6.328952102e+10   0.1365
    7250.0 5.616610999e+10   0.0913
    7300.0 4.982840419e+10   0.4817
    7350.0 6.535016946e+10   0.5154
    7400.0 4.664921226e+10   1.3246
    7450.0 5.946770287e+10   1.0385
    7500.0 6.098462583e+10   1.3391
    7550.0 4.539649912e+10   2.0787
    7600.0 6.499330749e+10   1.4274
    7650.0 5.175430168e+10   2.1023
    7700.0 5.424622018e+10   1.9627
    7750.0 6.419151475e+10   1.7248
    7800.0 4.444441382e+10   2.5127
    7850.0 6.261939183e+10   1.7656
    7900.0 5.730136612e+10   1.5634
    7950.0 4.870155867e+10   2.1039
    8000.0 6.544707013e+10   1.0870
    8050.0 4.759504148e+10   1.4916
    8100.0 5.844410786e+10   0.9858
    8150.0  6.18225089e+10   0.5185
    8200.0 4.483534324e+10   0.7073
    8250.0 6.465131343e+10   0.0508
    8300.0 5.296854123e+10   0.1900
    8350.0 5.303448813e+10   0.5420
    8400.0 6.463013342e+10   0.6112
    8450.0 4.481005075e+10   1.4791
    8500.0 6.186570384e+10   1.0573
    8550.0  5.83868421e+10   1.5094
    8600.0 4.764946808e+10   1.9937
    8650.0 6.544962968e+10   1.4977
    8700.0 4.864236206e+10   2.2458
    8750.0 5.736159421e+10   1.8843
    8800.0 6.258063242e+10   1.7079
    8850.0 4.445922507e+10   2.5456
    8900.0  6.42176264e+10   1.6651
    8950.0 5.418085142e+10   1.6418
    9000.0 5.181990818e+10   1.9375
    9050.0 6.497713344e+10   0.9873
    9100.0 4.536162115e+10   1.5852
    9150.0  6.10320407e+10   0.7714
    9200.0 5.941382914e+10   0.5058
    9250.0 4.669747323e+10   0.5069
    9300.0 6.535784004e+10   0.0793
    9350.0  4.97657841e+10   0.2962
    9400.0 5.622878804e+10   0.6076
    9450.0 6.325537342e+10   0.6982
    9500.0 4.428174117e+10   1.6044
    9550.0 6.369381005e+10   1.0737
    9600.0 5.537539459e+10   1.6850
    9650.0 5.062054683e+10   1.8940
    9700.0  6.52313225e+10   1.5615
    9750.0 4.608017614e+10   2.4250
    9800.0 6.012277009e+10   1.8053
    9850.0 6.037504062e+10   1.7287
    9900.0 4.587128633e+10   2.4732
    9950.0 6.517199251e+10   1.5457
   10000.0 5.094123771e+10   1.7778
   10050.0 5.505594588e+10   1.7250
   10100.0 6.384378142e+10   0.9467
   10150.0 4.430951764e+10   1.5909
   10200.0 6.308187325e+10   0.6115
   10250.0 5.653855558e+10   0.5003
   10300.0 4.945685277e+10   0.2833
   10350.0 6.539186111e+10   0.1206
   10400.0 4.694277949e+10   0.4792
   10450.0 5.914318303e+10   0.6329
   10500.0 6.126440965e+10   0.8195
   10550.0 4.519562019e+10   1.6431
   10600.0 6.489268796e+10   1.0963
   10650.0  5.21466164e+10   1.8891
   10700.0 5.385518353e+10   1.7674
   10750.0    6.434348e+10   1.6534
   10800.0 4.454150841e+10   2.5364
   10850.0 6.238433852e+10   1.7566
   10900.0 5.765874229e+10   1.7921
   10950.0 4.835150602e+10   2.3113
   11000.0 6.545823344e+10   1.4519
   11050.0 4.792429445e+10   1.9017
   11100.0 5.809965651e+10   1.5268
   11150.0 6.207690915e+10   0.9262
   11200.0 4.469251437e+10   1.4955
   11250.0 6.452085763e+10   0.5004
   11300.0 5.336210759e+10   0.4633
   11350.0  5.26406975e+10   0.1253
   11400.0 6.475258643e+10   0.1737
   11450.0 4.496910776e+10   0.6789
   11500.0 6.160432714e+10   0.6539
   11550.0 5.872616007e+10   0.9966
   11600.0 4.732901028e+10   1.5867
   11650.0 6.543022945e+10   1.1663
   11700.0 4.899898921e+10   2.0649
   11750.0 5.699983972e+10   1.6796
   11800.0 6.280839554e+10   1.7402
   11850.0 4.437953942e+10   2.5435
   11900.0 6.405779546e+10   1.7471
   11950.0  5.45702878e+10   1.8666
   12000.0 5.142895155e+10   2.1605
   12050.0 6.506964725e+10   1.3599
   12100.0 4.557705109e+10   2.0131
   12150.0 6.074566275e+10   1.3345
   12200.0 5.973258403e+10   0.9099
   12250.0 4.641495404e+10   1.3513
   12300.0 6.530793755e+10   0.3934
   12350.0 5.014180896e+10   0.4305
   12400.0 5.585286198e+10   0.0198
   12450.0 6.345547558e+10   0.2549
   12500.0  4.42681567e+10   0.8262
   12550.0 6.350520271e+10   0.7031
   12600.0  5.57560579e+10   1.1829
   12650.0 5.023878762e+10   1.5275
   12700.0  6.52935883e+10   1.2587
   12750.0 4.634490124e+10   2.2179
   12800.0 5.981299565e+10   1.6402
   12850.0 6.067114362e+10   1.7903
   12900.0 4.563489307e+10   2.4944
   12950.0 6.509174764e+10   1.7169
   13000.0 5.132926571e+10   1.9906
   13050.0 5.466955671e+10   2.0198
   13100.0 6.401539452e+10   1.2808
   13150.0  4.43625472e+10   2.1085
   13200.0 6.286524631e+10   1.1243
   13250.0 5.690648148e+10   0.9397
   13300.0 4.909140418e+10   1.1274
   13350.0 6.542367752e+10   0.3137
   13400.0  4.72488183e+10   0.3907
   13450.0 5.881194954e+10   0.1437
   13500.0  6.15361272e+10   0.3220
   13550.0 4.501286844e+10   0.9613
   13600.0 6.478236475e+10   0.7452
   13650.0 5.253997252e+10   1.3856
   13700.0 5.346269022e+10   1.4753
   13750.0 6.448594379e+10   1.3483
   13800.0 4.465916425e+10   2.3718
   13850.0 6.214063248e+10   1.6007
   13900.0 5.801057364e+10   1.8664
   13950.0   4.8010131e+10   2.3741
   14000.0 6.545949955e+10   1.6596
   14050.0 4.826331116e+10   2.1747
   14100.0 5.774929184e+10   1.8506
   14150.0 6.232280973e+10   1.2678
   14200.0 4.456966802e+10   2.0855
   14250.0 6.438083346e+10   0.9547
   14300.0 5.375488915e+10   0.9999
   14350.0 5.224717541e+10   0.8538
   14400.0 6.486538597e+10   0.2823
   14450.0 4.514711367e+10   0.2605
   14500.0 6.133469762e+10   0.2217
   14550.0 5.905907257e+10   0.4040
   14600.0 4.701992169e+10   1.0409
   14650.0 6.540094127e+10   0.7742
   14700.0  4.93627463e+10   1.6381
   14750.0 5.663312732e+10   1.3933
   14800.0 6.302730411e+10   1.4811
   14850.0 4.432104739e+10   2.4231
   14900.0 6.388857407e+10   1.5818
   14950.0 5.495735764e+10   1.9946
   15000.0 5.104023906e+10   2.1911
   15050.0 6.515239526e+10   1.6255
   15100.0 4.580927304e+10   2.3191
   15150.0  6.04515184e+10   1.7005
   15200.0 6.004421464e+10   1.2926
   15250.0 4.614649514e+10   1.9359
   15300.0 6.524818787e+10   0.8490
   15350.0 5.052249706e+10   1.0267
   15400.0 5.547311203e+10   0.6407
   15450.0 6.364643508e+10   0.2383
   15500.0 4.427620782e+10   0.0833
   15550.0 6.330743154e+10   0.2631
   15600.0 5.613300002e+10   0.5592
   15650.0 4.986149677e+10   1.0283
   15700.0 6.534601174e+10   0.8463
   15750.0 4.662390492e+10   1.8517
   15800.0 5.949604309e+10   1.3335
   15850.0 6.095952486e+10   1.6469
   15900.0  4.54150945e+10   2.3398
   15950.0 6.500172931e+10   1.6204
   16000.0 5.171971279e+10   2.1217
   16050.0 5.428068043e+10   2.0433
   16100.0 6.417763399e+10   1.5939
   16150.0 4.443683742e+10   2.3876
   16200.0 6.263973856e+10   1.5726
   16250.0 5.726953629e+10   1.3165
   16300.0 4.873287384e+10   1.7617
   16350.0 6.544560814e+10   0.7543
   16400.0 4.756645116e+10   1.0403
   16450.0 5.847424595e+10   0.4742
   16500.0 6.179962875e+10   0.1755
   16550.0 4.484890511e+10   0.0932
   16600.0 6.466237732e+10   0.3239
   16650.0 5.293375125e+10   0.7452
   16700.0 5.306927199e+10   1.0056
   16750.0 6.461885225e+10   0.9592
   16800.0 4.479692955e+10   1.9787
   16850.0 6.188839457e+10   1.3292
   16900.0 5.835656462e+10   1.7823
   16950.0 4.767829718e+10   2.2202
   17000.0 6.545086804e+10   1.6699
   17050.0 4.861122537e+10   2.2603
   17100.0 5.739330514e+10   1.9478
   17150.0 6.256008776e+10   1.5542
   17200.0 4.446727423e+10   2.4040
   17250.0  6.42312936e+10   1.4179
   17300.0 5.414634768e+10   1.3754
   17350.0  5.18545339e+10   1.5607
   17400.0 6.496849154e+10   0.6703
   17450.0 4.534342088e+10   1.0580
   17500.0 6.105696263e+10   0.3158
   17550.0 5.938533238e+10   0.1379
   17600.0 4.672308054e+10   0.2372
   17650.0 6.536177483e+10   0.3920
   17700.0 4.973281293e+10   0.9385
   17750.0 5.626180349e+10   1.0062
   17800.0 6.323725803e+10   1.0764
   17850.0 4.428398035e+10   2.0585
   17900.0 6.371002993e+10   1.3398
   17950.0 5.534159845e+10   1.9116
   18000.0 5.065446427e+10   2.0953
   18050.0 6.522534891e+10   1.6925
   18100.0  4.60575029e+10   2.4326
   18150.0 6.014978617e+10   1.8514
   18200.0 6.034851516e+10   1.5615
   18250.0 4.589294281e+10   2.3255
   18300.0 6.517861118e+10   1.2658
   18350.0 5.090709563e+10   1.4830
   18400.0 5.508994769e+10   1.3111
   18450.0  6.38281713e+10   0.6334
   18500.0 4.430586238e+10   0.9938
   18550.0 6.310058157e+10   0.2056
   18600.0 5.650582737e+10   0.0921
   18650.0 4.948944471e+10   0.3756
   18700.0 6.538857523e+10   0.4406
   18750.0 4.691632828e+10   1.1762
   18800.0 5.917212763e+10   0.9876
   18850.0  6.12400138e+10   1.2291
   18900.0 4.521264756e+10   2.0490
   18950.0 6.490196885e+10   1.3615
   19000.0 5.211190487e+10   2.0793
   19050.0  5.38897972e+10   1.9490
   19100.0 6.433043594e+10   1.7224
   19150.0 4.453209618e+10   2.5411
   19200.0 6.240545525e+10   1.7695
   19250.0 5.762738755e+10   1.6181
   19300.0 4.838209566e+10   2.1535
   19350.0 6.545764572e+10   1.1635
   19400.0 4.789479958e+10   1.5702
   19450.0 5.813033048e+10   1.0886
   19500.0 6.205477375e+10   0.6072
   19550.0 4.470433574e+10   0.8389
   19600.0 6.453276925e+10   0.1357
   19650.0 5.332736021e+10   0.0807
   19700.0 5.267548617e+10   0.4423
   19750.0 6.474215604e+10   0.5151
   19800.0  4.49542832e+10   1.3778
   19850.0 6.162775377e+10   0.9764
   19900.0 5.869643613e+10   1.4317
   19950.0 4.735687718e+10   1.9393
   20000.0 6.543234175e+10   1.4360
   20050.0 4.896718254e+10   2.2334
   20100.0  5.70320047e+10   1.8445
   20150.0 6.278862812e+10   1.7473
   20200.0 4.438573002e+10   2.5382
   20250.0 6.407229537e+10   1.7106
   20300.0 5.453597012e+10   1.6817
   20350.0 5.146341148e+10   1.9879
   20400.0 6.506186664e+10   1.0758
   20450.0 4.555733079e+10   1.6330
   20500.0 6.077127905e+10   0.9013
   20550.0 5.970470637e+10   0.5681
   20600.0 4.643936042e+10   0.6695
   20650.0 6.531274318e+10   0.0600
   20700.0 5.010838881e+10   0.1970
   20750.0 5.588623423e+10   0.4906
   20800.0 6.343816385e+10   0.6278
   20850.0 4.426848575e+10   1.4744
   20900.0 6.352223609e+10   1.0108
   20950.0 5.572257088e+10   1.6189
   21000.0 5.027234654e+10   1.8307
   21050.0  6.52884833e+10   1.5334
   21100.0 4.632092577e+10   2.3670
   21150.0 5.984065582e+10   1.7997
   21200.0 6.064529181e+10   1.7490
   21250.0 4.565512107e+10   2.4813
   21300.0 6.509923116e+10   1.6168
   21350.0 5.129487661e+10   1.7825
   21400.0 5.470380054e+10   1.8274
   21450.0  6.40006093e+10   0.9962
   21500.0 4.435700227e+10   1.6868
   21550.0 6.288474406e+10   0.7148
   21600.0 5.687416701e+10   0.5578
   21650.0 4.912342439e+10   0.4648
   21700.0 6.542126458e+10   0.0762
   21750.0 4.722130054e+10   0.3149
   21800.0 5.884147768e+10   0.5591
   21850.0 6.151245016e+10   0.7385
   21900.0  4.50282669e+10   1.5281
   21950.0 6.479250142e+10   1.0571
   22000.0 5.250519429e+10   1.7882
   22050.0 5.349741154e+10   1.7517
   22100.0  6.44737414e+10   1.6083
   22150.0 4.464795262e+10   2.5066
   22200.0 6.216250891e+10   1.7583
   22250.0 5.797972093e+10   1.7876
   22300.0 4.803991936e+10   2.3698
   22350.0  6.54597863e+10   1.4936
   22400.0  4.82329887e+10   1.9468
   22450.0 5.778047676e+10   1.6182
   22500.0 6.230143033e+10   0.9734
   22550.0 4.457970401e+10   1.6420
   22600.0 6.439358837e+10   0.5657
   22650.0 5.372023315e+10   0.5737
   22700.0 5.228191609e+10   0.2410
   22750.0 6.485581014e+10   0.1246
   22800.0 4.513064029e+10   0.4947
   22850.0 6.135884758e+10   0.6016
   22900.0 5.902992471e+10   0.8674
   22950.0 4.704674875e+10   1.5370
   23000.0 6.540392681e+10   1.0940
   23050.0 4.933034302e+10   1.9967
   23100.0 5.666571665e+10   1.6569
   23150.0  6.30083231e+10   1.6922
   23200.0 4.432535504e+10   2.5626
   23250.0 6.390390096e+10   1.7187
   23300.0   5.4923268e+10   1.8972
   23350.0 5.107447317e+10   2.1909
   23400.0 6.514547865e+10   1.4117
   23450.0 4.578810027e+10   2.0846
   23500.0 6.047781382e+10   1.4080
   23550.0 6.001697487e+10   0.9919
   23600.0 4.616962495e+10   1.4651
   23650.0 6.525386273e+10   0.4798
   23700.0 5.048869559e+10   0.5467
   23750.0 5.550680594e+10   0.0921
   23800.0 6.362993442e+10   0.1608
   23850.0 4.427462544e+10   0.6997
   23900.0 6.332527119e+10   0.6199
   23950.0 5.609985792e+10   1.0674
   24000.0 4.989463023e+10   1.4669
   24050.0 6.534177705e+10   1.1717
   24100.0 4.659870233e+10   2.1848
   24150.0 5.952432896e+10   1.5816
   24200.0 6.093436227e+10   1.7917
   24250.0 4.543382535e+10   2.4815
   24300.0  6.50100751e+10   1.7142
   24350.0  5.16851375e+10   2.0227
   24400.0 5.431512501e+10   2.0286
   24450.0 6.416367957e+10   1.3600
   24500.0 4.442942474e+10   2.1432
   24550.0 6.266001678e+10   1.2318
   24600.0 5.723766583e+10   1.0060
   24650.0 4.876424951e+10   1.2536
   24700.0 6.544406893e+10   0.4050
   24750.0 4.753794447e+10   0.4865
   24800.0 5.850433554e+10   0.0394
   24850.0 6.177668337e+10   0.2386
   24900.0 4.486261841e+10   0.8216
   24950.0 6.467336611e+10   0.6635
   25000.0 5.289895992e+10   1.2924
   25050.0 5.310405296e+10   1.3913
   25100.0 6.460749611e+10   1.2933
   25150.0 4.478396129e+10   2.2995
   25200.0 6.191101971e+10   1.5628
   25250.0 5.832623937e+10   1.8701
   25300.0 4.770720756e+10   2.3519
   25350.0 6.545202916e+10   1.7001
   25400.0 4.858015144e+10   2.1616
   25450.0 5.742497459e+10   1.9048
   25500.0 6.253947489e+10   1.3169
   25550.0 4.447548618e+10   2.1439
   25600.0 6.424488697e+10   1.0600
   25650.0 5.411182959e+10   1.0413
   25700.0 5.188917146e+10   1.0221
   25750.0 6.495977369e+10   0.3345
   25800.0 4.532535805e+10   0.4161
   25850.0 6.108182252e+10   0.1275
   25900.0 5.935678186e+10   0.3303
   25950.0 4.674879027e+10   0.8979
   26000.0 6.536563262e+10   0.7244
   26050.0 4.969988475e+10   1.5045
   26100.0 5.629478578e+10   1.3491
   26150.0 6.321907201e+10   1.4172
   26200.0 4.428638796e+10   2.3632
   26250.0 6.372617761e+10   1.5645
   26300.0 5.530777677e+10   1.9636
   26350.0 5.068841024e+10   2.2160
   26400.0 6.521929867e+10   1.6491
   26450.0 4.603494827e+10   2.3326
   26500.0 6.017674449e+10   1.7636
   26550.0 6.032193096e+10   1.3228
   26600.0  4.59147221e+10   2.0511
   26650.0 6.518515333e+10   0.9131
   26700.0 5.087297836e+10   1.1133
   26750.0  5.51239262e+10   0.7677
   26800.0 6.381248861e+10   0.3019
   26850.0 4.430237489e+10   0.2695
   26900.0 6.311921974e+10   0.2064
   26950.0 5.647306412e+10   0.4308
   27000.0 4.952208372e+10   0.9494
   27050.0 6.538521228e+10   0.7750
   27100.0 4.688997502e+10   1.7356
   27150.0 5.920101966e+10   1.3000
   27200.0 6.121555508e+10   1.5611
   27250.0 4.522981597e+10   2.3366
   27300.0 6.491117398e+10   1.5727
   27350.0 5.207720188e+10   2.1187
   27400.0 5.392439913e+10   2.0548
   27450.0 6.431731775e+10   1.6187
   27500.0 4.452284478e+10   2.4426
   27550.0 6.242650436e+10   1.6168
   27600.0 5.759598974e+10   1.3803
   27650.0 4.841275242e+10   1.8517
   27700.0 6.545698075e+10   0.8287
   27750.0  4.78653815e+10   1.1509
   27800.0 5.816095808e+10   0.5723
   27850.0 6.203257209e+10   0.2680
   27900.0 4.471631277e+10   0.0711
   27950.0 6.454460615e+10   0.2463
   28000.0 5.329260706e+10   0.6069
   28050.0  5.27102765e+10   0.9349
   28100.0 6.473165034e+10   0.8606
   28150.0   4.4939607e+10   1.9152
   28200.0 6.165111588e+10   1.2611
   28250.0 5.866666235e+10   1.7381
   28300.0 4.738483222e+10   2.1965
   28350.0 6.543437686e+10   1.6283
   28400.0 4.893543208e+10   2.2741
   28450.0 5.706413074e+10   1.9281
   28500.0 6.276879165e+10   1.6133
   28550.0 4.439208592e+10   2.4276
   28600.0 6.408672194e+10   1.4953
   28650.0 5.450163427e+10   1.4356
   28700.0 5.149788843e+10   1.6475
   28750.0 6.505400983e+10   0.7618
   28800.0 4.553774211e+10   1.1410
   28850.0 6.079683461e+10   0.4360
   28900.0 5.967677324e+10   0.2014
   28950.0 4.646387596e+10   0.1030
   29000.0 6.531747193e+10   0.3016
   29050.0 5.007500558e+10   0.8239
   29100.0 5.591957634e+10   0.9090
   29150.0 6.342078081e+10   1.0015
   29200.0 4.426898373e+10   1.9701
   29250.0 6.353919789e+10   1.2802
   29300.0 5.568905507e+10   1.8873
   29350.0  5.03059398e+10   2.0492
   29400.0 6.528330149e+10   1.6966
   29450.0 4.629706235e+10   2.4016
   29500.0 5.986825982e+10   1.8650
   29550.0 6.061937984e+10   1.6027
   29600.0  4.56754781e+10   2.3528
   29650.0 6.510663837e+10   1.3617
   29700.0 5.126050686e+10   1.5067
   29750.0 5.473802462e+10   1.4492
   29800.0 6.398575097e+10   0.6904
   29850.0 4.435162352e+10   1.1198
   29900.0 6.290417242e+10   0.3021
   29950.0 5.684181474e+10   0.1480
   30000.0 4.915549802e+10   0.2139
   30050.0 6.541877447e+10   0.3836
   30100.0 4.719387387e+10   1.0175
   30150.0 5.887095515e+10   0.9225
   30200.0 6.148870908e+10   1.1524
   30250.0 4.504381162e+10   1.9606
   30300.0 6.480256262e+10   1.3299
   30350.0 5.247041976e+10   2.0158
   30400.0 5.353212526e+10   1.9457
   30450.0 6.446146447e+10   1.7205
   30500.0 4.463689833e+10   2.5265
   30550.0 6.218431866e+10   1.8036
   30600.0 5.794882282e+10   1.6270
   30650.0  4.80697816e+10   2.2370
   30700.0 6.545999579e+10   1.2209
   30750.0 4.820273628e+10   1.6306
   30800.0 5.781161757e+10   1.2105
   30850.0  6.22799837e+10   0.6571
   30900.0 4.458989938e+10   1.0229
   30950.0 6.440626897e+10   0.1906
   31000.0 5.368556717e+10   0.1117
   31050.0  5.23166632e+10   0.3398
   31100.0 6.484615868e+10   0.4501
   31150.0 4.511431026e+10   1.2155
   31200.0 6.138293415e+10   0.9368
   31250.0 5.900072508e+10   1.3135
   31300.0 4.707367079e+10   1.9136
   31350.0 6.540683523e+10   1.3760
   31400.0 4.929798954e+10   2.1909
   31450.0 5.669826974e+10   1.8423
   31500.0 6.298927227e+10   1.7363
   31550.0 4.432982985e+10   2.5802
   31600.0 6.391915504e+10   1.7213
   31650.0 5.488915658e+10   1.7226
   31700.0  5.11087297e+10   2.0534
   31750.0 6.513848561e+10   1.1321
   31800.0 4.576705302e+10   1.7342
   31850.0 6.050404988e+10   0.9874
   31900.0 5.998967801e+10   0.6574
   31950.0 4.619287056e+10   0.8142
   32000.0 6.525946085e+10   0.1333
   32050.0 5.045492514e+10   0.0677
   32100.0 5.554047289e+10   0.4165
   32150.0 6.361336183e+10   0.5227
   32200.0 4.427321179e+10   1.3814
   32250.0 6.334303992e+10   0.9392
   32300.0 5.606668395e+10   1.5242
   32350.0 4.992780403e+10   1.7995
   32400.0 6.533746542e+10   1.4576
   32450.0  4.65736051e+10   2.3630
   32500.0 5.955256032e+10   1.7584
   32550.0 6.090913819e+10   1.7782
   32600.0 4.545269115e+10   2.4988
   32650.0 6.501834481e+10   1.6519
   32700.0 5.165057628e+10   1.8364
   32750.0 5.434955356e+10   1.8703
   32800.0 6.414965152e+10   1.0806
   32850.0 4.442217601e+10   1.7579
   32900.0 6.268022643e+10   0.8216
   32950.0 5.720575496e+10   0.6425
   33000.0 4.879568509e+10   0.6013
   33050.0  6.54424525e+10   0.0793
   33100.0 4.750952203e+10   0.1924
   33150.0 5.853437644e+10   0.4579
   33200.0 6.175367285e+10   0.6435
   33250.0 4.487648272e+10   1.4312
   33300.0 6.468427978e+10   0.9772
   33350.0 5.286416765e+10   1.7315
   33400.0 5.313883065e+10   1.6869
   33450.0 6.459606504e+10   1.5721
   33500.0 4.477114635e+10   2.4680
   33550.0 6.193357916e+10   1.7321
   33600.0 5.829586653e+10   1.8194
   33650.0 4.773619861e+10   2.3669
   33700.0 6.545311304e+10   1.5684
   33750.0 4.854914086e+10   1.9587
   33800.0 5.745660233e+10   1.7079
   33850.0  6.25187939e+10   1.0353
   33900.0 4.448386067e+10   1.7289
   33950.0 6.425840647e+10   0.6722
   34000.0  5.40772975e+10   0.6339
   34050.0 5.192382041e+10   0.4039
   34100.0 6.495097991e+10   0.0711
   34150.0 4.530743313e+10   0.3378
   34200.0 6.110662024e+10   0.5157
   34250.0 5.932817774e+10   0.7838
   34300.0 4.677460181e+10   1.4259
   34350.0  6.53694134e+10   1.0442
   34400.0 4.966700011e+10   1.9068
   34450.0 5.632773467e+10   1.6217
   34500.0 6.320081543e+10   1.6644
   34550.0 4.428896394e+10   2.5234
   34600.0 6.374225304e+10   1.7220
   34650.0 5.527392987e+10   1.8895
   34700.0 5.072238424e+10   2.2328
   34750.0 6.521317181e+10   1.4632
   34800.0 4.601251281e+10   2.1150
   34850.0 6.020364493e+10   1.5108
   34900.0 6.029528816e+10   1.0313
   34950.0 4.593662363e+10   1.6145
   35000.0 6.519161895e+10   0.5444
   35050.0 5.083888642e+10   0.6530
   35100.0 5.515788111e+10   0.2054
   35150.0 6.379673338e+10   0.1185
   35200.0 4.429905525e+10   0.5116
   35250.0 6.313778769e+10   0.5681
   35300.0 5.644026607e+10   0.9358
   35350.0 4.955476924e+10   1.4110
   35400.0 6.538177226e+10   1.1051
   35450.0 4.686372032e+10   2.1043
   35500.0 5.922985896e+10   1.5611
   35550.0 6.119103362e+10   1.7477
   35600.0 4.524712495e+10   2.4988
   35650.0 6.492030331e+10   1.6971
   35700.0 5.204250789e+10   2.0368
   35750.0 5.395898896e+10   2.0656
   35800.0 6.430412548e+10   1.4009
   35850.0 4.451375448e+10   2.2229
   35900.0 6.244748576e+10   1.3049
   35950.0 5.756454905e+10   1.0806
   36000.0 4.844347574e+10   1.3815
   36050.0 6.545623854e+10   0.4780
   36100.0 4.783604084e+10   0.6262
   36150.0 5.819153914e+10   0.0772
   36200.0 6.201030425e+10   0.1466
   36250.0 4.472844511e+10   0.6994
   36300.0 6.455636829e+10   0.5897
   36350.0 5.325784854e+10   1.1603
   36400.0  5.27450681e+10   1.3441
   36450.0 6.472106934e+10   1.1978
   36500.0  4.49250796e+10   2.2708
